<?xml version="1.0" encoding="UTF-8"?>
<robot generator="Robot 7.3.2 (Python 3.14.0 on win32)" generated="2025-12-11T23:58:36.603042" rpa="false" schemaversion="5">
<suite id="s1" name="Tests" source="D:\My docs\Projects\JetRuby.01\Tests">
<suite id="s1-s1" name="Header" source="D:\My docs\Projects\JetRuby.01\Tests\Header.robot">
<kw name="Open Browser To Homepage" owner="Common" type="SETUP">
<kw name="Open Browser" owner="SeleniumLibrary">
<msg time="2025-12-11T23:58:36.841211" level="INFO">Opening browser 'chrome' to base url 'https://jetruby.com/'.</msg>
<arg>${HOMEPAGE_URL}</arg>
<arg>${BROWSER}</arg>
<doc>Opens a new browser instance to the optional ``url``.</doc>
<status status="PASS" start="2025-12-11T23:58:36.840979" elapsed="2.776742"/>
</kw>
<kw name="Maximize Browser Window" owner="SeleniumLibrary">
<doc>Maximizes current browser window.</doc>
<status status="PASS" start="2025-12-11T23:58:39.617933" elapsed="0.300610"/>
</kw>
<kw name="Set Selenium Timeout" owner="SeleniumLibrary">
<arg>${TIMEOUT}</arg>
<doc>Sets the timeout that is used by various keywords.</doc>
<status status="PASS" start="2025-12-11T23:58:39.919190" elapsed="0.003345"/>
</kw>
<status status="PASS" start="2025-12-11T23:58:36.840429" elapsed="3.082420"/>
</kw>
<test id="s1-s1-t1" name="Header Element Is Present In The DOM" line="13">
<kw name="Given I am on the homepage" owner="Common">
<kw name="Go To" owner="SeleniumLibrary">
<msg time="2025-12-11T23:58:39.925639" level="INFO">Opening url 'https://jetruby.com/'</msg>
<arg>${HOMEPAGE_URL}</arg>
<doc>Navigates the current browser window to the provided ``url``.</doc>
<status status="PASS" start="2025-12-11T23:58:39.925284" elapsed="0.805969"/>
</kw>
<status status="PASS" start="2025-12-11T23:58:39.924351" elapsed="0.807112"/>
</kw>
<kw name="When the page source is checked" owner="HeaderKeywords">
<kw name="Check if header element exists in DOM" owner="HeaderFunctions">
<kw name="Page Should Contain Element" owner="SeleniumLibrary">
<msg time="2025-12-11T23:58:40.777290" level="INFO">Current page contains element 'css:.elementor-element-a7a1c7e'.</msg>
<arg>${HEADER_ELEMENT}</arg>
<doc>Verifies that element ``locator`` is found on the current page.</doc>
<status status="PASS" start="2025-12-11T23:58:40.733935" elapsed="0.043557"/>
</kw>
<status status="PASS" start="2025-12-11T23:58:40.733349" elapsed="0.044300"/>
</kw>
<status status="PASS" start="2025-12-11T23:58:40.732283" elapsed="0.045559"/>
</kw>
<kw name="Then the &lt;header&gt; element should exist in the page source" owner="HeaderKeywords">
<kw name="Check if header element exists in DOM" owner="HeaderFunctions">
<kw name="Page Should Contain Element" owner="SeleniumLibrary">
<msg time="2025-12-11T23:58:40.791022" level="INFO">Current page contains element 'css:.elementor-element-a7a1c7e'.</msg>
<arg>${HEADER_ELEMENT}</arg>
<doc>Verifies that element ``locator`` is found on the current page.</doc>
<status status="PASS" start="2025-12-11T23:58:40.779717" elapsed="0.011387"/>
</kw>
<status status="PASS" start="2025-12-11T23:58:40.779076" elapsed="0.012104"/>
</kw>
<status status="PASS" start="2025-12-11T23:58:40.778573" elapsed="0.012644"/>
</kw>
<tag>visibility</tag>
<status status="PASS" start="2025-12-11T23:58:39.923070" elapsed="0.868490"/>
</test>
<test id="s1-s1-t2" name="Header Is Visible On Page Load" line="19">
<kw name="Given the page is opened" owner="Common">
<kw name="Go To" owner="SeleniumLibrary">
<msg time="2025-12-11T23:58:40.793886" level="INFO">Opening url 'https://jetruby.com/'</msg>
<arg>${HOMEPAGE_URL}</arg>
<doc>Navigates the current browser window to the provided ``url``.</doc>
<status status="PASS" start="2025-12-11T23:58:40.793648" elapsed="0.638450"/>
</kw>
<status status="PASS" start="2025-12-11T23:58:40.793229" elapsed="0.639073"/>
</kw>
<kw name="When the page is checked for the header" owner="HeaderKeywords">
<kw name="Look for header on page" owner="HeaderFunctions">
<kw name="Page Should Contain Element" owner="SeleniumLibrary">
<msg time="2025-12-11T23:58:41.443926" level="INFO">Current page contains element 'css:.elementor-element-a7a1c7e'.</msg>
<arg>${HEADER_ELEMENT}</arg>
<doc>Verifies that element ``locator`` is found on the current page.</doc>
<status status="PASS" start="2025-12-11T23:58:41.433379" elapsed="0.010757"/>
</kw>
<status status="PASS" start="2025-12-11T23:58:41.433150" elapsed="0.011159"/>
</kw>
<status status="PASS" start="2025-12-11T23:58:41.432845" elapsed="0.011507"/>
</kw>
<kw name="Then the main header should be visible" owner="HeaderKeywords">
<kw name="Verify header visibility" owner="HeaderFunctions">
<kw name="Element Should Be Visible" owner="SeleniumLibrary">
<msg time="2025-12-11T23:58:41.468915" level="INFO">Element 'css:.elementor-element-a7a1c7e' is displayed.</msg>
<arg>${HEADER_ELEMENT}</arg>
<doc>Verifies that the element identified by ``locator`` is visible.</doc>
<status status="PASS" start="2025-12-11T23:58:41.445507" elapsed="0.023560"/>
</kw>
<status status="PASS" start="2025-12-11T23:58:41.445284" elapsed="0.023897"/>
</kw>
<status status="PASS" start="2025-12-11T23:58:41.444754" elapsed="0.024472"/>
</kw>
<tag>visibility</tag>
<status status="PASS" start="2025-12-11T23:58:40.792502" elapsed="0.676972"/>
</test>
<test id="s1-s1-t3" name="Logo Is Present In The Header" line="25">
<kw name="Given I am on the homepage" owner="Common">
<kw name="Go To" owner="SeleniumLibrary">
<msg time="2025-12-11T23:58:41.471370" level="INFO">Opening url 'https://jetruby.com/'</msg>
<arg>${HOMEPAGE_URL}</arg>
<doc>Navigates the current browser window to the provided ``url``.</doc>
<status status="PASS" start="2025-12-11T23:58:41.471179" elapsed="0.536419"/>
</kw>
<status status="PASS" start="2025-12-11T23:58:41.470820" elapsed="0.536971"/>
</kw>
<kw name="When the header content is checked" owner="HeaderKeywords">
<kw name="Examine header content" owner="HeaderFunctions">
<kw name="Page Should Contain Element" owner="SeleniumLibrary">
<msg time="2025-12-11T23:58:42.019784" level="INFO">Current page contains element 'css:.elementor-element-a7a1c7e'.</msg>
<arg>${HEADER_ELEMENT}</arg>
<doc>Verifies that element ``locator`` is found on the current page.</doc>
<status status="PASS" start="2025-12-11T23:58:42.008898" elapsed="0.011040"/>
</kw>
<status status="PASS" start="2025-12-11T23:58:42.008714" elapsed="0.011357"/>
</kw>
<status status="PASS" start="2025-12-11T23:58:42.008432" elapsed="0.011723"/>
</kw>
<kw name="Then the logo image should be present" owner="HeaderKeywords">
<kw name="Check if logo is present" owner="HeaderFunctions">
<kw name="Page Should Contain Element" owner="SeleniumLibrary">
<msg time="2025-12-11T23:58:42.036462" level="INFO">Current page contains element 'css:.elementor-icon'.</msg>
<arg>${HEADER_LOGO}</arg>
<doc>Verifies that element ``locator`` is found on the current page.</doc>
<status status="PASS" start="2025-12-11T23:58:42.021329" elapsed="0.015269"/>
</kw>
<status status="PASS" start="2025-12-11T23:58:42.021007" elapsed="0.015729"/>
</kw>
<status status="PASS" start="2025-12-11T23:58:42.020585" elapsed="0.016234"/>
</kw>
<tag>logo</tag>
<status status="PASS" start="2025-12-11T23:58:41.470146" elapsed="0.566989"/>
</test>
<test id="s1-s1-t4" name="Logo Is Clickable And Links To Homepage" line="31">
<kw name="Given I am on the homepage" owner="Common">
<kw name="Go To" owner="SeleniumLibrary">
<msg time="2025-12-11T23:58:42.039155" level="INFO">Opening url 'https://jetruby.com/'</msg>
<arg>${HOMEPAGE_URL}</arg>
<doc>Navigates the current browser window to the provided ``url``.</doc>
<status status="PASS" start="2025-12-11T23:58:42.039030" elapsed="0.532751"/>
</kw>
<status status="PASS" start="2025-12-11T23:58:42.038766" elapsed="0.533148"/>
</kw>
<kw name="When I click the logo" owner="HeaderKeywords">
<kw name="Click on the logo image" owner="HeaderFunctions">
<kw name="Click Element" owner="SeleniumLibrary">
<msg time="2025-12-11T23:58:42.573454" level="INFO">Clicking element 'css:.elementor-icon'.</msg>
<arg>${HEADER_LOGO}</arg>
<doc>Click the element identified by ``locator``.</doc>
<status status="PASS" start="2025-12-11T23:58:42.573233" elapsed="0.097307"/>
</kw>
<status status="PASS" start="2025-12-11T23:58:42.572792" elapsed="0.097871"/>
</kw>
<status status="PASS" start="2025-12-11T23:58:42.572422" elapsed="0.098281"/>
</kw>
<kw name="Then I should be navigated to the homepage" owner="HeaderKeywords">
<kw name="Verify current page is homepage" owner="HeaderFunctions">
<kw name="Location Should Be" owner="SeleniumLibrary">
<msg time="2025-12-11T23:58:42.685074" level="INFO">Current location is 'https://jetruby.com/'.</msg>
<arg>${HOMEPAGE_URL}</arg>
<doc>Verifies that the current URL is exactly ``url``.</doc>
<status status="PASS" start="2025-12-11T23:58:42.671939" elapsed="0.013226"/>
</kw>
<status status="PASS" start="2025-12-11T23:58:42.671522" elapsed="0.013721"/>
</kw>
<status status="PASS" start="2025-12-11T23:58:42.671124" elapsed="0.014187"/>
</kw>
<tag>logo</tag>
<status status="PASS" start="2025-12-11T23:58:42.037938" elapsed="0.647573"/>
</test>
<test id="s1-s1-t5" name="All Expected Navigation Items Are Present" line="44">
<kw name="Given I am on the homepage" owner="Common">
<kw name="Go To" owner="SeleniumLibrary">
<msg time="2025-12-11T23:58:42.686652" level="INFO">Opening url 'https://jetruby.com/'</msg>
<arg>${HOMEPAGE_URL}</arg>
<doc>Navigates the current browser window to the provided ``url``.</doc>
<status status="PASS" start="2025-12-11T23:58:42.686529" elapsed="0.697883"/>
</kw>
<status status="PASS" start="2025-12-11T23:58:42.686274" elapsed="0.698461"/>
</kw>
<kw name="When the navigation section is checked" owner="HeaderKeywords">
<kw name="Examine navigation section" owner="HeaderFunctions">
<kw name="Page Should Contain Element" owner="SeleniumLibrary">
<msg time="2025-12-11T23:58:43.400630" level="INFO">Current page contains element 'css:.header-nav'.</msg>
<arg>${NAVIGATION_MENU}</arg>
<doc>Verifies that element ``locator`` is found on the current page.</doc>
<status status="PASS" start="2025-12-11T23:58:43.385614" elapsed="0.015110"/>
</kw>
<status status="PASS" start="2025-12-11T23:58:43.385431" elapsed="0.015367"/>
</kw>
<status status="PASS" start="2025-12-11T23:58:43.385088" elapsed="0.015743"/>
</kw>
<kw name="Then the following navigation links should be present" owner="HeaderKeywords">
<kw name="Verify navigation links presence" owner="HeaderFunctions">
<kw name="Get WebElements" owner="SeleniumLibrary">
<msg time="2025-12-11T23:58:43.414422" level="INFO">@{actual_links} = [ &lt;selenium.webdriver.remote.webelement.WebElement (session="697f0cec3e26383b454009dfedfb7545", element="f.3A98832DFE95F0AA0C25EF3CFA64C9B6.d.B7C17359759CD975278C0818DC852431.e.405")&gt; | &lt;selenium.webd...</msg>
<var>@{actual_links}</var>
<arg>${NAVIGATION_LINKS}</arg>
<doc>Returns a list of WebElement objects matching the ``locator``.</doc>
<status status="PASS" start="2025-12-11T23:58:43.402216" elapsed="0.012289"/>
</kw>
<kw name="Create List" owner="BuiltIn">
<msg time="2025-12-11T23:58:43.415035" level="INFO">${actual_link_texts} = []</msg>
<var>${actual_link_texts}</var>
<doc>Returns a list containing given items.</doc>
<status status="PASS" start="2025-12-11T23:58:43.414787" elapsed="0.000290"/>
</kw>
<for flavor="IN">
<iter>
<kw name="Get Text" owner="SeleniumLibrary">
<msg time="2025-12-11T23:58:43.435814" level="INFO">${text} = Technologies</msg>
<var>${text}</var>
<arg>${link}</arg>
<doc>Returns the text value of the element identified by ``locator``.</doc>
<status status="PASS" start="2025-12-11T23:58:43.415686" elapsed="0.020200"/>
</kw>
<kw name="Append To List" owner="Collections">
<arg>${actual_link_texts}</arg>
<arg>${text}</arg>
<doc>Adds ``values`` to the end of ``list``.</doc>
<status status="PASS" start="2025-12-11T23:58:43.436142" elapsed="0.000261"/>
</kw>
<var name="${link}">&lt;selenium.webdriver.remote.webelement.WebElement (session="697f0cec3e26383b454009dfedfb7545", element="f.3A98832DFE95F0AA0C25EF3CFA64C9B6.d.B7C17359759CD975278C0818DC852431.e.405")&gt;</var>
<status status="PASS" start="2025-12-11T23:58:43.415511" elapsed="0.020961"/>
</iter>
<iter>
<kw name="Get Text" owner="SeleniumLibrary">
<msg time="2025-12-11T23:58:43.449119" level="INFO">${text} = Services</msg>
<var>${text}</var>
<arg>${link}</arg>
<doc>Returns the text value of the element identified by ``locator``.</doc>
<status status="PASS" start="2025-12-11T23:58:43.436803" elapsed="0.012398"/>
</kw>
<kw name="Append To List" owner="Collections">
<arg>${actual_link_texts}</arg>
<arg>${text}</arg>
<doc>Adds ``values`` to the end of ``list``.</doc>
<status status="PASS" start="2025-12-11T23:58:43.449462" elapsed="0.000282"/>
</kw>
<var name="${link}">&lt;selenium.webdriver.remote.webelement.WebElement (session="697f0cec3e26383b454009dfedfb7545", element="f.3A98832DFE95F0AA0C25EF3CFA64C9B6.d.B7C17359759CD975278C0818DC852431.e.406")&gt;</var>
<status status="PASS" start="2025-12-11T23:58:43.436655" elapsed="0.013173"/>
</iter>
<iter>
<kw name="Get Text" owner="SeleniumLibrary">
<msg time="2025-12-11T23:58:43.463729" level="INFO">${text} = Solutions</msg>
<var>${text}</var>
<arg>${link}</arg>
<doc>Returns the text value of the element identified by ``locator``.</doc>
<status status="PASS" start="2025-12-11T23:58:43.450170" elapsed="0.013644"/>
</kw>
<kw name="Append To List" owner="Collections">
<arg>${actual_link_texts}</arg>
<arg>${text}</arg>
<doc>Adds ``values`` to the end of ``list``.</doc>
<status status="PASS" start="2025-12-11T23:58:43.464073" elapsed="0.000298"/>
</kw>
<var name="${link}">&lt;selenium.webdriver.remote.webelement.WebElement (session="697f0cec3e26383b454009dfedfb7545", element="f.3A98832DFE95F0AA0C25EF3CFA64C9B6.d.B7C17359759CD975278C0818DC852431.e.407")&gt;</var>
<status status="PASS" start="2025-12-11T23:58:43.450017" elapsed="0.014436"/>
</iter>
<iter>
<kw name="Get Text" owner="SeleniumLibrary">
<msg time="2025-12-11T23:58:43.477765" level="INFO">${text} = Industries</msg>
<var>${text}</var>
<arg>${link}</arg>
<doc>Returns the text value of the element identified by ``locator``.</doc>
<status status="PASS" start="2025-12-11T23:58:43.464816" elapsed="0.013016"/>
</kw>
<kw name="Append To List" owner="Collections">
<arg>${actual_link_texts}</arg>
<arg>${text}</arg>
<doc>Adds ``values`` to the end of ``list``.</doc>
<status status="PASS" start="2025-12-11T23:58:43.478102" elapsed="0.000267"/>
</kw>
<var name="${link}">&lt;selenium.webdriver.remote.webelement.WebElement (session="697f0cec3e26383b454009dfedfb7545", element="f.3A98832DFE95F0AA0C25EF3CFA64C9B6.d.B7C17359759CD975278C0818DC852431.e.408")&gt;</var>
<status status="PASS" start="2025-12-11T23:58:43.464640" elapsed="0.013821"/>
</iter>
<iter>
<kw name="Get Text" owner="SeleniumLibrary">
<msg time="2025-12-11T23:58:43.490930" level="INFO">${text} = Portfolio</msg>
<var>${text}</var>
<arg>${link}</arg>
<doc>Returns the text value of the element identified by ``locator``.</doc>
<status status="PASS" start="2025-12-11T23:58:43.478786" elapsed="0.012211"/>
</kw>
<kw name="Append To List" owner="Collections">
<arg>${actual_link_texts}</arg>
<arg>${text}</arg>
<doc>Adds ``values`` to the end of ``list``.</doc>
<status status="PASS" start="2025-12-11T23:58:43.491260" elapsed="0.000292"/>
</kw>
<var name="${link}">&lt;selenium.webdriver.remote.webelement.WebElement (session="697f0cec3e26383b454009dfedfb7545", element="f.3A98832DFE95F0AA0C25EF3CFA64C9B6.d.B7C17359759CD975278C0818DC852431.e.409")&gt;</var>
<status status="PASS" start="2025-12-11T23:58:43.478636" elapsed="0.012987"/>
</iter>
<iter>
<kw name="Get Text" owner="SeleniumLibrary">
<msg time="2025-12-11T23:58:43.522837" level="INFO">${text} = Blog</msg>
<var>${text}</var>
<arg>${link}</arg>
<doc>Returns the text value of the element identified by ``locator``.</doc>
<status status="PASS" start="2025-12-11T23:58:43.491998" elapsed="0.031004"/>
</kw>
<kw name="Append To List" owner="Collections">
<arg>${actual_link_texts}</arg>
<arg>${text}</arg>
<doc>Adds ``values`` to the end of ``list``.</doc>
<status status="PASS" start="2025-12-11T23:58:43.523654" elapsed="0.000760"/>
</kw>
<var name="${link}">&lt;selenium.webdriver.remote.webelement.WebElement (session="697f0cec3e26383b454009dfedfb7545", element="f.3A98832DFE95F0AA0C25EF3CFA64C9B6.d.B7C17359759CD975278C0818DC852431.e.410")&gt;</var>
<status status="PASS" start="2025-12-11T23:58:43.491833" elapsed="0.032725"/>
</iter>
<iter>
<kw name="Get Text" owner="SeleniumLibrary">
<msg time="2025-12-11T23:58:43.536514" level="INFO">${text} = News</msg>
<var>${text}</var>
<arg>${link}</arg>
<doc>Returns the text value of the element identified by ``locator``.</doc>
<status status="PASS" start="2025-12-11T23:58:43.525165" elapsed="0.011428"/>
</kw>
<kw name="Append To List" owner="Collections">
<arg>${actual_link_texts}</arg>
<arg>${text}</arg>
<doc>Adds ``values`` to the end of ``list``.</doc>
<status status="PASS" start="2025-12-11T23:58:43.536848" elapsed="0.000174"/>
</kw>
<var name="${link}">&lt;selenium.webdriver.remote.webelement.WebElement (session="697f0cec3e26383b454009dfedfb7545", element="f.3A98832DFE95F0AA0C25EF3CFA64C9B6.d.B7C17359759CD975278C0818DC852431.e.411")&gt;</var>
<status status="PASS" start="2025-12-11T23:58:43.524948" elapsed="0.012125"/>
</iter>
<iter>
<kw name="Get Text" owner="SeleniumLibrary">
<msg time="2025-12-11T23:58:43.549028" level="INFO">${text} = Company</msg>
<var>${text}</var>
<arg>${link}</arg>
<doc>Returns the text value of the element identified by ``locator``.</doc>
<status status="PASS" start="2025-12-11T23:58:43.537389" elapsed="0.011719"/>
</kw>
<kw name="Append To List" owner="Collections">
<arg>${actual_link_texts}</arg>
<arg>${text}</arg>
<doc>Adds ``values`` to the end of ``list``.</doc>
<status status="PASS" start="2025-12-11T23:58:43.549374" elapsed="0.000267"/>
</kw>
<var name="${link}">&lt;selenium.webdriver.remote.webelement.WebElement (session="697f0cec3e26383b454009dfedfb7545", element="f.3A98832DFE95F0AA0C25EF3CFA64C9B6.d.B7C17359759CD975278C0818DC852431.e.412")&gt;</var>
<status status="PASS" start="2025-12-11T23:58:43.537208" elapsed="0.012520"/>
</iter>
<var>${link}</var>
<value>@{actual_links}</value>
<status status="PASS" start="2025-12-11T23:58:43.415205" elapsed="0.134599"/>
</for>
<for flavor="IN">
<iter>
<kw name="List Should Contain Value" owner="Collections">
<arg>${actual_link_texts}</arg>
<arg>${expected_link}</arg>
<doc>Fails if the ``value`` is not found from ``list``.</doc>
<status status="PASS" start="2025-12-11T23:58:43.550305" elapsed="0.000283"/>
</kw>
<var name="${expected_link}">Technologies</var>
<status status="PASS" start="2025-12-11T23:58:43.550160" elapsed="0.000542"/>
</iter>
<iter>
<kw name="List Should Contain Value" owner="Collections">
<arg>${actual_link_texts}</arg>
<arg>${expected_link}</arg>
<doc>Fails if the ``value`` is not found from ``list``.</doc>
<status status="PASS" start="2025-12-11T23:58:43.550894" elapsed="0.000148"/>
</kw>
<var name="${expected_link}">Services</var>
<status status="PASS" start="2025-12-11T23:58:43.550803" elapsed="0.000291"/>
</iter>
<iter>
<kw name="List Should Contain Value" owner="Collections">
<arg>${actual_link_texts}</arg>
<arg>${expected_link}</arg>
<doc>Fails if the ``value`` is not found from ``list``.</doc>
<status status="PASS" start="2025-12-11T23:58:43.551270" elapsed="0.000135"/>
</kw>
<var name="${expected_link}">Solutions</var>
<status status="PASS" start="2025-12-11T23:58:43.551177" elapsed="0.000279"/>
</iter>
<iter>
<kw name="List Should Contain Value" owner="Collections">
<arg>${actual_link_texts}</arg>
<arg>${expected_link}</arg>
<doc>Fails if the ``value`` is not found from ``list``.</doc>
<status status="PASS" start="2025-12-11T23:58:43.551626" elapsed="0.000158"/>
</kw>
<var name="${expected_link}">Industries</var>
<status status="PASS" start="2025-12-11T23:58:43.551544" elapsed="0.000284"/>
</iter>
<iter>
<kw name="List Should Contain Value" owner="Collections">
<arg>${actual_link_texts}</arg>
<arg>${expected_link}</arg>
<doc>Fails if the ``value`` is not found from ``list``.</doc>
<status status="PASS" start="2025-12-11T23:58:43.551980" elapsed="0.000132"/>
</kw>
<var name="${expected_link}">Portfolio</var>
<status status="PASS" start="2025-12-11T23:58:43.551909" elapsed="0.000248"/>
</iter>
<iter>
<kw name="List Should Contain Value" owner="Collections">
<arg>${actual_link_texts}</arg>
<arg>${expected_link}</arg>
<doc>Fails if the ``value`` is not found from ``list``.</doc>
<status status="PASS" start="2025-12-11T23:58:43.552289" elapsed="0.000275"/>
</kw>
<var name="${expected_link}">Blog</var>
<status status="PASS" start="2025-12-11T23:58:43.552223" elapsed="0.000455"/>
</iter>
<iter>
<kw name="List Should Contain Value" owner="Collections">
<arg>${actual_link_texts}</arg>
<arg>${expected_link}</arg>
<doc>Fails if the ``value`` is not found from ``list``.</doc>
<status status="PASS" start="2025-12-11T23:58:43.553081" elapsed="0.000268"/>
</kw>
<var name="${expected_link}">News</var>
<status status="PASS" start="2025-12-11T23:58:43.552898" elapsed="0.000533"/>
</iter>
<iter>
<kw name="List Should Contain Value" owner="Collections">
<arg>${actual_link_texts}</arg>
<arg>${expected_link}</arg>
<doc>Fails if the ``value`` is not found from ``list``.</doc>
<status status="PASS" start="2025-12-11T23:58:43.553706" elapsed="0.000248"/>
</kw>
<var name="${expected_link}">Company</var>
<status status="PASS" start="2025-12-11T23:58:43.553570" elapsed="0.000464"/>
</iter>
<var>${expected_link}</var>
<value>@{NAVIGATION_ITEMS}</value>
<status status="PASS" start="2025-12-11T23:58:43.549941" elapsed="0.004155"/>
</for>
<status status="PASS" start="2025-12-11T23:58:43.401947" elapsed="0.152295"/>
</kw>
<arg>Technologies</arg>
<arg>Services</arg>
<arg>Solutions</arg>
<arg>Industries</arg>
<arg>Portfolio</arg>
<arg>Blog</arg>
<arg>News</arg>
<arg>Company</arg>
<status status="PASS" start="2025-12-11T23:58:43.401330" elapsed="0.153001"/>
</kw>
<tag>navigation</tag>
<status status="PASS" start="2025-12-11T23:58:42.685883" elapsed="0.868870"/>
</test>
<test id="s1-s1-t6" name="Navigation Links Are Visible On Desktop Viewport" line="93">
<kw name="Given the viewport width is" owner="HeaderKeywords">
<kw name="Set browser viewport width" owner="HeaderFunctions">
<kw name="Set Window Size" owner="SeleniumLibrary">
<arg>${width}</arg>
<arg>800</arg>
<doc>Sets current windows size to given ``width`` and ``height``.</doc>
<status status="PASS" start="2025-12-11T23:58:43.556845" elapsed="0.126406"/>
</kw>
<arg>${width}</arg>
<status status="PASS" start="2025-12-11T23:58:43.556468" elapsed="0.127102"/>
</kw>
<arg>${DESKTOP_WIDTH}</arg>
<status status="PASS" start="2025-12-11T23:58:43.556003" elapsed="0.127685"/>
</kw>
<kw name="When the navigation items are displayed" owner="HeaderKeywords">
<kw name="Verify navigation items visibility" owner="HeaderFunctions">
<kw name="Get WebElements" owner="SeleniumLibrary">
<msg time="2025-12-11T23:58:43.838251" level="INFO">@{links} = [ &lt;selenium.webdriver.remote.webelement.WebElement (session="697f0cec3e26383b454009dfedfb7545", element="f.3A98832DFE95F0AA0C25EF3CFA64C9B6.d.B7C17359759CD975278C0818DC852431.e.405")&gt; | &lt;selenium.webd...</msg>
<var>@{links}</var>
<arg>${NAVIGATION_LINKS}</arg>
<doc>Returns a list of WebElement objects matching the ``locator``.</doc>
<status status="PASS" start="2025-12-11T23:58:43.685055" elapsed="0.153244"/>
</kw>
<kw name="Get Length" owner="BuiltIn">
<msg time="2025-12-11T23:58:43.838583" level="INFO">Length is 8.</msg>
<msg time="2025-12-11T23:58:43.838635" level="INFO">${count} = 8</msg>
<var>${count}</var>
<arg>${links}</arg>
<doc>Returns and logs the length of the given item as an integer.</doc>
<status status="PASS" start="2025-12-11T23:58:43.838461" elapsed="0.000192"/>
</kw>
<kw name="Log" owner="BuiltIn">
<msg time="2025-12-11T23:58:43.838923" level="INFO">Found 8 navigation items</msg>
<arg>Found ${count} navigation items</arg>
<doc>Logs the given message with the given level.</doc>
<status status="PASS" start="2025-12-11T23:58:43.838782" elapsed="0.000182"/>
</kw>
<kw name="Should Be Equal As Numbers" owner="BuiltIn">
<msg time="2025-12-11T23:58:43.839254" level="INFO">Argument types are:
&lt;class 'int'&gt;
&lt;class 'str'&gt;</msg>
<arg>${count}</arg>
<arg>8</arg>
<arg>Expected 8 navigation items but found ${count}</arg>
<doc>Fails if objects are unequal after converting them to real numbers.</doc>
<status status="PASS" start="2025-12-11T23:58:43.839099" elapsed="0.000207"/>
</kw>
<for flavor="IN RANGE">
<iter>
<kw name="Get From List" owner="Collections">
<msg time="2025-12-11T23:58:43.839728" level="INFO">${link} = &lt;selenium.webdriver.remote.webelement.WebElement (session="697f0cec3e26383b454009dfedfb7545", element="f.3A98832DFE95F0AA0C25EF3CFA64C9B6.d.B7C17359759CD975278C0818DC852431.e.405")&gt;</msg>
<var>${link}</var>
<arg>${links}</arg>
<arg>${index}</arg>
<doc>Returns the value specified with an ``index`` from ``list``.</doc>
<status status="PASS" start="2025-12-11T23:58:43.839565" elapsed="0.000195"/>
</kw>
<kw name="Get Text" owner="SeleniumLibrary">
<msg time="2025-12-11T23:58:43.861591" level="INFO">${text} = Technologies
Technologies
While Ruby on Rails is our primary focus, we use various complementary languages and frameworks to ensure your project's complex delivery
TECHNOLOGIES
Ruby on Rails
Node JS
K...</msg>
<var>${text}</var>
<arg>${link}</arg>
<doc>Returns the text value of the element identified by ``locator``.</doc>
<status status="PASS" start="2025-12-11T23:58:43.839885" elapsed="0.021788"/>
</kw>
<kw name="Log" owner="BuiltIn">
<msg time="2025-12-11T23:58:43.862342" level="INFO">Checking visibility of navigation item "Technologies
Technologies
While Ruby on Rails is our primary focus, we use various complementary languages and frameworks to ensure your project's complex delivery
TECHNOLOGIES
Ruby on Rails
Node JS
Kotlin
Spree Commerce
AWS
Swift
React JS
Kubernetes
React Native" (index 0)</msg>
<arg>Checking visibility of navigation item "${text}" (index ${index})</arg>
<doc>Logs the given message with the given level.</doc>
<status status="PASS" start="2025-12-11T23:58:43.862019" elapsed="0.000389"/>
</kw>
<kw name="Run Keyword And Continue On Failure" owner="BuiltIn">
<kw name="Element Should Be Visible" owner="SeleniumLibrary">
<msg time="2025-12-11T23:58:43.873159" level="INFO">Element '&lt;selenium.webdriver.remote.webelement.WebElement (session="697f0cec3e26383b454009dfedfb7545", element="f.3A98832DFE95F0AA0C25EF3CFA64C9B6.d.B7C17359759CD975278C0818DC852431.e.405")&gt;' is displayed.</msg>
<arg>${link}</arg>
<doc>Verifies that the element identified by ``locator`` is visible.</doc>
<status status="PASS" start="2025-12-11T23:58:43.862736" elapsed="0.010571"/>
</kw>
<arg>Element Should Be Visible</arg>
<arg>${link}</arg>
<doc>Runs the keyword and continues execution even if a failure occurs.</doc>
<status status="PASS" start="2025-12-11T23:58:43.862564" elapsed="0.010879"/>
</kw>
<var name="${index}">0</var>
<status status="PASS" start="2025-12-11T23:58:43.839491" elapsed="0.034031"/>
</iter>
<iter>
<kw name="Get From List" owner="Collections">
<msg time="2025-12-11T23:58:43.874364" level="INFO">${link} = &lt;selenium.webdriver.remote.webelement.WebElement (session="697f0cec3e26383b454009dfedfb7545", element="f.3A98832DFE95F0AA0C25EF3CFA64C9B6.d.B7C17359759CD975278C0818DC852431.e.406")&gt;</msg>
<var>${link}</var>
<arg>${links}</arg>
<arg>${index}</arg>
<doc>Returns the value specified with an ``index`` from ``list``.</doc>
<status status="PASS" start="2025-12-11T23:58:43.873995" elapsed="0.000432"/>
</kw>
<kw name="Get Text" owner="SeleniumLibrary">
<msg time="2025-12-11T23:58:43.889286" level="INFO">${text} = Services</msg>
<var>${text}</var>
<arg>${link}</arg>
<doc>Returns the text value of the element identified by ``locator``.</doc>
<status status="PASS" start="2025-12-11T23:58:43.874616" elapsed="0.014733"/>
</kw>
<kw name="Log" owner="BuiltIn">
<msg time="2025-12-11T23:58:43.889780" level="INFO">Checking visibility of navigation item "Services" (index 1)</msg>
<arg>Checking visibility of navigation item "${text}" (index ${index})</arg>
<doc>Logs the given message with the given level.</doc>
<status status="PASS" start="2025-12-11T23:58:43.889560" elapsed="0.000276"/>
</kw>
<kw name="Run Keyword And Continue On Failure" owner="BuiltIn">
<kw name="Element Should Be Visible" owner="SeleniumLibrary">
<msg time="2025-12-11T23:58:43.904458" level="INFO">Element '&lt;selenium.webdriver.remote.webelement.WebElement (session="697f0cec3e26383b454009dfedfb7545", element="f.3A98832DFE95F0AA0C25EF3CFA64C9B6.d.B7C17359759CD975278C0818DC852431.e.406")&gt;' is displayed.</msg>
<arg>${link}</arg>
<doc>Verifies that the element identified by ``locator`` is visible.</doc>
<status status="PASS" start="2025-12-11T23:58:43.890183" elapsed="0.014393"/>
</kw>
<arg>Element Should Be Visible</arg>
<arg>${link}</arg>
<doc>Runs the keyword and continues execution even if a failure occurs.</doc>
<status status="PASS" start="2025-12-11T23:58:43.890002" elapsed="0.014771"/>
</kw>
<var name="${index}">1</var>
<status status="PASS" start="2025-12-11T23:58:43.873767" elapsed="0.031087"/>
</iter>
<iter>
<kw name="Get From List" owner="Collections">
<msg time="2025-12-11T23:58:43.905552" level="INFO">${link} = &lt;selenium.webdriver.remote.webelement.WebElement (session="697f0cec3e26383b454009dfedfb7545", element="f.3A98832DFE95F0AA0C25EF3CFA64C9B6.d.B7C17359759CD975278C0818DC852431.e.407")&gt;</msg>
<var>${link}</var>
<arg>${links}</arg>
<arg>${index}</arg>
<doc>Returns the value specified with an ``index`` from ``list``.</doc>
<status status="PASS" start="2025-12-11T23:58:43.905242" elapsed="0.000353"/>
</kw>
<kw name="Get Text" owner="SeleniumLibrary">
<msg time="2025-12-11T23:58:43.922510" level="INFO">${text} = Solutions</msg>
<var>${text}</var>
<arg>${link}</arg>
<doc>Returns the text value of the element identified by ``locator``.</doc>
<status status="PASS" start="2025-12-11T23:58:43.905784" elapsed="0.016765"/>
</kw>
<kw name="Log" owner="BuiltIn">
<msg time="2025-12-11T23:58:43.922847" level="INFO">Checking visibility of navigation item "Solutions" (index 2)</msg>
<arg>Checking visibility of navigation item "${text}" (index ${index})</arg>
<doc>Logs the given message with the given level.</doc>
<status status="PASS" start="2025-12-11T23:58:43.922699" elapsed="0.000183"/>
</kw>
<kw name="Run Keyword And Continue On Failure" owner="BuiltIn">
<kw name="Element Should Be Visible" owner="SeleniumLibrary">
<msg time="2025-12-11T23:58:43.931643" level="INFO">Element '&lt;selenium.webdriver.remote.webelement.WebElement (session="697f0cec3e26383b454009dfedfb7545", element="f.3A98832DFE95F0AA0C25EF3CFA64C9B6.d.B7C17359759CD975278C0818DC852431.e.407")&gt;' is displayed.</msg>
<arg>${link}</arg>
<doc>Verifies that the element identified by ``locator`` is visible.</doc>
<status status="PASS" start="2025-12-11T23:58:43.923068" elapsed="0.008690"/>
</kw>
<arg>Element Should Be Visible</arg>
<arg>${link}</arg>
<doc>Runs the keyword and continues execution even if a failure occurs.</doc>
<status status="PASS" start="2025-12-11T23:58:43.922971" elapsed="0.008890"/>
</kw>
<var name="${index}">2</var>
<status status="PASS" start="2025-12-11T23:58:43.905039" elapsed="0.026871"/>
</iter>
<iter>
<kw name="Get From List" owner="Collections">
<msg time="2025-12-11T23:58:43.932468" level="INFO">${link} = &lt;selenium.webdriver.remote.webelement.WebElement (session="697f0cec3e26383b454009dfedfb7545", element="f.3A98832DFE95F0AA0C25EF3CFA64C9B6.d.B7C17359759CD975278C0818DC852431.e.408")&gt;</msg>
<var>${link}</var>
<arg>${links}</arg>
<arg>${index}</arg>
<doc>Returns the value specified with an ``index`` from ``list``.</doc>
<status status="PASS" start="2025-12-11T23:58:43.932234" elapsed="0.000267"/>
</kw>
<kw name="Get Text" owner="SeleniumLibrary">
<msg time="2025-12-11T23:58:43.945922" level="INFO">${text} = Industries</msg>
<var>${text}</var>
<arg>${link}</arg>
<doc>Returns the text value of the element identified by ``locator``.</doc>
<status status="PASS" start="2025-12-11T23:58:43.932644" elapsed="0.013335"/>
</kw>
<kw name="Log" owner="BuiltIn">
<msg time="2025-12-11T23:58:43.946551" level="INFO">Checking visibility of navigation item "Industries" (index 3)</msg>
<arg>Checking visibility of navigation item "${text}" (index ${index})</arg>
<doc>Logs the given message with the given level.</doc>
<status status="PASS" start="2025-12-11T23:58:43.946206" elapsed="0.000415"/>
</kw>
<kw name="Run Keyword And Continue On Failure" owner="BuiltIn">
<kw name="Element Should Be Visible" owner="SeleniumLibrary">
<msg time="2025-12-11T23:58:43.955498" level="INFO">Element '&lt;selenium.webdriver.remote.webelement.WebElement (session="697f0cec3e26383b454009dfedfb7545", element="f.3A98832DFE95F0AA0C25EF3CFA64C9B6.d.B7C17359759CD975278C0818DC852431.e.408")&gt;' is displayed.</msg>
<arg>${link}</arg>
<doc>Verifies that the element identified by ``locator`` is visible.</doc>
<status status="PASS" start="2025-12-11T23:58:43.947163" elapsed="0.008458"/>
</kw>
<arg>Element Should Be Visible</arg>
<arg>${link}</arg>
<doc>Runs the keyword and continues execution even if a failure occurs.</doc>
<status status="PASS" start="2025-12-11T23:58:43.946889" elapsed="0.008833"/>
</kw>
<var name="${index}">3</var>
<status status="PASS" start="2025-12-11T23:58:43.932076" elapsed="0.023689"/>
</iter>
<iter>
<kw name="Get From List" owner="Collections">
<msg time="2025-12-11T23:58:43.956304" level="INFO">${link} = &lt;selenium.webdriver.remote.webelement.WebElement (session="697f0cec3e26383b454009dfedfb7545", element="f.3A98832DFE95F0AA0C25EF3CFA64C9B6.d.B7C17359759CD975278C0818DC852431.e.409")&gt;</msg>
<var>${link}</var>
<arg>${links}</arg>
<arg>${index}</arg>
<doc>Returns the value specified with an ``index`` from ``list``.</doc>
<status status="PASS" start="2025-12-11T23:58:43.956089" elapsed="0.000247"/>
</kw>
<kw name="Get Text" owner="SeleniumLibrary">
<msg time="2025-12-11T23:58:43.966334" level="INFO">${text} = Portfolio</msg>
<var>${text}</var>
<arg>${link}</arg>
<doc>Returns the text value of the element identified by ``locator``.</doc>
<status status="PASS" start="2025-12-11T23:58:43.956464" elapsed="0.009946"/>
</kw>
<kw name="Log" owner="BuiltIn">
<msg time="2025-12-11T23:58:43.966952" level="INFO">Checking visibility of navigation item "Portfolio" (index 4)</msg>
<arg>Checking visibility of navigation item "${text}" (index ${index})</arg>
<doc>Logs the given message with the given level.</doc>
<status status="PASS" start="2025-12-11T23:58:43.966701" elapsed="0.000294"/>
</kw>
<kw name="Run Keyword And Continue On Failure" owner="BuiltIn">
<kw name="Element Should Be Visible" owner="SeleniumLibrary">
<msg time="2025-12-11T23:58:43.974862" level="INFO">Element '&lt;selenium.webdriver.remote.webelement.WebElement (session="697f0cec3e26383b454009dfedfb7545", element="f.3A98832DFE95F0AA0C25EF3CFA64C9B6.d.B7C17359759CD975278C0818DC852431.e.409")&gt;' is displayed.</msg>
<arg>${link}</arg>
<doc>Verifies that the element identified by ``locator`` is visible.</doc>
<status status="PASS" start="2025-12-11T23:58:43.967258" elapsed="0.007718"/>
</kw>
<arg>Element Should Be Visible</arg>
<arg>${link}</arg>
<doc>Runs the keyword and continues execution even if a failure occurs.</doc>
<status status="PASS" start="2025-12-11T23:58:43.967113" elapsed="0.007968"/>
</kw>
<var name="${index}">4</var>
<status status="PASS" start="2025-12-11T23:58:43.955932" elapsed="0.019190"/>
</iter>
<iter>
<kw name="Get From List" owner="Collections">
<msg time="2025-12-11T23:58:43.975725" level="INFO">${link} = &lt;selenium.webdriver.remote.webelement.WebElement (session="697f0cec3e26383b454009dfedfb7545", element="f.3A98832DFE95F0AA0C25EF3CFA64C9B6.d.B7C17359759CD975278C0818DC852431.e.410")&gt;</msg>
<var>${link}</var>
<arg>${links}</arg>
<arg>${index}</arg>
<doc>Returns the value specified with an ``index`` from ``list``.</doc>
<status status="PASS" start="2025-12-11T23:58:43.975475" elapsed="0.000282"/>
</kw>
<kw name="Get Text" owner="SeleniumLibrary">
<msg time="2025-12-11T23:58:43.987443" level="INFO">${text} = Blog</msg>
<var>${text}</var>
<arg>${link}</arg>
<doc>Returns the text value of the element identified by ``locator``.</doc>
<status status="PASS" start="2025-12-11T23:58:43.975885" elapsed="0.011598"/>
</kw>
<kw name="Log" owner="BuiltIn">
<msg time="2025-12-11T23:58:43.987773" level="INFO">Checking visibility of navigation item "Blog" (index 5)</msg>
<arg>Checking visibility of navigation item "${text}" (index ${index})</arg>
<doc>Logs the given message with the given level.</doc>
<status status="PASS" start="2025-12-11T23:58:43.987629" elapsed="0.000179"/>
</kw>
<kw name="Run Keyword And Continue On Failure" owner="BuiltIn">
<kw name="Element Should Be Visible" owner="SeleniumLibrary">
<msg time="2025-12-11T23:58:43.996084" level="INFO">Element '&lt;selenium.webdriver.remote.webelement.WebElement (session="697f0cec3e26383b454009dfedfb7545", element="f.3A98832DFE95F0AA0C25EF3CFA64C9B6.d.B7C17359759CD975278C0818DC852431.e.410")&gt;' is displayed.</msg>
<arg>${link}</arg>
<doc>Verifies that the element identified by ``locator`` is visible.</doc>
<status status="PASS" start="2025-12-11T23:58:43.988017" elapsed="0.008158"/>
</kw>
<arg>Element Should Be Visible</arg>
<arg>${link}</arg>
<doc>Runs the keyword and continues execution even if a failure occurs.</doc>
<status status="PASS" start="2025-12-11T23:58:43.987894" elapsed="0.008353"/>
</kw>
<var name="${index}">5</var>
<status status="PASS" start="2025-12-11T23:58:43.975281" elapsed="0.020999"/>
</iter>
<iter>
<kw name="Get From List" owner="Collections">
<msg time="2025-12-11T23:58:43.996702" level="INFO">${link} = &lt;selenium.webdriver.remote.webelement.WebElement (session="697f0cec3e26383b454009dfedfb7545", element="f.3A98832DFE95F0AA0C25EF3CFA64C9B6.d.B7C17359759CD975278C0818DC852431.e.411")&gt;</msg>
<var>${link}</var>
<arg>${links}</arg>
<arg>${index}</arg>
<doc>Returns the value specified with an ``index`` from ``list``.</doc>
<status status="PASS" start="2025-12-11T23:58:43.996530" elapsed="0.000196"/>
</kw>
<kw name="Get Text" owner="SeleniumLibrary">
<msg time="2025-12-11T23:58:44.007871" level="INFO">${text} = News</msg>
<var>${text}</var>
<arg>${link}</arg>
<doc>Returns the text value of the element identified by ``locator``.</doc>
<status status="PASS" start="2025-12-11T23:58:43.996826" elapsed="0.011117"/>
</kw>
<kw name="Log" owner="BuiltIn">
<msg time="2025-12-11T23:58:44.008483" level="INFO">Checking visibility of navigation item "News" (index 6)</msg>
<arg>Checking visibility of navigation item "${text}" (index ${index})</arg>
<doc>Logs the given message with the given level.</doc>
<status status="PASS" start="2025-12-11T23:58:44.008217" elapsed="0.000331"/>
</kw>
<kw name="Run Keyword And Continue On Failure" owner="BuiltIn">
<kw name="Element Should Be Visible" owner="SeleniumLibrary">
<msg time="2025-12-11T23:58:44.016153" level="INFO">Element '&lt;selenium.webdriver.remote.webelement.WebElement (session="697f0cec3e26383b454009dfedfb7545", element="f.3A98832DFE95F0AA0C25EF3CFA64C9B6.d.B7C17359759CD975278C0818DC852431.e.411")&gt;' is displayed.</msg>
<arg>${link}</arg>
<doc>Verifies that the element identified by ``locator`` is visible.</doc>
<status status="PASS" start="2025-12-11T23:58:44.009041" elapsed="0.007213"/>
</kw>
<arg>Element Should Be Visible</arg>
<arg>${link}</arg>
<doc>Runs the keyword and continues execution even if a failure occurs.</doc>
<status status="PASS" start="2025-12-11T23:58:44.008718" elapsed="0.007618"/>
</kw>
<var name="${index}">6</var>
<status status="PASS" start="2025-12-11T23:58:43.996410" elapsed="0.019957"/>
</iter>
<iter>
<kw name="Get From List" owner="Collections">
<msg time="2025-12-11T23:58:44.017185" level="INFO">${link} = &lt;selenium.webdriver.remote.webelement.WebElement (session="697f0cec3e26383b454009dfedfb7545", element="f.3A98832DFE95F0AA0C25EF3CFA64C9B6.d.B7C17359759CD975278C0818DC852431.e.412")&gt;</msg>
<var>${link}</var>
<arg>${links}</arg>
<arg>${index}</arg>
<doc>Returns the value specified with an ``index`` from ``list``.</doc>
<status status="PASS" start="2025-12-11T23:58:44.016836" elapsed="0.000395"/>
</kw>
<kw name="Get Text" owner="SeleniumLibrary">
<msg time="2025-12-11T23:58:44.027893" level="INFO">${text} = Company</msg>
<var>${text}</var>
<arg>${link}</arg>
<doc>Returns the text value of the element identified by ``locator``.</doc>
<status status="PASS" start="2025-12-11T23:58:44.017430" elapsed="0.010501"/>
</kw>
<kw name="Log" owner="BuiltIn">
<msg time="2025-12-11T23:58:44.028306" level="INFO">Checking visibility of navigation item "Company" (index 7)</msg>
<arg>Checking visibility of navigation item "${text}" (index ${index})</arg>
<doc>Logs the given message with the given level.</doc>
<status status="PASS" start="2025-12-11T23:58:44.028077" elapsed="0.000267"/>
</kw>
<kw name="Run Keyword And Continue On Failure" owner="BuiltIn">
<kw name="Element Should Be Visible" owner="SeleniumLibrary">
<msg time="2025-12-11T23:58:44.036784" level="INFO">Element '&lt;selenium.webdriver.remote.webelement.WebElement (session="697f0cec3e26383b454009dfedfb7545", element="f.3A98832DFE95F0AA0C25EF3CFA64C9B6.d.B7C17359759CD975278C0818DC852431.e.412")&gt;' is displayed.</msg>
<arg>${link}</arg>
<doc>Verifies that the element identified by ``locator`` is visible.</doc>
<status status="PASS" start="2025-12-11T23:58:44.028546" elapsed="0.008339"/>
</kw>
<arg>Element Should Be Visible</arg>
<arg>${link}</arg>
<doc>Runs the keyword and continues execution even if a failure occurs.</doc>
<status status="PASS" start="2025-12-11T23:58:44.028442" elapsed="0.008526"/>
</kw>
<var name="${index}">7</var>
<status status="PASS" start="2025-12-11T23:58:44.016588" elapsed="0.020414"/>
</iter>
<var>${index}</var>
<value>${count}</value>
<status status="PASS" start="2025-12-11T23:58:43.839360" elapsed="0.197684"/>
</for>
<status status="PASS" start="2025-12-11T23:58:43.684861" elapsed="0.352254"/>
</kw>
<status status="PASS" start="2025-12-11T23:58:43.684458" elapsed="0.352702"/>
</kw>
<kw name="Then all primary navigation items should be visible" owner="HeaderKeywords">
<kw name="Verify navigation items visibility" owner="HeaderFunctions">
<kw name="Get WebElements" owner="SeleniumLibrary">
<msg time="2025-12-11T23:58:44.046207" level="INFO">@{links} = [ &lt;selenium.webdriver.remote.webelement.WebElement (session="697f0cec3e26383b454009dfedfb7545", element="f.3A98832DFE95F0AA0C25EF3CFA64C9B6.d.B7C17359759CD975278C0818DC852431.e.405")&gt; | &lt;selenium.webd...</msg>
<var>@{links}</var>
<arg>${NAVIGATION_LINKS}</arg>
<doc>Returns a list of WebElement objects matching the ``locator``.</doc>
<status status="PASS" start="2025-12-11T23:58:44.038077" elapsed="0.008171"/>
</kw>
<kw name="Get Length" owner="BuiltIn">
<msg time="2025-12-11T23:58:44.046534" level="INFO">Length is 8.</msg>
<msg time="2025-12-11T23:58:44.046684" level="INFO">${count} = 8</msg>
<var>${count}</var>
<arg>${links}</arg>
<doc>Returns and logs the length of the given item as an integer.</doc>
<status status="PASS" start="2025-12-11T23:58:44.046403" elapsed="0.000319"/>
</kw>
<kw name="Log" owner="BuiltIn">
<msg time="2025-12-11T23:58:44.046953" level="INFO">Found 8 navigation items</msg>
<arg>Found ${count} navigation items</arg>
<doc>Logs the given message with the given level.</doc>
<status status="PASS" start="2025-12-11T23:58:44.046833" elapsed="0.000155"/>
</kw>
<kw name="Should Be Equal As Numbers" owner="BuiltIn">
<msg time="2025-12-11T23:58:44.047211" level="INFO">Argument types are:
&lt;class 'int'&gt;
&lt;class 'str'&gt;</msg>
<arg>${count}</arg>
<arg>8</arg>
<arg>Expected 8 navigation items but found ${count}</arg>
<doc>Fails if objects are unequal after converting them to real numbers.</doc>
<status status="PASS" start="2025-12-11T23:58:44.047073" elapsed="0.000188"/>
</kw>
<for flavor="IN RANGE">
<iter>
<kw name="Get From List" owner="Collections">
<msg time="2025-12-11T23:58:44.047708" level="INFO">${link} = &lt;selenium.webdriver.remote.webelement.WebElement (session="697f0cec3e26383b454009dfedfb7545", element="f.3A98832DFE95F0AA0C25EF3CFA64C9B6.d.B7C17359759CD975278C0818DC852431.e.405")&gt;</msg>
<var>${link}</var>
<arg>${links}</arg>
<arg>${index}</arg>
<doc>Returns the value specified with an ``index`` from ``list``.</doc>
<status status="PASS" start="2025-12-11T23:58:44.047560" elapsed="0.000174"/>
</kw>
<kw name="Get Text" owner="SeleniumLibrary">
<msg time="2025-12-11T23:58:44.066967" level="INFO">${text} = Technologies
Technologies
While Ruby on Rails is our primary focus, we use various complementary languages and frameworks to ensure your project's complex delivery
TECHNOLOGIES
Ruby on Rails
Node JS
K...</msg>
<var>${text}</var>
<arg>${link}</arg>
<doc>Returns the text value of the element identified by ``locator``.</doc>
<status status="PASS" start="2025-12-11T23:58:44.047836" elapsed="0.019203"/>
</kw>
<kw name="Log" owner="BuiltIn">
<msg time="2025-12-11T23:58:44.067558" level="INFO">Checking visibility of navigation item "Technologies
Technologies
While Ruby on Rails is our primary focus, we use various complementary languages and frameworks to ensure your project's complex delivery
TECHNOLOGIES
Ruby on Rails
Node JS
Kotlin
Spree Commerce
AWS
Swift
React JS
Kubernetes
React Native" (index 0)</msg>
<arg>Checking visibility of navigation item "${text}" (index ${index})</arg>
<doc>Logs the given message with the given level.</doc>
<status status="PASS" start="2025-12-11T23:58:44.067276" elapsed="0.000364"/>
</kw>
<kw name="Run Keyword And Continue On Failure" owner="BuiltIn">
<kw name="Element Should Be Visible" owner="SeleniumLibrary">
<msg time="2025-12-11T23:58:44.076082" level="INFO">Element '&lt;selenium.webdriver.remote.webelement.WebElement (session="697f0cec3e26383b454009dfedfb7545", element="f.3A98832DFE95F0AA0C25EF3CFA64C9B6.d.B7C17359759CD975278C0818DC852431.e.405")&gt;' is displayed.</msg>
<arg>${link}</arg>
<doc>Verifies that the element identified by ``locator`` is visible.</doc>
<status status="PASS" start="2025-12-11T23:58:44.068095" elapsed="0.008084"/>
</kw>
<arg>Element Should Be Visible</arg>
<arg>${link}</arg>
<doc>Runs the keyword and continues execution even if a failure occurs.</doc>
<status status="PASS" start="2025-12-11T23:58:44.067849" elapsed="0.008400"/>
</kw>
<var name="${index}">0</var>
<status status="PASS" start="2025-12-11T23:58:44.047470" elapsed="0.028809"/>
</iter>
<iter>
<kw name="Get From List" owner="Collections">
<msg time="2025-12-11T23:58:44.076647" level="INFO">${link} = &lt;selenium.webdriver.remote.webelement.WebElement (session="697f0cec3e26383b454009dfedfb7545", element="f.3A98832DFE95F0AA0C25EF3CFA64C9B6.d.B7C17359759CD975278C0818DC852431.e.406")&gt;</msg>
<var>${link}</var>
<arg>${links}</arg>
<arg>${index}</arg>
<doc>Returns the value specified with an ``index`` from ``list``.</doc>
<status status="PASS" start="2025-12-11T23:58:44.076501" elapsed="0.000167"/>
</kw>
<kw name="Get Text" owner="SeleniumLibrary">
<msg time="2025-12-11T23:58:44.087950" level="INFO">${text} = Services</msg>
<var>${text}</var>
<arg>${link}</arg>
<doc>Returns the text value of the element identified by ``locator``.</doc>
<status status="PASS" start="2025-12-11T23:58:44.076750" elapsed="0.011251"/>
</kw>
<kw name="Log" owner="BuiltIn">
<msg time="2025-12-11T23:58:44.088374" level="INFO">Checking visibility of navigation item "Services" (index 1)</msg>
<arg>Checking visibility of navigation item "${text}" (index ${index})</arg>
<doc>Logs the given message with the given level.</doc>
<status status="PASS" start="2025-12-11T23:58:44.088189" elapsed="0.000227"/>
</kw>
<kw name="Run Keyword And Continue On Failure" owner="BuiltIn">
<kw name="Element Should Be Visible" owner="SeleniumLibrary">
<msg time="2025-12-11T23:58:44.096650" level="INFO">Element '&lt;selenium.webdriver.remote.webelement.WebElement (session="697f0cec3e26383b454009dfedfb7545", element="f.3A98832DFE95F0AA0C25EF3CFA64C9B6.d.B7C17359759CD975278C0818DC852431.e.406")&gt;' is displayed.</msg>
<arg>${link}</arg>
<doc>Verifies that the element identified by ``locator`` is visible.</doc>
<status status="PASS" start="2025-12-11T23:58:44.088620" elapsed="0.008168"/>
</kw>
<arg>Element Should Be Visible</arg>
<arg>${link}</arg>
<doc>Runs the keyword and continues execution even if a failure occurs.</doc>
<status status="PASS" start="2025-12-11T23:58:44.088518" elapsed="0.008420"/>
</kw>
<var name="${index}">1</var>
<status status="PASS" start="2025-12-11T23:58:44.076396" elapsed="0.020655"/>
</iter>
<iter>
<kw name="Get From List" owner="Collections">
<msg time="2025-12-11T23:58:44.097516" level="INFO">${link} = &lt;selenium.webdriver.remote.webelement.WebElement (session="697f0cec3e26383b454009dfedfb7545", element="f.3A98832DFE95F0AA0C25EF3CFA64C9B6.d.B7C17359759CD975278C0818DC852431.e.407")&gt;</msg>
<var>${link}</var>
<arg>${links}</arg>
<arg>${index}</arg>
<doc>Returns the value specified with an ``index`` from ``list``.</doc>
<status status="PASS" start="2025-12-11T23:58:44.097364" elapsed="0.000173"/>
</kw>
<kw name="Get Text" owner="SeleniumLibrary">
<msg time="2025-12-11T23:58:44.109706" level="INFO">${text} = Solutions</msg>
<var>${text}</var>
<arg>${link}</arg>
<doc>Returns the text value of the element identified by ``locator``.</doc>
<status status="PASS" start="2025-12-11T23:58:44.097630" elapsed="0.012125"/>
</kw>
<kw name="Log" owner="BuiltIn">
<msg time="2025-12-11T23:58:44.110209" level="INFO">Checking visibility of navigation item "Solutions" (index 2)</msg>
<arg>Checking visibility of navigation item "${text}" (index ${index})</arg>
<doc>Logs the given message with the given level.</doc>
<status status="PASS" start="2025-12-11T23:58:44.109909" elapsed="0.000361"/>
</kw>
<kw name="Run Keyword And Continue On Failure" owner="BuiltIn">
<kw name="Element Should Be Visible" owner="SeleniumLibrary">
<msg time="2025-12-11T23:58:44.117621" level="INFO">Element '&lt;selenium.webdriver.remote.webelement.WebElement (session="697f0cec3e26383b454009dfedfb7545", element="f.3A98832DFE95F0AA0C25EF3CFA64C9B6.d.B7C17359759CD975278C0818DC852431.e.407")&gt;' is displayed.</msg>
<arg>${link}</arg>
<doc>Verifies that the element identified by ``locator`` is visible.</doc>
<status status="PASS" start="2025-12-11T23:58:44.110507" elapsed="0.007199"/>
</kw>
<arg>Element Should Be Visible</arg>
<arg>${link}</arg>
<doc>Runs the keyword and continues execution even if a failure occurs.</doc>
<status status="PASS" start="2025-12-11T23:58:44.110392" elapsed="0.007383"/>
</kw>
<var name="${index}">2</var>
<status status="PASS" start="2025-12-11T23:58:44.097256" elapsed="0.020549"/>
</iter>
<iter>
<kw name="Get From List" owner="Collections">
<msg time="2025-12-11T23:58:44.118191" level="INFO">${link} = &lt;selenium.webdriver.remote.webelement.WebElement (session="697f0cec3e26383b454009dfedfb7545", element="f.3A98832DFE95F0AA0C25EF3CFA64C9B6.d.B7C17359759CD975278C0818DC852431.e.408")&gt;</msg>
<var>${link}</var>
<arg>${links}</arg>
<arg>${index}</arg>
<doc>Returns the value specified with an ``index`` from ``list``.</doc>
<status status="PASS" start="2025-12-11T23:58:44.118033" elapsed="0.000182"/>
</kw>
<kw name="Get Text" owner="SeleniumLibrary">
<msg time="2025-12-11T23:58:44.129373" level="INFO">${text} = Industries</msg>
<var>${text}</var>
<arg>${link}</arg>
<doc>Returns the text value of the element identified by ``locator``.</doc>
<status status="PASS" start="2025-12-11T23:58:44.118307" elapsed="0.011106"/>
</kw>
<kw name="Log" owner="BuiltIn">
<msg time="2025-12-11T23:58:44.129699" level="INFO">Checking visibility of navigation item "Industries" (index 3)</msg>
<arg>Checking visibility of navigation item "${text}" (index ${index})</arg>
<doc>Logs the given message with the given level.</doc>
<status status="PASS" start="2025-12-11T23:58:44.129557" elapsed="0.000182"/>
</kw>
<kw name="Run Keyword And Continue On Failure" owner="BuiltIn">
<kw name="Element Should Be Visible" owner="SeleniumLibrary">
<msg time="2025-12-11T23:58:44.137012" level="INFO">Element '&lt;selenium.webdriver.remote.webelement.WebElement (session="697f0cec3e26383b454009dfedfb7545", element="f.3A98832DFE95F0AA0C25EF3CFA64C9B6.d.B7C17359759CD975278C0818DC852431.e.408")&gt;' is displayed.</msg>
<arg>${link}</arg>
<doc>Verifies that the element identified by ``locator`` is visible.</doc>
<status status="PASS" start="2025-12-11T23:58:44.129950" elapsed="0.007200"/>
</kw>
<arg>Element Should Be Visible</arg>
<arg>${link}</arg>
<doc>Runs the keyword and continues execution even if a failure occurs.</doc>
<status status="PASS" start="2025-12-11T23:58:44.129841" elapsed="0.007426"/>
</kw>
<var name="${index}">3</var>
<status status="PASS" start="2025-12-11T23:58:44.117925" elapsed="0.019409"/>
</iter>
<iter>
<kw name="Get From List" owner="Collections">
<msg time="2025-12-11T23:58:44.137958" level="INFO">${link} = &lt;selenium.webdriver.remote.webelement.WebElement (session="697f0cec3e26383b454009dfedfb7545", element="f.3A98832DFE95F0AA0C25EF3CFA64C9B6.d.B7C17359759CD975278C0818DC852431.e.409")&gt;</msg>
<var>${link}</var>
<arg>${links}</arg>
<arg>${index}</arg>
<doc>Returns the value specified with an ``index`` from ``list``.</doc>
<status status="PASS" start="2025-12-11T23:58:44.137729" elapsed="0.000255"/>
</kw>
<kw name="Get Text" owner="SeleniumLibrary">
<msg time="2025-12-11T23:58:44.148132" level="INFO">${text} = Portfolio</msg>
<var>${text}</var>
<arg>${link}</arg>
<doc>Returns the text value of the element identified by ``locator``.</doc>
<status status="PASS" start="2025-12-11T23:58:44.138106" elapsed="0.010077"/>
</kw>
<kw name="Log" owner="BuiltIn">
<msg time="2025-12-11T23:58:44.148697" level="INFO">Checking visibility of navigation item "Portfolio" (index 4)</msg>
<arg>Checking visibility of navigation item "${text}" (index ${index})</arg>
<doc>Logs the given message with the given level.</doc>
<status status="PASS" start="2025-12-11T23:58:44.148379" elapsed="0.000386"/>
</kw>
<kw name="Run Keyword And Continue On Failure" owner="BuiltIn">
<kw name="Element Should Be Visible" owner="SeleniumLibrary">
<msg time="2025-12-11T23:58:44.155884" level="INFO">Element '&lt;selenium.webdriver.remote.webelement.WebElement (session="697f0cec3e26383b454009dfedfb7545", element="f.3A98832DFE95F0AA0C25EF3CFA64C9B6.d.B7C17359759CD975278C0818DC852431.e.409")&gt;' is displayed.</msg>
<arg>${link}</arg>
<doc>Verifies that the element identified by ``locator`` is visible.</doc>
<status status="PASS" start="2025-12-11T23:58:44.149229" elapsed="0.006804"/>
</kw>
<arg>Element Should Be Visible</arg>
<arg>${link}</arg>
<doc>Runs the keyword and continues execution even if a failure occurs.</doc>
<status status="PASS" start="2025-12-11T23:58:44.148991" elapsed="0.007140"/>
</kw>
<var name="${index}">4</var>
<status status="PASS" start="2025-12-11T23:58:44.137533" elapsed="0.018646"/>
</iter>
<iter>
<kw name="Get From List" owner="Collections">
<msg time="2025-12-11T23:58:44.156682" level="INFO">${link} = &lt;selenium.webdriver.remote.webelement.WebElement (session="697f0cec3e26383b454009dfedfb7545", element="f.3A98832DFE95F0AA0C25EF3CFA64C9B6.d.B7C17359759CD975278C0818DC852431.e.410")&gt;</msg>
<var>${link}</var>
<arg>${links}</arg>
<arg>${index}</arg>
<doc>Returns the value specified with an ``index`` from ``list``.</doc>
<status status="PASS" start="2025-12-11T23:58:44.156475" elapsed="0.000237"/>
</kw>
<kw name="Get Text" owner="SeleniumLibrary">
<msg time="2025-12-11T23:58:44.167011" level="INFO">${text} = Blog</msg>
<var>${text}</var>
<arg>${link}</arg>
<doc>Returns the text value of the element identified by ``locator``.</doc>
<status status="PASS" start="2025-12-11T23:58:44.156846" elapsed="0.010203"/>
</kw>
<kw name="Log" owner="BuiltIn">
<msg time="2025-12-11T23:58:44.167343" level="INFO">Checking visibility of navigation item "Blog" (index 5)</msg>
<arg>Checking visibility of navigation item "${text}" (index ${index})</arg>
<doc>Logs the given message with the given level.</doc>
<status status="PASS" start="2025-12-11T23:58:44.167199" elapsed="0.000177"/>
</kw>
<kw name="Run Keyword And Continue On Failure" owner="BuiltIn">
<kw name="Element Should Be Visible" owner="SeleniumLibrary">
<msg time="2025-12-11T23:58:44.174476" level="INFO">Element '&lt;selenium.webdriver.remote.webelement.WebElement (session="697f0cec3e26383b454009dfedfb7545", element="f.3A98832DFE95F0AA0C25EF3CFA64C9B6.d.B7C17359759CD975278C0818DC852431.e.410")&gt;' is displayed.</msg>
<arg>${link}</arg>
<doc>Verifies that the element identified by ``locator`` is visible.</doc>
<status status="PASS" start="2025-12-11T23:58:44.167587" elapsed="0.006971"/>
</kw>
<arg>Element Should Be Visible</arg>
<arg>${link}</arg>
<doc>Runs the keyword and continues execution even if a failure occurs.</doc>
<status status="PASS" start="2025-12-11T23:58:44.167463" elapsed="0.007163"/>
</kw>
<var name="${index}">5</var>
<status status="PASS" start="2025-12-11T23:58:44.156336" elapsed="0.018320"/>
</iter>
<iter>
<kw name="Get From List" owner="Collections">
<msg time="2025-12-11T23:58:44.175049" level="INFO">${link} = &lt;selenium.webdriver.remote.webelement.WebElement (session="697f0cec3e26383b454009dfedfb7545", element="f.3A98832DFE95F0AA0C25EF3CFA64C9B6.d.B7C17359759CD975278C0818DC852431.e.411")&gt;</msg>
<var>${link}</var>
<arg>${links}</arg>
<arg>${index}</arg>
<doc>Returns the value specified with an ``index`` from ``list``.</doc>
<status status="PASS" start="2025-12-11T23:58:44.174885" elapsed="0.000186"/>
</kw>
<kw name="Get Text" owner="SeleniumLibrary">
<msg time="2025-12-11T23:58:44.185460" level="INFO">${text} = News</msg>
<var>${text}</var>
<arg>${link}</arg>
<doc>Returns the text value of the element identified by ``locator``.</doc>
<status status="PASS" start="2025-12-11T23:58:44.175162" elapsed="0.010337"/>
</kw>
<kw name="Log" owner="BuiltIn">
<msg time="2025-12-11T23:58:44.185782" level="INFO">Checking visibility of navigation item "News" (index 6)</msg>
<arg>Checking visibility of navigation item "${text}" (index ${index})</arg>
<doc>Logs the given message with the given level.</doc>
<status status="PASS" start="2025-12-11T23:58:44.185642" elapsed="0.000172"/>
</kw>
<kw name="Run Keyword And Continue On Failure" owner="BuiltIn">
<kw name="Element Should Be Visible" owner="SeleniumLibrary">
<msg time="2025-12-11T23:58:44.193100" level="INFO">Element '&lt;selenium.webdriver.remote.webelement.WebElement (session="697f0cec3e26383b454009dfedfb7545", element="f.3A98832DFE95F0AA0C25EF3CFA64C9B6.d.B7C17359759CD975278C0818DC852431.e.411")&gt;' is displayed.</msg>
<arg>${link}</arg>
<doc>Verifies that the element identified by ``locator`` is visible.</doc>
<status status="PASS" start="2025-12-11T23:58:44.186004" elapsed="0.007232"/>
</kw>
<arg>Element Should Be Visible</arg>
<arg>${link}</arg>
<doc>Runs the keyword and continues execution even if a failure occurs.</doc>
<status status="PASS" start="2025-12-11T23:58:44.185900" elapsed="0.007471"/>
</kw>
<var name="${index}">6</var>
<status status="PASS" start="2025-12-11T23:58:44.174778" elapsed="0.018664"/>
</iter>
<iter>
<kw name="Get From List" owner="Collections">
<msg time="2025-12-11T23:58:44.194123" level="INFO">${link} = &lt;selenium.webdriver.remote.webelement.WebElement (session="697f0cec3e26383b454009dfedfb7545", element="f.3A98832DFE95F0AA0C25EF3CFA64C9B6.d.B7C17359759CD975278C0818DC852431.e.412")&gt;</msg>
<var>${link}</var>
<arg>${links}</arg>
<arg>${index}</arg>
<doc>Returns the value specified with an ``index`` from ``list``.</doc>
<status status="PASS" start="2025-12-11T23:58:44.193843" elapsed="0.000322"/>
</kw>
<kw name="Get Text" owner="SeleniumLibrary">
<msg time="2025-12-11T23:58:44.206922" level="INFO">${text} = Company</msg>
<var>${text}</var>
<arg>${link}</arg>
<doc>Returns the text value of the element identified by ``locator``.</doc>
<status status="PASS" start="2025-12-11T23:58:44.194336" elapsed="0.012626"/>
</kw>
<kw name="Log" owner="BuiltIn">
<msg time="2025-12-11T23:58:44.207243" level="INFO">Checking visibility of navigation item "Company" (index 7)</msg>
<arg>Checking visibility of navigation item "${text}" (index ${index})</arg>
<doc>Logs the given message with the given level.</doc>
<status status="PASS" start="2025-12-11T23:58:44.207103" elapsed="0.000171"/>
</kw>
<kw name="Run Keyword And Continue On Failure" owner="BuiltIn">
<kw name="Element Should Be Visible" owner="SeleniumLibrary">
<msg time="2025-12-11T23:58:44.215270" level="INFO">Element '&lt;selenium.webdriver.remote.webelement.WebElement (session="697f0cec3e26383b454009dfedfb7545", element="f.3A98832DFE95F0AA0C25EF3CFA64C9B6.d.B7C17359759CD975278C0818DC852431.e.412")&gt;' is displayed.</msg>
<arg>${link}</arg>
<doc>Verifies that the element identified by ``locator`` is visible.</doc>
<status status="PASS" start="2025-12-11T23:58:44.207452" elapsed="0.007914"/>
</kw>
<arg>Element Should Be Visible</arg>
<arg>${link}</arg>
<doc>Runs the keyword and continues execution even if a failure occurs.</doc>
<status status="PASS" start="2025-12-11T23:58:44.207355" elapsed="0.008079"/>
</kw>
<var name="${index}">7</var>
<status status="PASS" start="2025-12-11T23:58:44.193665" elapsed="0.021796"/>
</iter>
<var>${index}</var>
<value>${count}</value>
<status status="PASS" start="2025-12-11T23:58:44.047323" elapsed="0.168175"/>
</for>
<status status="PASS" start="2025-12-11T23:58:44.037877" elapsed="0.177685"/>
</kw>
<status status="PASS" start="2025-12-11T23:58:44.037571" elapsed="0.178027"/>
</kw>
<tag>navigation</tag>
<status status="PASS" start="2025-12-11T23:58:43.555358" elapsed="0.660710"/>
</test>
<test id="s1-s1-t7" name="Mobile Menu Toggle Is Hidden On Desktop" line="117">
<kw name="Given the viewport width is" owner="HeaderKeywords">
<kw name="Set browser viewport width" owner="HeaderFunctions">
<kw name="Set Window Size" owner="SeleniumLibrary">
<arg>${width}</arg>
<arg>800</arg>
<doc>Sets current windows size to given ``width`` and ``height``.</doc>
<status status="PASS" start="2025-12-11T23:58:44.218978" elapsed="0.005836"/>
</kw>
<arg>${width}</arg>
<status status="PASS" start="2025-12-11T23:58:44.218490" elapsed="0.006622"/>
</kw>
<arg>${DESKTOP_WIDTH}</arg>
<status status="PASS" start="2025-12-11T23:58:44.217739" elapsed="0.007542"/>
</kw>
<kw name="When the header is checked for mobile menu" owner="HeaderKeywords">
<kw name="Look for mobile menu toggle" owner="HeaderFunctions">
<kw name="Page Should Contain Element" owner="SeleniumLibrary">
<msg time="2025-12-11T23:58:44.244312" level="INFO">Current page contains element 'css=.elementor-section--handles-inside .header-burger-icon:not(.opened)'.</msg>
<arg>${MOBILE_MENU_TOGGLE}</arg>
<doc>Verifies that element ``locator`` is found on the current page.</doc>
<status status="PASS" start="2025-12-11T23:58:44.226421" elapsed="0.018092"/>
</kw>
<status status="PASS" start="2025-12-11T23:58:44.226163" elapsed="0.018567"/>
</kw>
<status status="PASS" start="2025-12-11T23:58:44.225810" elapsed="0.019096"/>
</kw>
<kw name="Then the mobile menu toggle should not be visible" owner="HeaderKeywords">
<kw name="Verify mobile menu toggle invisibility" owner="HeaderFunctions">
<kw name="Element Should Not Be Visible" owner="SeleniumLibrary">
<msg time="2025-12-11T23:58:44.296337" level="INFO">Element 'css=.elementor-section--handles-inside .header-burger-icon:not(.opened)' exists but is not displayed.</msg>
<arg>${MOBILE_MENU_TOGGLE}</arg>
<doc>Verifies that the element identified by ``locator`` is NOT visible.</doc>
<status status="PASS" start="2025-12-11T23:58:44.247163" elapsed="0.049358"/>
</kw>
<status status="PASS" start="2025-12-11T23:58:44.246422" elapsed="0.050233"/>
</kw>
<status status="PASS" start="2025-12-11T23:58:44.245496" elapsed="0.051230"/>
</kw>
<tag>mobile</tag>
<status status="PASS" start="2025-12-11T23:58:44.216875" elapsed="0.080239"/>
</test>
<test id="s1-s1-t8" name="Each Navigation Link Has A Valid Href" line="143">
<kw name="Given I am on the homepage" owner="Common">
<kw name="Go To" owner="SeleniumLibrary">
<msg time="2025-12-11T23:58:44.299398" level="INFO">Opening url 'https://jetruby.com/'</msg>
<arg>${HOMEPAGE_URL}</arg>
<doc>Navigates the current browser window to the provided ``url``.</doc>
<status status="PASS" start="2025-12-11T23:58:44.299111" elapsed="0.612654"/>
</kw>
<status status="PASS" start="2025-12-11T23:58:44.298618" elapsed="0.613364"/>
</kw>
<kw name="When the navigation links are examined" owner="HeaderKeywords">
<kw name="Inspect navigation links" owner="HeaderFunctions">
<kw name="Page Should Contain Element" owner="SeleniumLibrary">
<msg time="2025-12-11T23:58:44.927244" level="INFO">Current page contains element 'css=.elementor-section--handles-inside .header-menu__item'.</msg>
<arg>${NAVIGATION_LINKS}</arg>
<doc>Verifies that element ``locator`` is found on the current page.</doc>
<status status="PASS" start="2025-12-11T23:58:44.913951" elapsed="0.013439"/>
</kw>
<status status="PASS" start="2025-12-11T23:58:44.913565" elapsed="0.013971"/>
</kw>
<status status="PASS" start="2025-12-11T23:58:44.912846" elapsed="0.014769"/>
</kw>
<kw name="Then every navigation link should have a non-empty href attribute" owner="HeaderKeywords">
<kw name="Validate navigation link href attributes" owner="HeaderFunctions">
<kw name="Get WebElements" owner="SeleniumLibrary">
<msg time="2025-12-11T23:58:44.945309" level="INFO">@{links} = [ &lt;selenium.webdriver.remote.webelement.WebElement (session="697f0cec3e26383b454009dfedfb7545", element="f.3A98832DFE95F0AA0C25EF3CFA64C9B6.d.279D277D9237B0C10130DB9A12A89D2B.e.527")&gt; | &lt;selenium.webd...</msg>
<var>@{links}</var>
<arg>${NAVIGATION_HREF_LINKS}</arg>
<doc>Returns a list of WebElement objects matching the ``locator``.</doc>
<status status="PASS" start="2025-12-11T23:58:44.928768" elapsed="0.016582"/>
</kw>
<for flavor="IN">
<iter>
<kw name="Get Element Attribute" owner="SeleniumLibrary">
<msg time="2025-12-11T23:58:44.956328" level="INFO">${href} = https://jetruby.com/portfolio/</msg>
<var>${href}</var>
<arg>${link}</arg>
<arg>${HREF_ATTRIBUTE}</arg>
<doc>Returns the value of ``attribute`` from the element ``locator``.</doc>
<status status="PASS" start="2025-12-11T23:58:44.945666" elapsed="0.010709"/>
</kw>
<kw name="Should Not Be Empty" owner="BuiltIn">
<msg time="2025-12-11T23:58:44.956761" level="INFO">Length is 30.</msg>
<arg>${href}</arg>
<arg>Navigation link should have a non-empty href attribute</arg>
<doc>Verifies that the given item is not empty.</doc>
<status status="PASS" start="2025-12-11T23:58:44.956560" elapsed="0.000256"/>
</kw>
<var name="${link}">&lt;selenium.webdriver.remote.webelement.WebElement (session="697f0cec3e26383b454009dfedfb7545", element="f.3A98832DFE95F0AA0C25EF3CFA64C9B6.d.279D277D9237B0C10130DB9A12A89D2B.e.527")&gt;</var>
<status status="PASS" start="2025-12-11T23:58:44.945560" elapsed="0.011314"/>
</iter>
<iter>
<kw name="Get Element Attribute" owner="SeleniumLibrary">
<msg time="2025-12-11T23:58:44.965152" level="INFO">${href} = https://jetruby.com/blog/</msg>
<var>${href}</var>
<arg>${link}</arg>
<arg>${HREF_ATTRIBUTE}</arg>
<doc>Returns the value of ``attribute`` from the element ``locator``.</doc>
<status status="PASS" start="2025-12-11T23:58:44.957140" elapsed="0.008076"/>
</kw>
<kw name="Should Not Be Empty" owner="BuiltIn">
<msg time="2025-12-11T23:58:44.965828" level="INFO">Length is 25.</msg>
<arg>${href}</arg>
<arg>Navigation link should have a non-empty href attribute</arg>
<doc>Verifies that the given item is not empty.</doc>
<status status="PASS" start="2025-12-11T23:58:44.965576" elapsed="0.000308"/>
</kw>
<var name="${link}">&lt;selenium.webdriver.remote.webelement.WebElement (session="697f0cec3e26383b454009dfedfb7545", element="f.3A98832DFE95F0AA0C25EF3CFA64C9B6.d.279D277D9237B0C10130DB9A12A89D2B.e.528")&gt;</var>
<status status="PASS" start="2025-12-11T23:58:44.957013" elapsed="0.008930"/>
</iter>
<iter>
<kw name="Get Element Attribute" owner="SeleniumLibrary">
<msg time="2025-12-11T23:58:44.973305" level="INFO">${href} = https://jetruby.com/blog/news/</msg>
<var>${href}</var>
<arg>${link}</arg>
<arg>${HREF_ATTRIBUTE}</arg>
<doc>Returns the value of ``attribute`` from the element ``locator``.</doc>
<status status="PASS" start="2025-12-11T23:58:44.966198" elapsed="0.007149"/>
</kw>
<kw name="Should Not Be Empty" owner="BuiltIn">
<msg time="2025-12-11T23:58:44.973644" level="INFO">Length is 30.</msg>
<arg>${href}</arg>
<arg>Navigation link should have a non-empty href attribute</arg>
<doc>Verifies that the given item is not empty.</doc>
<status status="PASS" start="2025-12-11T23:58:44.973495" elapsed="0.000181"/>
</kw>
<var name="${link}">&lt;selenium.webdriver.remote.webelement.WebElement (session="697f0cec3e26383b454009dfedfb7545", element="f.3A98832DFE95F0AA0C25EF3CFA64C9B6.d.279D277D9237B0C10130DB9A12A89D2B.e.529")&gt;</var>
<status status="PASS" start="2025-12-11T23:58:44.966078" elapsed="0.007630"/>
</iter>
<iter>
<kw name="Get Element Attribute" owner="SeleniumLibrary">
<msg time="2025-12-11T23:58:44.981456" level="INFO">${href} = https://jetruby.com/portfolio/</msg>
<var>${href}</var>
<arg>${link}</arg>
<arg>${HREF_ATTRIBUTE}</arg>
<doc>Returns the value of ``attribute`` from the element ``locator``.</doc>
<status status="PASS" start="2025-12-11T23:58:44.973977" elapsed="0.007564"/>
</kw>
<kw name="Should Not Be Empty" owner="BuiltIn">
<msg time="2025-12-11T23:58:44.982168" level="INFO">Length is 30.</msg>
<arg>${href}</arg>
<arg>Navigation link should have a non-empty href attribute</arg>
<doc>Verifies that the given item is not empty.</doc>
<status status="PASS" start="2025-12-11T23:58:44.981812" elapsed="0.000471"/>
</kw>
<var name="${link}">&lt;selenium.webdriver.remote.webelement.WebElement (session="697f0cec3e26383b454009dfedfb7545", element="f.3A98832DFE95F0AA0C25EF3CFA64C9B6.d.279D277D9237B0C10130DB9A12A89D2B.e.530")&gt;</var>
<status status="PASS" start="2025-12-11T23:58:44.973799" elapsed="0.008607"/>
</iter>
<iter>
<kw name="Get Element Attribute" owner="SeleniumLibrary">
<msg time="2025-12-11T23:58:44.998455" level="INFO">${href} = https://jetruby.com/blog/</msg>
<var>${href}</var>
<arg>${link}</arg>
<arg>${HREF_ATTRIBUTE}</arg>
<doc>Returns the value of ``attribute`` from the element ``locator``.</doc>
<status status="PASS" start="2025-12-11T23:58:44.983818" elapsed="0.014701"/>
</kw>
<kw name="Should Not Be Empty" owner="BuiltIn">
<msg time="2025-12-11T23:58:44.999055" level="INFO">Length is 25.</msg>
<arg>${href}</arg>
<arg>Navigation link should have a non-empty href attribute</arg>
<doc>Verifies that the given item is not empty.</doc>
<status status="PASS" start="2025-12-11T23:58:44.998808" elapsed="0.000305"/>
</kw>
<var name="${link}">&lt;selenium.webdriver.remote.webelement.WebElement (session="697f0cec3e26383b454009dfedfb7545", element="f.3A98832DFE95F0AA0C25EF3CFA64C9B6.d.279D277D9237B0C10130DB9A12A89D2B.e.531")&gt;</var>
<status status="PASS" start="2025-12-11T23:58:44.983366" elapsed="0.015811"/>
</iter>
<iter>
<kw name="Get Element Attribute" owner="SeleniumLibrary">
<msg time="2025-12-11T23:58:45.007567" level="INFO">${href} = https://jetruby.com/blog/news/</msg>
<var>${href}</var>
<arg>${link}</arg>
<arg>${HREF_ATTRIBUTE}</arg>
<doc>Returns the value of ``attribute`` from the element ``locator``.</doc>
<status status="PASS" start="2025-12-11T23:58:44.999408" elapsed="0.008220"/>
</kw>
<kw name="Should Not Be Empty" owner="BuiltIn">
<msg time="2025-12-11T23:58:45.008089" level="INFO">Length is 30.</msg>
<arg>${href}</arg>
<arg>Navigation link should have a non-empty href attribute</arg>
<doc>Verifies that the given item is not empty.</doc>
<status status="PASS" start="2025-12-11T23:58:45.007860" elapsed="0.000287"/>
</kw>
<var name="${link}">&lt;selenium.webdriver.remote.webelement.WebElement (session="697f0cec3e26383b454009dfedfb7545", element="f.3A98832DFE95F0AA0C25EF3CFA64C9B6.d.279D277D9237B0C10130DB9A12A89D2B.e.532")&gt;</var>
<status status="PASS" start="2025-12-11T23:58:44.999303" elapsed="0.008907"/>
</iter>
<var>${link}</var>
<value>@{links}</value>
<status status="PASS" start="2025-12-11T23:58:44.945431" elapsed="0.062849"/>
</for>
<status status="PASS" start="2025-12-11T23:58:44.928520" elapsed="0.079869"/>
</kw>
<status status="PASS" start="2025-12-11T23:58:44.928121" elapsed="0.080339"/>
</kw>
<doc>Verify that each navigation link contains a non-empty href attribute. Links are checked twice!</doc>
<tag>navigation</tag>
<tag>Review</tag>
<status status="PASS" start="2025-12-11T23:58:44.297694" elapsed="0.711106"/>
</test>
<test id="s1-s1-t9" name="Navigation Links Are Keyboard-focusable" line="150">
<kw name="Given I am on the homepage" owner="Common">
<kw name="Go To" owner="SeleniumLibrary">
<msg time="2025-12-11T23:58:45.010799" level="INFO">Opening url 'https://jetruby.com/'</msg>
<arg>${HOMEPAGE_URL}</arg>
<doc>Navigates the current browser window to the provided ``url``.</doc>
<status status="PASS" start="2025-12-11T23:58:45.010615" elapsed="0.583801"/>
</kw>
<status status="PASS" start="2025-12-11T23:58:45.010201" elapsed="0.584389"/>
</kw>
<kw name="When I press Tab key repeatedly from page start" owner="HeaderKeywords">
<kw name="Simulate tab key navigation" owner="HeaderFunctions">
<kw name="Log" owner="BuiltIn">
<msg time="2025-12-11T23:58:45.596180" level="INFO">Simulating tab key navigation</msg>
<arg>Simulating tab key navigation</arg>
<doc>Logs the given message with the given level.</doc>
<status status="PASS" start="2025-12-11T23:58:45.595985" elapsed="0.000281"/>
</kw>
<status status="PASS" start="2025-12-11T23:58:45.595676" elapsed="0.000704"/>
</kw>
<status status="PASS" start="2025-12-11T23:58:45.595116" elapsed="0.001334"/>
</kw>
<kw name="Then I should be able to focus each navigation link in order" owner="HeaderKeywords">
<kw name="Verify navigation link focusability" owner="HeaderFunctions">
<kw name="Log" owner="BuiltIn">
<msg time="2025-12-11T23:58:45.597597" level="INFO">Verifying navigation link focusability</msg>
<arg>Verifying navigation link focusability</arg>
<doc>Logs the given message with the given level.</doc>
<status status="PASS" start="2025-12-11T23:58:45.597442" elapsed="0.000306"/>
</kw>
<status status="PASS" start="2025-12-11T23:58:45.597133" elapsed="0.000795"/>
</kw>
<status status="PASS" start="2025-12-11T23:58:45.596799" elapsed="0.001197"/>
</kw>
<tag>navigation</tag>
<status status="PASS" start="2025-12-11T23:58:45.009485" elapsed="0.588767"/>
</test>
<test id="s1-s1-t10" name="Contact Button Is Present In The Header" line="156">
<kw name="Given I am on the homepage" owner="Common">
<kw name="Go To" owner="SeleniumLibrary">
<msg time="2025-12-11T23:58:45.600386" level="INFO">Opening url 'https://jetruby.com/'</msg>
<arg>${HOMEPAGE_URL}</arg>
<doc>Navigates the current browser window to the provided ``url``.</doc>
<status status="PASS" start="2025-12-11T23:58:45.600150" elapsed="0.511839"/>
</kw>
<status status="PASS" start="2025-12-11T23:58:45.599672" elapsed="0.512453"/>
</kw>
<kw name="When the header is checked for contact button" owner="HeaderKeywords">
<kw name="Look for contact button in header" owner="HeaderFunctions">
<kw name="Page Should Contain Element" owner="SeleniumLibrary">
<msg time="2025-12-11T23:58:46.144876" level="INFO">Current page contains element 'css:.elementor-button'.</msg>
<arg>${CONTACT_BUTTON}</arg>
<doc>Verifies that element ``locator`` is found on the current page.</doc>
<status status="PASS" start="2025-12-11T23:58:46.113167" elapsed="0.031850"/>
</kw>
<status status="PASS" start="2025-12-11T23:58:46.112868" elapsed="0.032277"/>
</kw>
<status status="PASS" start="2025-12-11T23:58:46.112474" elapsed="0.032750"/>
</kw>
<kw name="Then the &quot;Contact&quot; button should be present" owner="HeaderKeywords">
<kw name="Check if contact button is present" owner="HeaderFunctions">
<kw name="Page Should Contain Element" owner="SeleniumLibrary">
<msg time="2025-12-11T23:58:46.155545" level="INFO">Current page contains element 'css:.elementor-button'.</msg>
<arg>${CONTACT_BUTTON}</arg>
<doc>Verifies that element ``locator`` is found on the current page.</doc>
<status status="PASS" start="2025-12-11T23:58:46.146446" elapsed="0.009181"/>
</kw>
<status status="PASS" start="2025-12-11T23:58:46.146144" elapsed="0.009558"/>
</kw>
<status status="PASS" start="2025-12-11T23:58:46.145740" elapsed="0.009999"/>
</kw>
<tag>contact-button</tag>
<status status="PASS" start="2025-12-11T23:58:45.598801" elapsed="0.557250"/>
</test>
<test id="s1-s1-t11" name="Contact Button Is Styled As A Call-to-action" line="162">
<kw name="Given I am on the homepage" owner="Common">
<kw name="Go To" owner="SeleniumLibrary">
<msg time="2025-12-11T23:58:46.157208" level="INFO">Opening url 'https://jetruby.com/'</msg>
<arg>${HOMEPAGE_URL}</arg>
<doc>Navigates the current browser window to the provided ``url``.</doc>
<status status="PASS" start="2025-12-11T23:58:46.157104" elapsed="0.610479"/>
</kw>
<status status="PASS" start="2025-12-11T23:58:46.156896" elapsed="0.610939"/>
</kw>
<kw name="When the contact button is examined" owner="HeaderKeywords">
<kw name="Inspect contact button properties" owner="HeaderFunctions">
<kw name="Log" owner="BuiltIn">
<msg time="2025-12-11T23:58:46.770126" level="INFO">Inspecting contact button properties</msg>
<arg>Inspecting contact button properties</arg>
<doc>Logs the given message with the given level.</doc>
<status status="PASS" start="2025-12-11T23:58:46.769869" elapsed="0.000378"/>
</kw>
<status status="PASS" start="2025-12-11T23:58:46.769493" elapsed="0.000855"/>
</kw>
<status status="PASS" start="2025-12-11T23:58:46.768855" elapsed="0.001560"/>
</kw>
<kw name="Then the &quot;Contact&quot; button should have a distinct visual style (e.g., background color)" owner="HeaderKeywords">
<kw name="Validate contact button styling" owner="HeaderFunctions">
<kw name="Log" owner="BuiltIn">
<msg time="2025-12-11T23:58:46.771530" level="INFO">Validating contact button styling</msg>
<arg>Validating contact button styling</arg>
<doc>Logs the given message with the given level.</doc>
<status status="PASS" start="2025-12-11T23:58:46.771416" elapsed="0.000173"/>
</kw>
<status status="PASS" start="2025-12-11T23:58:46.771135" elapsed="0.000536"/>
</kw>
<status status="PASS" start="2025-12-11T23:58:46.770835" elapsed="0.000901"/>
</kw>
<tag>contact-button</tag>
<status status="PASS" start="2025-12-11T23:58:46.156542" elapsed="0.615519"/>
</test>
<test id="s1-s1-t12" name="Contact Button Is Clickable" line="168">
<kw name="Given I am on the homepage" owner="Common">
<kw name="Go To" owner="SeleniumLibrary">
<msg time="2025-12-11T23:58:46.776336" level="INFO">Opening url 'https://jetruby.com/'</msg>
<arg>${HOMEPAGE_URL}</arg>
<doc>Navigates the current browser window to the provided ``url``.</doc>
<status status="PASS" start="2025-12-11T23:58:46.775893" elapsed="0.597714"/>
</kw>
<status status="PASS" start="2025-12-11T23:58:46.775012" elapsed="0.598690"/>
</kw>
<kw name="When I click the &quot;Contact&quot; button" owner="HeaderKeywords">
<kw name="Click on contact button" owner="HeaderFunctions">
<kw name="Click Element" owner="SeleniumLibrary">
<msg time="2025-12-11T23:58:47.375233" level="INFO">Clicking element 'css:.elementor-button'.</msg>
<arg>${CONTACT_BUTTON}</arg>
<doc>Click the element identified by ``locator``.</doc>
<status status="PASS" start="2025-12-11T23:58:47.375073" elapsed="0.152263"/>
</kw>
<status status="PASS" start="2025-12-11T23:58:47.374844" elapsed="0.152646"/>
</kw>
<status status="PASS" start="2025-12-11T23:58:47.374396" elapsed="0.153196"/>
</kw>
[...]
<kw name="Log" owner="BuiltIn">
<msg time="2025-12-11T23:58:56.981508" level="INFO">Scanning header for unsafe scripts</msg>
<arg>Scanning header for unsafe scripts</arg>
<doc>Logs the given message with the given level.</doc>
<status status="PASS" start="2025-12-11T23:58:56.981437" elapsed="0.000104"/>
</kw>
<status status="PASS" start="2025-12-11T23:58:56.981296" elapsed="0.000288"/>
</kw>
<status status="PASS" start="2025-12-11T23:58:56.981105" elapsed="0.000506"/>
</kw>
<tag>security</tag>
<status status="PASS" start="2025-12-11T23:58:56.471402" elapsed="0.510536"/>
</test>
<test id="s1-s1-t25" name="Logo Links To Root With Rel=home Or Equivalent Semantic Practice" line="249">
<kw name="Given I am on the homepage" owner="Common">
<kw name="Go To" owner="SeleniumLibrary">
<msg time="2025-12-11T23:58:56.984024" level="INFO">Opening url 'https://jetruby.com/'</msg>
<arg>${HOMEPAGE_URL}</arg>
<doc>Navigates the current browser window to the provided ``url``.</doc>
<status status="PASS" start="2025-12-11T23:58:56.983858" elapsed="0.617531"/>
</kw>
<status status="PASS" start="2025-12-11T23:58:56.983550" elapsed="0.618001"/>
</kw>
<kw name="When the logo link is checked" owner="HeaderKeywords">
<kw name="Examine logo link properties" owner="HeaderFunctions">
<kw name="Log" owner="BuiltIn">
<msg time="2025-12-11T23:58:57.602779" level="INFO">Examining logo link properties</msg>
<arg>Examining logo link properties</arg>
<doc>Logs the given message with the given level.</doc>
<status status="PASS" start="2025-12-11T23:58:57.602703" elapsed="0.000109"/>
</kw>
<status status="PASS" start="2025-12-11T23:58:57.602540" elapsed="0.000315"/>
</kw>
<status status="PASS" start="2025-12-11T23:58:57.602236" elapsed="0.000652"/>
</kw>
<kw name="Then the logo link should point to &quot;/&quot; and support SEO best practices" owner="HeaderKeywords">
<kw name="Validate logo link destination" owner="HeaderFunctions">
<kw name="Get Element Attribute" owner="SeleniumLibrary">
<msg time="2025-12-11T23:58:57.627518" level="INFO">${href} = https://jetruby.com/</msg>
<var>${href}</var>
<arg>${HEADER_LOGO}</arg>
<arg>href</arg>
<doc>Returns the value of ``attribute`` from the element ``locator``.</doc>
<status status="PASS" start="2025-12-11T23:58:57.603341" elapsed="0.024222"/>
</kw>
<kw name="Should Be Equal" owner="BuiltIn">
<arg>${href}</arg>
<arg>https://jetruby.com/</arg>
<arg>Logo link should point to "https://jetruby.com/"</arg>
<doc>Fails if the given objects are unequal.</doc>
<status status="PASS" start="2025-12-11T23:58:57.627732" elapsed="0.000206"/>
</kw>
<status status="PASS" start="2025-12-11T23:58:57.603213" elapsed="0.024792"/>
</kw>
<status status="PASS" start="2025-12-11T23:58:57.603053" elapsed="0.024993"/>
</kw>
<tag>seo</tag>
<status status="PASS" start="2025-12-11T23:58:56.982926" elapsed="0.645317"/>
</test>
<test id="s1-s1-t26" name="Navigation Links Show Visual Feedback On Hover" line="255">
<kw name="Given the viewport is set to desktop-sized" owner="Common">
<kw name="Set Window Size" owner="SeleniumLibrary">
<arg>${DESKTOP_WIDTH}</arg>
<arg>800</arg>
<doc>Sets current windows size to given ``width`` and ``height``.</doc>
<status status="PASS" start="2025-12-11T23:58:57.629559" elapsed="0.173827"/>
</kw>
<status status="PASS" start="2025-12-11T23:58:57.629337" elapsed="0.174190"/>
</kw>
<kw name="When I hover over the &quot;Portfolio&quot; link" owner="HeaderKeywords">
<kw name="Hover over portfolio link" owner="HeaderFunctions">
<kw name="Log" owner="BuiltIn">
<msg time="2025-12-11T23:58:57.804890" level="INFO">Hovering over portfolio link</msg>
<arg>Hovering over portfolio link</arg>
<doc>Logs the given message with the given level.</doc>
<status status="PASS" start="2025-12-11T23:58:57.804751" elapsed="0.000195"/>
</kw>
<status status="PASS" start="2025-12-11T23:58:57.804481" elapsed="0.000542"/>
</kw>
<status status="PASS" start="2025-12-11T23:58:57.804141" elapsed="0.000933"/>
</kw>
<kw name="Then it should display a hover effect (e.g., color change, underline)" owner="HeaderKeywords">
<kw name="Verify hover effect" owner="HeaderFunctions">
<kw name="Log" owner="BuiltIn">
<msg time="2025-12-11T23:58:57.806332" level="INFO">Verifying hover effect</msg>
<arg>Verifying hover effect</arg>
<doc>Logs the given message with the given level.</doc>
<status status="PASS" start="2025-12-11T23:58:57.806205" elapsed="0.000192"/>
</kw>
<status status="PASS" start="2025-12-11T23:58:57.805947" elapsed="0.000531"/>
</kw>
<status status="PASS" start="2025-12-11T23:58:57.805619" elapsed="0.000909"/>
</kw>
<tag>hover-states</tag>
<status status="PASS" start="2025-12-11T23:58:57.628783" elapsed="0.178086"/>
</test>
<test id="s1-s1-t27" name="All Interactive Elements Show Visible Focus Indicator" line="261">
<kw name="Given I am on the homepage" owner="Common">
<kw name="Go To" owner="SeleniumLibrary">
<msg time="2025-12-11T23:58:57.809182" level="INFO">Opening url 'https://jetruby.com/'</msg>
<arg>${HOMEPAGE_URL}</arg>
<doc>Navigates the current browser window to the provided ``url``.</doc>
<status status="PASS" start="2025-12-11T23:58:57.808994" elapsed="0.574996"/>
</kw>
<status status="PASS" start="2025-12-11T23:58:57.808620" elapsed="0.575463"/>
</kw>
<kw name="When I tab to the &quot;Contact&quot; button" owner="HeaderKeywords">
<kw name="Tab to contact button" owner="HeaderFunctions">
<kw name="Log" owner="BuiltIn">
<msg time="2025-12-11T23:58:58.384857" level="INFO">Tabbing to contact button</msg>
<arg>Tabbing to contact button</arg>
<doc>Logs the given message with the given level.</doc>
<status status="PASS" start="2025-12-11T23:58:58.384771" elapsed="0.000123"/>
</kw>
<status status="PASS" start="2025-12-11T23:58:58.384618" elapsed="0.000332"/>
</kw>
<status status="PASS" start="2025-12-11T23:58:58.384395" elapsed="0.000586"/>
</kw>
<kw name="Then it should display a clear focus ring or outline" owner="HeaderKeywords">
<kw name="Verify focus indicator" owner="HeaderFunctions">
<kw name="Log" owner="BuiltIn">
<msg time="2025-12-11T23:58:58.386326" level="INFO">Verifying focus indicator</msg>
<arg>Verifying focus indicator</arg>
<doc>Logs the given message with the given level.</doc>
<status status="PASS" start="2025-12-11T23:58:58.386176" elapsed="0.000235"/>
</kw>
<status status="PASS" start="2025-12-11T23:58:58.385828" elapsed="0.000676"/>
</kw>
<status status="PASS" start="2025-12-11T23:58:58.385402" elapsed="0.001194"/>
</kw>
<tag>focus-states</tag>
<status status="PASS" start="2025-12-11T23:58:57.807941" elapsed="0.578979"/>
</test>
<test id="s1-s1-t28" name="Header Remains Fixed Or Behaves As Designed On Scroll" line="267">
<kw name="Given I am on the homepage" owner="Common">
<kw name="Go To" owner="SeleniumLibrary">
<msg time="2025-12-11T23:58:58.388920" level="INFO">Opening url 'https://jetruby.com/'</msg>
<arg>${HOMEPAGE_URL}</arg>
<doc>Navigates the current browser window to the provided ``url``.</doc>
<status status="PASS" start="2025-12-11T23:58:58.388745" elapsed="0.535701"/>
</kw>
<status status="PASS" start="2025-12-11T23:58:58.388404" elapsed="0.536255"/>
</kw>
<kw name="When I scroll down 200 pixels" owner="HeaderKeywords">
<kw name="Scroll page vertically" owner="HeaderFunctions">
<kw name="Execute Javascript" owner="SeleniumLibrary">
<msg time="2025-12-11T23:58:58.927190" level="INFO">Executing JavaScript:
window.scrollBy(0, 200)
Without any arguments.</msg>
<arg>window.scrollBy(0, ${pixels})</arg>
<doc>Executes the given JavaScript code with possible arguments.</doc>
<status status="PASS" start="2025-12-11T23:58:58.926270" elapsed="0.008788"/>
</kw>
<arg>200</arg>
<status status="PASS" start="2025-12-11T23:58:58.925863" elapsed="0.009401"/>
</kw>
<status status="PASS" start="2025-12-11T23:58:58.925320" elapsed="0.010030"/>
</kw>
<kw name="Then the header should maintain its expected scroll behavior (fixed/sticky/collapsible)" owner="HeaderKeywords">
<kw name="Verify header scroll behavior" owner="HeaderFunctions">
<kw name="Log" owner="BuiltIn">
<msg time="2025-12-11T23:58:58.936593" level="INFO">Verifying header scroll behavior</msg>
<arg>Verifying header scroll behavior</arg>
<doc>Logs the given message with the given level.</doc>
<status status="PASS" start="2025-12-11T23:58:58.936497" elapsed="0.000142"/>
</kw>
<status status="PASS" start="2025-12-11T23:58:58.936152" elapsed="0.000544"/>
</kw>
<status status="PASS" start="2025-12-11T23:58:58.935776" elapsed="0.000955"/>
</kw>
<tag>scrolling</tag>
<status status="PASS" start="2025-12-11T23:58:58.387715" elapsed="0.549371"/>
</test>
<test id="s1-s1-t29" name="Header Renders Correctly Even If One Asset Fails To Load" line="273">
<kw name="Given the logo image fails to load" owner="HeaderKeywords">
<kw name="Simulate logo image failure" owner="HeaderFunctions">
<kw name="Log" owner="BuiltIn">
<msg time="2025-12-11T23:58:58.940076" level="INFO">Simulating logo image failure</msg>
<arg>Simulating logo image failure</arg>
<doc>Logs the given message with the given level.</doc>
<status status="PASS" start="2025-12-11T23:58:58.939966" elapsed="0.000165"/>
</kw>
<status status="PASS" start="2025-12-11T23:58:58.939760" elapsed="0.000443"/>
</kw>
<status status="PASS" start="2025-12-11T23:58:58.939478" elapsed="0.000765"/>
</kw>
<kw name="When the header is rendered" owner="HeaderKeywords">
<kw name="Wait for header to render" owner="HeaderFunctions">
<kw name="Wait Until Page Contains Element" owner="SeleniumLibrary">
<arg>${HEADER_ELEMENT}</arg>
<doc>Waits until the element ``locator`` appears on the current page.</doc>
<status status="PASS" start="2025-12-11T23:58:58.941220" elapsed="0.010662"/>
</kw>
<status status="PASS" start="2025-12-11T23:58:58.940895" elapsed="0.011119"/>
</kw>
<status status="PASS" start="2025-12-11T23:58:58.940669" elapsed="0.011392"/>
</kw>
<kw name="Then the header layout should not break" owner="HeaderKeywords">
<kw name="Verify header layout integrity" owner="HeaderFunctions">
<kw name="Log" owner="BuiltIn">
<msg time="2025-12-11T23:58:58.953239" level="INFO">Verifying header layout integrity</msg>
<arg>Verifying header layout integrity</arg>
<doc>Logs the given message with the given level.</doc>
<status status="PASS" start="2025-12-11T23:58:58.953060" elapsed="0.000292"/>
</kw>
<status status="PASS" start="2025-12-11T23:58:58.952880" elapsed="0.000585"/>
</kw>
<status status="PASS" start="2025-12-11T23:58:58.952538" elapsed="0.001011"/>
</kw>
<tag>error-resilience</tag>
<status status="PASS" start="2025-12-11T23:58:58.938823" elapsed="0.015064"/>
</test>
<test id="s1-s1-t30" name="Entire Header Is Navigable Via Keyboard Only" line="279">
<kw name="Given I am on the homepage" owner="Common">
<kw name="Go To" owner="SeleniumLibrary">
<msg time="2025-12-11T23:58:58.956271" level="INFO">Opening url 'https://jetruby.com/'</msg>
<arg>${HOMEPAGE_URL}</arg>
<doc>Navigates the current browser window to the provided ``url``.</doc>
<status status="PASS" start="2025-12-11T23:58:58.956067" elapsed="0.666994"/>
</kw>
<status status="PASS" start="2025-12-11T23:58:58.955504" elapsed="0.667686"/>
</kw>
<kw name="When I use only Tab and Enter keys" owner="HeaderKeywords">
<kw name="Navigate with keyboard only" owner="HeaderFunctions">
<kw name="Log" owner="BuiltIn">
<msg time="2025-12-11T23:58:59.624687" level="INFO">Navigating with keyboard only</msg>
<arg>Navigating with keyboard only</arg>
<doc>Logs the given message with the given level.</doc>
<status status="PASS" start="2025-12-11T23:58:59.624537" elapsed="0.000339"/>
</kw>
<status status="PASS" start="2025-12-11T23:58:59.624223" elapsed="0.000777"/>
</kw>
<status status="PASS" start="2025-12-11T23:58:59.623759" elapsed="0.001279"/>
</kw>
<kw name="Then I should be able to access all interactive header elements" owner="HeaderKeywords">
<kw name="Verify keyboard accessibility" owner="HeaderFunctions">
<kw name="Log" owner="BuiltIn">
<msg time="2025-12-11T23:58:59.625947" level="INFO">Verifying keyboard accessibility</msg>
<arg>Verifying keyboard accessibility</arg>
<doc>Logs the given message with the given level.</doc>
<status status="PASS" start="2025-12-11T23:58:59.625837" elapsed="0.000161"/>
</kw>
<status status="PASS" start="2025-12-11T23:58:59.625647" elapsed="0.000417"/>
</kw>
<status status="PASS" start="2025-12-11T23:58:59.625394" elapsed="0.000708"/>
</kw>
<tag>keyboard-navigation</tag>
<status status="PASS" start="2025-12-11T23:58:58.954811" elapsed="0.671602"/>
</test>
<test id="s1-s1-t31" name="Header Appears Appropriately In Print Preview" line="285">
<kw name="Given I am on the homepage" owner="Common">
<kw name="Go To" owner="SeleniumLibrary">
<msg time="2025-12-11T23:58:59.628213" level="INFO">Opening url 'https://jetruby.com/'</msg>
<arg>${HOMEPAGE_URL}</arg>
<doc>Navigates the current browser window to the provided ``url``.</doc>
<status status="PASS" start="2025-12-11T23:58:59.628020" elapsed="0.562399"/>
</kw>
<status status="PASS" start="2025-12-11T23:58:59.627662" elapsed="0.562943"/>
</kw>
<kw name="When I open print preview" owner="HeaderKeywords">
<kw name="Open print preview dialog" owner="HeaderFunctions">
<kw name="Log" owner="BuiltIn">
<msg time="2025-12-11T23:59:00.192166" level="INFO">Opening print preview dialog</msg>
<arg>Opening print preview dialog</arg>
<doc>Logs the given message with the given level.</doc>
<status status="PASS" start="2025-12-11T23:59:00.191952" elapsed="0.000341"/>
</kw>
<status status="PASS" start="2025-12-11T23:59:00.191641" elapsed="0.000800"/>
</kw>
<status status="PASS" start="2025-12-11T23:59:00.191184" elapsed="0.001335"/>
</kw>
<kw name="Then the header should be visible and legible" owner="HeaderKeywords">
<kw name="Verify print preview header" owner="HeaderFunctions">
<kw name="Log" owner="BuiltIn">
<msg time="2025-12-11T23:59:00.193894" level="INFO">Verifying print preview header</msg>
<arg>Verifying print preview header</arg>
<doc>Logs the given message with the given level.</doc>
<status status="PASS" start="2025-12-11T23:59:00.193760" elapsed="0.000196"/>
</kw>
<status status="PASS" start="2025-12-11T23:59:00.193321" elapsed="0.000724"/>
</kw>
<status status="PASS" start="2025-12-11T23:59:00.192897" elapsed="0.001219"/>
</kw>
<tag>print</tag>
<status status="PASS" start="2025-12-11T23:58:59.627040" elapsed="0.567318"/>
</test>
<test id="s1-s1-t32" name="Header Adapts To System Dark Mode" line="291">
<kw name="Given the OS is set to dark mode" owner="Common">
<kw name="No Operation" owner="BuiltIn">
<doc>Does absolutely nothing.</doc>
<status status="PASS" start="2025-12-11T23:59:00.196210" elapsed="0.000149"/>
</kw>
<status status="PASS" start="2025-12-11T23:59:00.195828" elapsed="0.000628"/>
</kw>
<kw name="When the page is loaded" owner="HeaderKeywords">
<kw name="Wait for page to load completely" owner="HeaderFunctions">
<kw name="Wait Until Page Contains Element" owner="SeleniumLibrary">
<arg>${HEADER_ELEMENT}</arg>
<doc>Waits until the element ``locator`` appears on the current page.</doc>
<status status="PASS" start="2025-12-11T23:59:00.197386" elapsed="0.010240"/>
</kw>
<status status="PASS" start="2025-12-11T23:59:00.197125" elapsed="0.010672"/>
</kw>
<status status="PASS" start="2025-12-11T23:59:00.196816" elapsed="0.011062"/>
</kw>
<kw name="Then the header should use appropriate dark-mode colors" owner="HeaderKeywords">
<kw name="Verify dark mode styling" owner="HeaderFunctions">
<kw name="Log" owner="BuiltIn">
<msg time="2025-12-11T23:59:00.209058" level="INFO">Verifying dark mode styling</msg>
<arg>Verifying dark mode styling</arg>
<doc>Logs the given message with the given level.</doc>
<status status="PASS" start="2025-12-11T23:59:00.208968" elapsed="0.000138"/>
</kw>
<status status="PASS" start="2025-12-11T23:59:00.208773" elapsed="0.000388"/>
</kw>
<status status="PASS" start="2025-12-11T23:59:00.208489" elapsed="0.000706"/>
</kw>
<tag>dark-mode</tag>
<status status="PASS" start="2025-12-11T23:59:00.195004" elapsed="0.014509"/>
</test>
<test id="s1-s1-t33" name="Clicks On Header Links Trigger Expected Tracking Events" line="298">
<kw name="Given I am on the homepage" owner="Common">
<kw name="Go To" owner="SeleniumLibrary">
<msg time="2025-12-11T23:59:00.211333" level="INFO">Opening url 'https://jetruby.com/'</msg>
<arg>${HOMEPAGE_URL}</arg>
<doc>Navigates the current browser window to the provided ``url``.</doc>
<status status="PASS" start="2025-12-11T23:59:00.211232" elapsed="0.572194"/>
</kw>
<status status="PASS" start="2025-12-11T23:59:00.211031" elapsed="0.572506"/>
</kw>
<kw name="When I click the &quot;Blog&quot; link" owner="HeaderKeywords">
<kw name="Click on blog link" owner="HeaderFunctions">
<kw name="Log" owner="BuiltIn">
<msg time="2025-12-11T23:59:00.784835" level="INFO">Clicking on blog link</msg>
<arg>Clicking on blog link</arg>
<doc>Logs the given message with the given level.</doc>
<status status="PASS" start="2025-12-11T23:59:00.784714" elapsed="0.000182"/>
</kw>
<status status="PASS" start="2025-12-11T23:59:00.784494" elapsed="0.000470"/>
</kw>
<status status="PASS" start="2025-12-11T23:59:00.784127" elapsed="0.000873"/>
</kw>
<kw name="Then a tracking event should be sent (e.g., via dataLayer or analytics API)" owner="HeaderKeywords">
<kw name="Verify analytics event triggered" owner="HeaderFunctions">
<kw name="Log" owner="BuiltIn">
<msg time="2025-12-11T23:59:00.786081" level="INFO">Verifying analytics event triggered</msg>
<arg>Verifying analytics event triggered</arg>
<doc>Logs the given message with the given level.</doc>
<status status="PASS" start="2025-12-11T23:59:00.785955" elapsed="0.000170"/>
</kw>
<status status="PASS" start="2025-12-11T23:59:00.785733" elapsed="0.000452"/>
</kw>
<status status="PASS" start="2025-12-11T23:59:00.785384" elapsed="0.000835"/>
</kw>
<tag>analytics</tag>
<status status="PASS" start="2025-12-11T23:59:00.210444" elapsed="0.576116"/>
</test>
<kw name="Close All Browsers" owner="SeleniumLibrary" type="TEARDOWN">
<doc>Closes all open browsers and resets the browser cache.</doc>
<status status="PASS" start="2025-12-11T23:59:00.787648" elapsed="2.185067"/>
</kw>
<doc>Feature: Website Header Validation
Tests for validating website header components and behaviors</doc>
<status status="FAIL" start="2025-12-11T23:58:36.630853" elapsed="26.341947"/>
</suite>
<status status="FAIL" start="2025-12-11T23:58:36.604236" elapsed="26.370542"/>
</suite>
<statistics>
<total>
<stat pass="32" fail="1" skip="0">All Tests</stat>
</total>
<tag>
<stat pass="2" fail="0" skip="0">accessibility</stat>
<stat pass="1" fail="0" skip="0">analytics</stat>
<stat pass="4" fail="0" skip="0">contact-button</stat>
<stat pass="1" fail="0" skip="0">dark-mode</stat>
<stat pass="1" fail="0" skip="0">error-resilience</stat>
<stat pass="1" fail="0" skip="0">focus-states</stat>
<stat pass="1" fail="0" skip="0">hover-states</stat>
<stat pass="1" fail="0" skip="0">keyboard-navigation</stat>
<stat pass="2" fail="1" skip="0">logo</stat>
<stat pass="6" fail="0" skip="0">mobile</stat>
<stat pass="4" fail="0" skip="0">navigation</stat>
<stat pass="1" fail="0" skip="0">performance</stat>
<stat pass="1" fail="0" skip="0">print</stat>
<stat pass="1" fail="0" skip="0">Review</stat>
<stat pass="1" fail="0" skip="0">scrolling</stat>
<stat pass="1" fail="0" skip="0">security</stat>
<stat pass="1" fail="0" skip="0">seo</stat>
<stat pass="2" fail="0" skip="0">visibility</stat>
<stat pass="1" fail="0" skip="0">visual</stat>
</tag>
<suite>
<stat name="Tests" id="s1" pass="32" fail="1" skip="0">Tests</stat>
<stat name="Header" id="s1-s1" pass="32" fail="1" skip="0">Tests.Header</stat>
</suite>
</statistics>
<errors>
<msg time="2025-12-11T23:58:48.255442" level="WARN">Keyword 'BuiltIn.Run Keyword Unless' is deprecated. </msg>
<msg time="2025-12-11T23:58:54.937351" level="WARN">Keyword 'BuiltIn.Run Keyword Unless' is deprecated. </msg>
<msg time="2025-12-11T23:58:55.488000" level="WARN">Keyword 'BuiltIn.Run Keyword Unless' is deprecated. </msg>
</errors>
</robot>
