<?xml version="1.0" encoding="UTF-8"?>
<robot generator="Robot 7.3.2 (Python 3.14.0 on win32)" generated="2025-12-07T19:22:48.874731" rpa="false" schemaversion="5">
<suite id="s1" name="Tests" source="D:\My docs\Projects\JetRuby.01\Tests">
<suite id="s1-s1" name="Header" source="D:\My docs\Projects\JetRuby.01\Tests\Header.robot">
<kw name="Open Browser To Homepage" owner="Common" type="SETUP">
<kw name="Open Browser" owner="SeleniumLibrary">
<msg time="2025-12-07T19:22:49.077382" level="INFO">Opening browser 'chrome' to base url 'https://jetruby.com/'.</msg>
<arg>${HOMEPAGE_URL}</arg>
<arg>${BROWSER}</arg>
<doc>Opens a new browser instance to the optional ``url``.</doc>
<status status="PASS" start="2025-12-07T19:22:49.077149" elapsed="5.271063"/>
</kw>
<kw name="Maximize Browser Window" owner="SeleniumLibrary">
<doc>Maximizes current browser window.</doc>
<status status="PASS" start="2025-12-07T19:22:54.348610" elapsed="0.105266"/>
</kw>
<kw name="Set Selenium Timeout" owner="SeleniumLibrary">
<arg>${TIMEOUT}</arg>
<doc>Sets the timeout that is used by various keywords.</doc>
<status status="PASS" start="2025-12-07T19:22:54.454161" elapsed="0.001631"/>
</kw>
<status status="PASS" start="2025-12-07T19:22:49.076398" elapsed="5.379567"/>
</kw>
<test id="s1-s1-t1" name="Header Element Is Present In The DOM" line="11">
<kw name="Given I am on the homepage" owner="Common">
<kw name="Go To" owner="SeleniumLibrary">
<msg time="2025-12-07T19:22:54.457632" level="INFO">Opening url 'https://jetruby.com/'</msg>
<arg>${HOMEPAGE_URL}</arg>
<doc>Navigates the current browser window to the provided ``url``.</doc>
<status status="PASS" start="2025-12-07T19:22:54.457406" elapsed="0.553781"/>
</kw>
<status status="PASS" start="2025-12-07T19:22:54.456949" elapsed="0.554433"/>
</kw>
<kw name="When the page source is checked" owner="HeaderKeywords">
<kw name="Check if header element exists in DOM" owner="HeaderFunctions">
<kw name="Page Should Contain Element" owner="SeleniumLibrary">
<msg time="2025-12-07T19:22:55.043464" level="INFO">Current page contains element 'css:.elementor-element-a7a1c7e'.</msg>
<arg>${HEADER_ELEMENT}</arg>
<doc>Verifies that element ``locator`` is found on the current page.</doc>
<status status="PASS" start="2025-12-07T19:22:55.013442" elapsed="0.030196"/>
</kw>
<status status="PASS" start="2025-12-07T19:22:55.013086" elapsed="0.030742"/>
</kw>
<status status="PASS" start="2025-12-07T19:22:55.012554" elapsed="0.031418"/>
</kw>
<kw name="Then the &lt;header&gt; element should exist in the page source" owner="HeaderKeywords">
<kw name="Check if header element exists in DOM" owner="HeaderFunctions">
<kw name="Page Should Contain Element" owner="SeleniumLibrary">
<msg time="2025-12-07T19:22:55.067991" level="INFO">Current page contains element 'css:.elementor-element-a7a1c7e'.</msg>
<arg>${HEADER_ELEMENT}</arg>
<doc>Verifies that element ``locator`` is found on the current page.</doc>
<status status="PASS" start="2025-12-07T19:22:55.045974" elapsed="0.022213"/>
</kw>
<status status="PASS" start="2025-12-07T19:22:55.045393" elapsed="0.023140"/>
</kw>
<status status="PASS" start="2025-12-07T19:22:55.044749" elapsed="0.023976"/>
</kw>
<tag>visibility</tag>
<status status="PASS" start="2025-12-07T19:22:54.456100" elapsed="0.615370"/>
</test>
<test id="s1-s1-t2" name="Header Is Visible On Page Load" line="17">
<kw name="Given the page is opened" owner="Common">
<kw name="Go To" owner="SeleniumLibrary">
<msg time="2025-12-07T19:22:55.083908" level="INFO">Opening url 'https://jetruby.com/'</msg>
<arg>${HOMEPAGE_URL}</arg>
<doc>Navigates the current browser window to the provided ``url``.</doc>
<status status="PASS" start="2025-12-07T19:22:55.083565" elapsed="0.344946"/>
</kw>
<status status="PASS" start="2025-12-07T19:22:55.082004" elapsed="0.346664"/>
</kw>
<kw name="When the page is checked for the header" owner="HeaderKeywords">
<kw name="Look for header on page" owner="HeaderFunctions">
<kw name="Page Should Contain Element" owner="SeleniumLibrary">
<msg time="2025-12-07T19:22:55.438845" level="INFO">Current page contains element 'css:.elementor-element-a7a1c7e'.</msg>
<arg>${HEADER_ELEMENT}</arg>
<doc>Verifies that element ``locator`` is found on the current page.</doc>
<status status="PASS" start="2025-12-07T19:22:55.430045" elapsed="0.008931"/>
</kw>
<status status="PASS" start="2025-12-07T19:22:55.429590" elapsed="0.009518"/>
</kw>
<status status="PASS" start="2025-12-07T19:22:55.429177" elapsed="0.010010"/>
</kw>
<kw name="Then the main header should be visible" owner="HeaderKeywords">
<kw name="Verify header visibility" owner="HeaderFunctions">
<kw name="Element Should Be Visible" owner="SeleniumLibrary">
<msg time="2025-12-07T19:22:55.526990" level="INFO">Element 'css:.elementor-element-a7a1c7e' is displayed.</msg>
<arg>${HEADER_ELEMENT}</arg>
<doc>Verifies that the element identified by ``locator`` is visible.</doc>
<status status="PASS" start="2025-12-07T19:22:55.440283" elapsed="0.086848"/>
</kw>
<status status="PASS" start="2025-12-07T19:22:55.439968" elapsed="0.087311"/>
</kw>
<status status="PASS" start="2025-12-07T19:22:55.439610" elapsed="0.087761"/>
</kw>
<tag>visibility</tag>
<status status="PASS" start="2025-12-07T19:22:55.081107" elapsed="0.446979"/>
</test>
<test id="s1-s1-t3" name="Logo Is Present In The Header" line="23">
<kw name="Given I am on the homepage" owner="Common">
<kw name="Go To" owner="SeleniumLibrary">
<msg time="2025-12-07T19:22:55.530578" level="INFO">Opening url 'https://jetruby.com/'</msg>
<arg>${HOMEPAGE_URL}</arg>
<doc>Navigates the current browser window to the provided ``url``.</doc>
<status status="PASS" start="2025-12-07T19:22:55.530336" elapsed="0.343717"/>
</kw>
<status status="PASS" start="2025-12-07T19:22:55.529976" elapsed="0.344368"/>
</kw>
<kw name="When the header content is checked" owner="HeaderKeywords">
<kw name="Examine header content" owner="HeaderFunctions">
<kw name="Page Should Contain Element" owner="SeleniumLibrary">
<msg time="2025-12-07T19:22:55.884057" level="INFO">Current page contains element 'css:.elementor-element-a7a1c7e'.</msg>
<arg>${HEADER_ELEMENT}</arg>
<doc>Verifies that element ``locator`` is found on the current page.</doc>
<status status="PASS" start="2025-12-07T19:22:55.875685" elapsed="0.008502"/>
</kw>
<status status="PASS" start="2025-12-07T19:22:55.875368" elapsed="0.008946"/>
</kw>
<status status="PASS" start="2025-12-07T19:22:55.874891" elapsed="0.009502"/>
</kw>
<kw name="Then the logo image should be present" owner="HeaderKeywords">
<kw name="Check if logo is present" owner="HeaderFunctions">
<kw name="Page Should Contain Element" owner="SeleniumLibrary">
<msg time="2025-12-07T19:22:55.897556" level="INFO">Current page contains element 'css:.elementor-icon'.</msg>
<arg>${HEADER_LOGO}</arg>
<doc>Verifies that element ``locator`` is found on the current page.</doc>
<status status="PASS" start="2025-12-07T19:22:55.885646" elapsed="0.012039"/>
</kw>
<status status="PASS" start="2025-12-07T19:22:55.885249" elapsed="0.012559"/>
</kw>
<status status="PASS" start="2025-12-07T19:22:55.884843" elapsed="0.013041"/>
</kw>
<tag>logo</tag>
<status status="PASS" start="2025-12-07T19:22:55.529246" elapsed="0.368979"/>
</test>
<test id="s1-s1-t4" name="Logo Has Appropriate Alt Text For Accessibility" line="29">
<kw name="Given I am on the homepage" owner="Common">
<kw name="Go To" owner="SeleniumLibrary">
<msg time="2025-12-07T19:22:55.900554" level="INFO">Opening url 'https://jetruby.com/'</msg>
<arg>${HOMEPAGE_URL}</arg>
<doc>Navigates the current browser window to the provided ``url``.</doc>
<status status="PASS" start="2025-12-07T19:22:55.900314" elapsed="0.164248"/>
</kw>
<status status="PASS" start="2025-12-07T19:22:55.899826" elapsed="0.164947"/>
</kw>
<kw name="When the logo element is examined" owner="HeaderKeywords">
<kw name="Validate logo alt attribute" owner="HeaderFunctions">
<kw name="Get Element Attribute" owner="SeleniumLibrary">
<msg time="2025-12-07T19:22:56.275484" level="INFO">${alt_text} = None</msg>
<var>${alt_text}</var>
<arg>${HEADER_LOGO}</arg>
<arg>${ALT_ATTRIBUTE}</arg>
<doc>Returns the value of ``attribute`` from the element ``locator``.</doc>
<status status="PASS" start="2025-12-07T19:22:56.070721" elapsed="0.204849"/>
</kw>
<kw name="Should Not Be Empty" owner="BuiltIn">
<msg time="2025-12-07T19:22:56.276220" level="FAIL">Could not get length of 'None'.</msg>
<arg>${alt_text}</arg>
<arg>${EMPTY_ALT_ERROR}</arg>
<doc>Verifies that the given item is not empty.</doc>
<status status="FAIL" start="2025-12-07T19:22:56.275810" elapsed="0.000915">Could not get length of 'None'.</status>
</kw>
<status status="FAIL" start="2025-12-07T19:22:56.070174" elapsed="0.206984">Could not get length of 'None'.</status>
</kw>
<status status="FAIL" start="2025-12-07T19:22:56.069069" elapsed="0.208269">Could not get length of 'None'.</status>
</kw>
<kw name="Then the logo should have non-empty alt attribute" owner="HeaderKeywords">
<status status="NOT RUN" start="2025-12-07T19:22:56.278020" elapsed="0.000090"/>
</kw>
<tag>logo</tag>
<status status="FAIL" start="2025-12-07T19:22:55.898996" elapsed="0.379511">Could not get length of 'None'.</status>
</test>
<test id="s1-s1-t5" name="Logo Is Clickable And Links To Homepage" line="35">
<kw name="Given I am on the homepage" owner="Common">
<kw name="Go To" owner="SeleniumLibrary">
<msg time="2025-12-07T19:22:56.280307" level="INFO">Opening url 'https://jetruby.com/'</msg>
<arg>${HOMEPAGE_URL}</arg>
<doc>Navigates the current browser window to the provided ``url``.</doc>
<status status="PASS" start="2025-12-07T19:22:56.280063" elapsed="0.351488"/>
</kw>
<status status="PASS" start="2025-12-07T19:22:56.279722" elapsed="0.352144"/>
</kw>
<kw name="When I click the logo" owner="HeaderKeywords">
<kw name="Click on the logo image" owner="HeaderFunctions">
<kw name="Click Element" owner="SeleniumLibrary">
<msg time="2025-12-07T19:22:56.634493" level="INFO">Clicking element 'css:.elementor-icon'.</msg>
<arg>${HEADER_LOGO}</arg>
<doc>Click the element identified by ``locator``.</doc>
<status status="PASS" start="2025-12-07T19:22:56.634083" elapsed="0.095898"/>
</kw>
<status status="PASS" start="2025-12-07T19:22:56.633474" elapsed="0.096680"/>
</kw>
<status status="PASS" start="2025-12-07T19:22:56.632724" elapsed="0.097516"/>
</kw>
<kw name="Then I should be navigated to the homepage" owner="HeaderKeywords">
<kw name="Verify current page is homepage" owner="HeaderFunctions">
<kw name="Location Should Be" owner="SeleniumLibrary">
<msg time="2025-12-07T19:22:56.748563" level="INFO">Current location is 'https://jetruby.com/'.</msg>
<arg>${HOMEPAGE_URL}</arg>
<doc>Verifies that the current URL is exactly ``url``.</doc>
<status status="PASS" start="2025-12-07T19:22:56.733050" elapsed="0.015661"/>
</kw>
<status status="PASS" start="2025-12-07T19:22:56.732705" elapsed="0.016137"/>
</kw>
<status status="PASS" start="2025-12-07T19:22:56.732112" elapsed="0.016808"/>
</kw>
<tag>logo</tag>
<status status="PASS" start="2025-12-07T19:22:56.279156" elapsed="0.470173"/>
</test>
<test id="s1-s1-t6" name="All Expected Navigation Items Are Present" line="41">
<kw name="Given I am on the homepage" owner="Common">
<kw name="Go To" owner="SeleniumLibrary">
<msg time="2025-12-07T19:22:56.752727" level="INFO">Opening url 'https://jetruby.com/'</msg>
<arg>${HOMEPAGE_URL}</arg>
<doc>Navigates the current browser window to the provided ``url``.</doc>
<status status="PASS" start="2025-12-07T19:22:56.752410" elapsed="0.425829"/>
</kw>
<status status="PASS" start="2025-12-07T19:22:56.751792" elapsed="0.426597"/>
</kw>
<kw name="When the navigation section is checked" owner="HeaderKeywords">
<kw name="Examine navigation section" owner="HeaderFunctions">
<kw name="Page Should Contain Element" owner="SeleniumLibrary">
<msg time="2025-12-07T19:22:57.192262" level="INFO">Current page contains element 'css:.header-nav'.</msg>
<arg>${NAVIGATION_MENU}</arg>
<doc>Verifies that element ``locator`` is found on the current page.</doc>
<status status="PASS" start="2025-12-07T19:22:57.179560" elapsed="0.012851"/>
</kw>
<status status="PASS" start="2025-12-07T19:22:57.179285" elapsed="0.013576"/>
</kw>
<status status="PASS" start="2025-12-07T19:22:57.178876" elapsed="0.014212"/>
</kw>
<kw name="Then the following navigation links should be present" owner="HeaderKeywords">
<kw name="Verify navigation links presence" owner="HeaderFunctions">
<kw name="Get WebElements" owner="SeleniumLibrary">
<msg time="2025-12-07T19:22:57.233725" level="INFO">@{actual_links} = [ &lt;selenium.webdriver.remote.webelement.WebElement (session="8067234030cc757c0692ad618f811707", element="f.504B2661C12B4387B0F507D10C87243B.d.96D0B75D2BA8405FF13CE3A95882D233.e.512")&gt; | &lt;selenium.webd...</msg>
<var>@{actual_links}</var>
<arg>${NAVIGATION_LINKS}</arg>
<doc>Returns a list of WebElement objects matching the ``locator``.</doc>
<status status="PASS" start="2025-12-07T19:22:57.196833" elapsed="0.037037"/>
</kw>
<kw name="Create List" owner="BuiltIn">
<msg time="2025-12-07T19:22:57.234779" level="INFO">${actual_link_texts} = []</msg>
<var>${actual_link_texts}</var>
<doc>Returns a list containing given items.</doc>
<status status="PASS" start="2025-12-07T19:22:57.234361" elapsed="0.000502"/>
</kw>
<for flavor="IN">
<iter>
<kw name="Get Text" owner="SeleniumLibrary">
<msg time="2025-12-07T19:22:57.262371" level="INFO">${text} = Technologies</msg>
<var>${text}</var>
<arg>${link}</arg>
<doc>Returns the text value of the element identified by ``locator``.</doc>
<status status="PASS" start="2025-12-07T19:22:57.236605" elapsed="0.025885"/>
</kw>
<kw name="Append To List" owner="Collections">
<arg>${actual_link_texts}</arg>
<arg>${text}</arg>
<doc>Adds ``values`` to the end of ``list``.</doc>
<status status="PASS" start="2025-12-07T19:22:57.262939" elapsed="0.000565"/>
</kw>
<var name="${link}">&lt;selenium.webdriver.remote.webelement.WebElement (session="8067234030cc757c0692ad618f811707", element="f.504B2661C12B4387B0F507D10C87243B.d.96D0B75D2BA8405FF13CE3A95882D233.e.512")&gt;</var>
<status status="PASS" start="2025-12-07T19:22:57.236127" elapsed="0.027494"/>
</iter>
<iter>
<kw name="Get Text" owner="SeleniumLibrary">
<msg time="2025-12-07T19:22:57.282703" level="INFO">${text} = Services</msg>
<var>${text}</var>
<arg>${link}</arg>
<doc>Returns the text value of the element identified by ``locator``.</doc>
<status status="PASS" start="2025-12-07T19:22:57.264388" elapsed="0.018379"/>
</kw>
<kw name="Append To List" owner="Collections">
<arg>${actual_link_texts}</arg>
<arg>${text}</arg>
<doc>Adds ``values`` to the end of ``list``.</doc>
<status status="PASS" start="2025-12-07T19:22:57.282988" elapsed="0.000231"/>
</kw>
<var name="${link}">&lt;selenium.webdriver.remote.webelement.WebElement (session="8067234030cc757c0692ad618f811707", element="f.504B2661C12B4387B0F507D10C87243B.d.96D0B75D2BA8405FF13CE3A95882D233.e.513")&gt;</var>
<status status="PASS" start="2025-12-07T19:22:57.264077" elapsed="0.019204"/>
</iter>
<iter>
<kw name="Get Text" owner="SeleniumLibrary">
<msg time="2025-12-07T19:22:57.306197" level="INFO">${text} = Solutions</msg>
<var>${text}</var>
<arg>${link}</arg>
<doc>Returns the text value of the element identified by ``locator``.</doc>
<status status="PASS" start="2025-12-07T19:22:57.283799" elapsed="0.022576"/>
</kw>
<kw name="Append To List" owner="Collections">
<arg>${actual_link_texts}</arg>
<arg>${text}</arg>
<doc>Adds ``values`` to the end of ``list``.</doc>
<status status="PASS" start="2025-12-07T19:22:57.306951" elapsed="0.000736"/>
</kw>
<var name="${link}">&lt;selenium.webdriver.remote.webelement.WebElement (session="8067234030cc757c0692ad618f811707", element="f.504B2661C12B4387B0F507D10C87243B.d.96D0B75D2BA8405FF13CE3A95882D233.e.514")&gt;</var>
<status status="PASS" start="2025-12-07T19:22:57.283496" elapsed="0.024380"/>
</iter>
<iter>
<kw name="Get Text" owner="SeleniumLibrary">
<msg time="2025-12-07T19:22:57.324406" level="INFO">${text} = Industries</msg>
<var>${text}</var>
<arg>${link}</arg>
<doc>Returns the text value of the element identified by ``locator``.</doc>
<status status="PASS" start="2025-12-07T19:22:57.308590" elapsed="0.015877"/>
</kw>
<kw name="Append To List" owner="Collections">
<arg>${actual_link_texts}</arg>
<arg>${text}</arg>
<doc>Adds ``values`` to the end of ``list``.</doc>
<status status="PASS" start="2025-12-07T19:22:57.324714" elapsed="0.000231"/>
</kw>
<var name="${link}">&lt;selenium.webdriver.remote.webelement.WebElement (session="8067234030cc757c0692ad618f811707", element="f.504B2661C12B4387B0F507D10C87243B.d.96D0B75D2BA8405FF13CE3A95882D233.e.515")&gt;</var>
<status status="PASS" start="2025-12-07T19:22:57.308254" elapsed="0.016753"/>
</iter>
<iter>
<kw name="Get Text" owner="SeleniumLibrary">
<msg time="2025-12-07T19:22:57.340039" level="INFO">${text} = Portfolio</msg>
<var>${text}</var>
<arg>${link}</arg>
<doc>Returns the text value of the element identified by ``locator``.</doc>
<status status="PASS" start="2025-12-07T19:22:57.325401" elapsed="0.014785"/>
</kw>
<kw name="Append To List" owner="Collections">
<arg>${actual_link_texts}</arg>
<arg>${text}</arg>
<doc>Adds ``values`` to the end of ``list``.</doc>
<status status="PASS" start="2025-12-07T19:22:57.340661" elapsed="0.000703"/>
</kw>
<var name="${link}">&lt;selenium.webdriver.remote.webelement.WebElement (session="8067234030cc757c0692ad618f811707", element="f.504B2661C12B4387B0F507D10C87243B.d.96D0B75D2BA8405FF13CE3A95882D233.e.516")&gt;</var>
<status status="PASS" start="2025-12-07T19:22:57.325194" elapsed="0.016379"/>
</iter>
<iter>
<kw name="Get Text" owner="SeleniumLibrary">
<msg time="2025-12-07T19:22:57.352485" level="INFO">${text} = Blog</msg>
<var>${text}</var>
<arg>${link}</arg>
<doc>Returns the text value of the element identified by ``locator``.</doc>
<status status="PASS" start="2025-12-07T19:22:57.342138" elapsed="0.010436"/>
</kw>
<kw name="Append To List" owner="Collections">
<arg>${actual_link_texts}</arg>
<arg>${text}</arg>
<doc>Adds ``values`` to the end of ``list``.</doc>
<status status="PASS" start="2025-12-07T19:22:57.352812" elapsed="0.000240"/>
</kw>
<var name="${link}">&lt;selenium.webdriver.remote.webelement.WebElement (session="8067234030cc757c0692ad618f811707", element="f.504B2661C12B4387B0F507D10C87243B.d.96D0B75D2BA8405FF13CE3A95882D233.e.517")&gt;</var>
<status status="PASS" start="2025-12-07T19:22:57.341933" elapsed="0.011187"/>
</iter>
<iter>
<kw name="Get Text" owner="SeleniumLibrary">
<msg time="2025-12-07T19:22:57.363926" level="INFO">${text} = News</msg>
<var>${text}</var>
<arg>${link}</arg>
<doc>Returns the text value of the element identified by ``locator``.</doc>
<status status="PASS" start="2025-12-07T19:22:57.354150" elapsed="0.009841"/>
</kw>
<kw name="Append To List" owner="Collections">
<arg>${actual_link_texts}</arg>
<arg>${text}</arg>
<doc>Adds ``values`` to the end of ``list``.</doc>
<status status="PASS" start="2025-12-07T19:22:57.364222" elapsed="0.000234"/>
</kw>
<var name="${link}">&lt;selenium.webdriver.remote.webelement.WebElement (session="8067234030cc757c0692ad618f811707", element="f.504B2661C12B4387B0F507D10C87243B.d.96D0B75D2BA8405FF13CE3A95882D233.e.518")&gt;</var>
<status status="PASS" start="2025-12-07T19:22:57.353493" elapsed="0.011028"/>
</iter>
<iter>
<kw name="Get Text" owner="SeleniumLibrary">
<msg time="2025-12-07T19:22:57.377096" level="INFO">${text} = Company</msg>
<var>${text}</var>
<arg>${link}</arg>
<doc>Returns the text value of the element identified by ``locator``.</doc>
<status status="PASS" start="2025-12-07T19:22:57.364913" elapsed="0.012298"/>
</kw>
<kw name="Append To List" owner="Collections">
<arg>${actual_link_texts}</arg>
<arg>${text}</arg>
<doc>Adds ``values`` to the end of ``list``.</doc>
<status status="PASS" start="2025-12-07T19:22:57.377605" elapsed="0.000413"/>
</kw>
<var name="${link}">&lt;selenium.webdriver.remote.webelement.WebElement (session="8067234030cc757c0692ad618f811707", element="f.504B2661C12B4387B0F507D10C87243B.d.96D0B75D2BA8405FF13CE3A95882D233.e.519")&gt;</var>
<status status="PASS" start="2025-12-07T19:22:57.364722" elapsed="0.013491"/>
</iter>
<var>${link}</var>
<value>@{actual_links}</value>
<status status="PASS" start="2025-12-07T19:22:57.235086" elapsed="0.143266"/>
</for>
<for flavor="IN">
<iter>
<kw name="List Should Contain Value" owner="Collections">
<arg>${actual_link_texts}</arg>
<arg>${expected_link}</arg>
<doc>Fails if the ``value`` is not found from ``list``.</doc>
<status status="PASS" start="2025-12-07T19:22:57.379193" elapsed="0.000395"/>
</kw>
<var name="${expected_link}">Technologies</var>
<status status="PASS" start="2025-12-07T19:22:57.378953" elapsed="0.000747"/>
</iter>
<iter>
<kw name="List Should Contain Value" owner="Collections">
<arg>${actual_link_texts}</arg>
<arg>${expected_link}</arg>
<doc>Fails if the ``value`` is not found from ``list``.</doc>
<status status="PASS" start="2025-12-07T19:22:57.382286" elapsed="0.000966"/>
</kw>
<var name="${expected_link}">Services</var>
<status status="PASS" start="2025-12-07T19:22:57.379900" elapsed="0.003505"/>
</iter>
<iter>
<kw name="List Should Contain Value" owner="Collections">
<arg>${actual_link_texts}</arg>
<arg>${expected_link}</arg>
<doc>Fails if the ``value`` is not found from ``list``.</doc>
<status status="PASS" start="2025-12-07T19:22:57.383766" elapsed="0.000209"/>
</kw>
<var name="${expected_link}">Solutions</var>
<status status="PASS" start="2025-12-07T19:22:57.383594" elapsed="0.000443"/>
</iter>
<iter>
<kw name="List Should Contain Value" owner="Collections">
<arg>${actual_link_texts}</arg>
<arg>${expected_link}</arg>
<doc>Fails if the ``value`` is not found from ``list``.</doc>
<status status="PASS" start="2025-12-07T19:22:57.384254" elapsed="0.000188"/>
</kw>
<var name="${expected_link}">Industries</var>
<status status="PASS" start="2025-12-07T19:22:57.384148" elapsed="0.000350"/>
</iter>
<iter>
<kw name="List Should Contain Value" owner="Collections">
<arg>${actual_link_texts}</arg>
<arg>${expected_link}</arg>
<doc>Fails if the ``value`` is not found from ``list``.</doc>
<status status="PASS" start="2025-12-07T19:22:57.384789" elapsed="0.000276"/>
</kw>
<var name="${expected_link}">Portfolio</var>
<status status="PASS" start="2025-12-07T19:22:57.384620" elapsed="0.000528"/>
</iter>
<iter>
<kw name="List Should Contain Value" owner="Collections">
<arg>${actual_link_texts}</arg>
<arg>${expected_link}</arg>
<doc>Fails if the ``value`` is not found from ``list``.</doc>
<status status="PASS" start="2025-12-07T19:22:57.385455" elapsed="0.000298"/>
</kw>
<var name="${expected_link}">Blog</var>
<status status="PASS" start="2025-12-07T19:22:57.385303" elapsed="0.000537"/>
</iter>
<iter>
<kw name="List Should Contain Value" owner="Collections">
<arg>${actual_link_texts}</arg>
<arg>${expected_link}</arg>
<doc>Fails if the ``value`` is not found from ``list``.</doc>
<status status="PASS" start="2025-12-07T19:22:57.386152" elapsed="0.000269"/>
</kw>
<var name="${expected_link}">News</var>
<status status="PASS" start="2025-12-07T19:22:57.385997" elapsed="0.000505"/>
</iter>
<iter>
<kw name="List Should Contain Value" owner="Collections">
<arg>${actual_link_texts}</arg>
<arg>${expected_link}</arg>
<doc>Fails if the ``value`` is not found from ``list``.</doc>
<status status="PASS" start="2025-12-07T19:22:57.386822" elapsed="0.000267"/>
</kw>
<var name="${expected_link}">Company</var>
<status status="PASS" start="2025-12-07T19:22:57.386667" elapsed="0.000505"/>
</iter>
<var>${expected_link}</var>
<value>@{NAVIGATION_ITEMS}</value>
<status status="PASS" start="2025-12-07T19:22:57.378607" elapsed="0.008643"/>
</for>
<status status="PASS" start="2025-12-07T19:22:57.196182" elapsed="0.191220"/>
</kw>
<arg>Technologies</arg>
<arg>Services</arg>
<arg>Solutions</arg>
<arg>Industries</arg>
<arg>Portfolio</arg>
<arg>Blog</arg>
<arg>News</arg>
<arg>Company</arg>
<status status="PASS" start="2025-12-07T19:22:57.194591" elapsed="0.192908"/>
</kw>
<tag>navigation</tag>
<status status="PASS" start="2025-12-07T19:22:56.750005" elapsed="0.639490"/>
</test>
<test id="s1-s1-t7" name="Navigation Links Are Visible On Desktop Viewport" line="55">
<kw name="Given the viewport width is" owner="HeaderKeywords">
<kw name="Set browser viewport width" owner="HeaderFunctions">
<kw name="Set Window Size" owner="SeleniumLibrary">
<arg>${width}</arg>
<arg>800</arg>
<doc>Sets current windows size to given ``width`` and ``height``.</doc>
<status status="PASS" start="2025-12-07T19:22:57.393145" elapsed="0.106483"/>
</kw>
<arg>${width}</arg>
<status status="PASS" start="2025-12-07T19:22:57.392693" elapsed="0.107125"/>
</kw>
<arg>${DESKTOP_WIDTH}</arg>
<status status="PASS" start="2025-12-07T19:22:57.392117" elapsed="0.107764"/>
</kw>
<kw name="When the navigation items are displayed" owner="HeaderKeywords">
<kw name="Verify navigation items visibility" owner="HeaderFunctions">
<kw name="Get WebElements" owner="SeleniumLibrary">
<msg time="2025-12-07T19:22:57.604534" level="INFO">@{links} = [ &lt;selenium.webdriver.remote.webelement.WebElement (session="8067234030cc757c0692ad618f811707", element="f.504B2661C12B4387B0F507D10C87243B.d.96D0B75D2BA8405FF13CE3A95882D233.e.512")&gt; | &lt;selenium.webd...</msg>
<var>@{links}</var>
<arg>${NAVIGATION_LINKS}</arg>
<doc>Returns a list of WebElement objects matching the ``locator``.</doc>
<status status="PASS" start="2025-12-07T19:22:57.500925" elapsed="0.103678"/>
</kw>
<kw name="Get Length" owner="BuiltIn">
<msg time="2025-12-07T19:22:57.605065" level="INFO">Length is 8.</msg>
<msg time="2025-12-07T19:22:57.605160" level="INFO">${count} = 8</msg>
<var>${count}</var>
<arg>${links}</arg>
<doc>Returns and logs the length of the given item as an integer.</doc>
<status status="PASS" start="2025-12-07T19:22:57.604870" elapsed="0.000324"/>
</kw>
<kw name="Log" owner="BuiltIn">
<msg time="2025-12-07T19:22:57.605592" level="INFO">Found 8 navigation items</msg>
<arg>Found ${count} navigation items</arg>
<doc>Logs the given message with the given level.</doc>
<status status="PASS" start="2025-12-07T19:22:57.605361" elapsed="0.000289"/>
</kw>
<kw name="Should Be Equal As Numbers" owner="BuiltIn">
<msg time="2025-12-07T19:22:57.606094" level="INFO">Argument types are:
&lt;class 'int'&gt;
&lt;class 'str'&gt;</msg>
<arg>${count}</arg>
<arg>8</arg>
<arg>Expected 8 navigation items but found ${count}</arg>
<doc>Fails if objects are unequal after converting them to real numbers.</doc>
<status status="PASS" start="2025-12-07T19:22:57.605795" elapsed="0.000384"/>
</kw>
<for flavor="IN RANGE">
<iter>
<kw name="Get From List" owner="Collections">
<msg time="2025-12-07T19:22:57.606871" level="INFO">${link} = &lt;selenium.webdriver.remote.webelement.WebElement (session="8067234030cc757c0692ad618f811707", element="f.504B2661C12B4387B0F507D10C87243B.d.96D0B75D2BA8405FF13CE3A95882D233.e.512")&gt;</msg>
<var>${link}</var>
<arg>${links}</arg>
<arg>${index}</arg>
<doc>Returns the value specified with an ``index`` from ``list``.</doc>
<status status="PASS" start="2025-12-07T19:22:57.606624" elapsed="0.000289"/>
</kw>
<kw name="Get Text" owner="SeleniumLibrary">
<msg time="2025-12-07T19:22:57.620028" level="INFO">${text} = Technologies</msg>
<var>${text}</var>
<arg>${link}</arg>
<doc>Returns the text value of the element identified by ``locator``.</doc>
<status status="PASS" start="2025-12-07T19:22:57.607092" elapsed="0.012999"/>
</kw>
<kw name="Log" owner="BuiltIn">
<msg time="2025-12-07T19:22:57.620546" level="INFO">Checking visibility of navigation item "Technologies" (index 0)</msg>
<arg>Checking visibility of navigation item "${text}" (index ${index})</arg>
<doc>Logs the given message with the given level.</doc>
<status status="PASS" start="2025-12-07T19:22:57.620317" elapsed="0.000286"/>
</kw>
<kw name="Run Keyword And Continue On Failure" owner="BuiltIn">
<kw name="Element Should Be Visible" owner="SeleniumLibrary">
<msg time="2025-12-07T19:22:57.630313" level="INFO">Element '&lt;selenium.webdriver.remote.webelement.WebElement (session="8067234030cc757c0692ad618f811707", element="f.504B2661C12B4387B0F507D10C87243B.d.96D0B75D2BA8405FF13CE3A95882D233.e.512")&gt;' is displayed.</msg>
<arg>${link}</arg>
<doc>Verifies that the element identified by ``locator`` is visible.</doc>
<status status="PASS" start="2025-12-07T19:22:57.620953" elapsed="0.009488"/>
</kw>
<arg>Element Should Be Visible</arg>
<arg>${link}</arg>
<doc>Runs the keyword and continues execution even if a failure occurs.</doc>
<status status="PASS" start="2025-12-07T19:22:57.620761" elapsed="0.009788"/>
</kw>
<var name="${index}">0</var>
<status status="PASS" start="2025-12-07T19:22:57.606498" elapsed="0.024146"/>
</iter>
<iter>
<kw name="Get From List" owner="Collections">
<msg time="2025-12-07T19:22:57.631194" level="INFO">${link} = &lt;selenium.webdriver.remote.webelement.WebElement (session="8067234030cc757c0692ad618f811707", element="f.504B2661C12B4387B0F507D10C87243B.d.96D0B75D2BA8405FF13CE3A95882D233.e.513")&gt;</msg>
<var>${link}</var>
<arg>${links}</arg>
<arg>${index}</arg>
<doc>Returns the value specified with an ``index`` from ``list``.</doc>
<status status="PASS" start="2025-12-07T19:22:57.631023" elapsed="0.000192"/>
</kw>
<kw name="Get Text" owner="SeleniumLibrary">
<msg time="2025-12-07T19:22:57.641509" level="INFO">${text} = Services</msg>
<var>${text}</var>
<arg>${link}</arg>
<doc>Returns the text value of the element identified by ``locator``.</doc>
<status status="PASS" start="2025-12-07T19:22:57.631311" elapsed="0.010246"/>
</kw>
<kw name="Log" owner="BuiltIn">
<msg time="2025-12-07T19:22:57.641867" level="INFO">Checking visibility of navigation item "Services" (index 1)</msg>
<arg>Checking visibility of navigation item "${text}" (index ${index})</arg>
<doc>Logs the given message with the given level.</doc>
<status status="PASS" start="2025-12-07T19:22:57.641719" elapsed="0.000182"/>
</kw>
<kw name="Run Keyword And Continue On Failure" owner="BuiltIn">
<kw name="Element Should Be Visible" owner="SeleniumLibrary">
<msg time="2025-12-07T19:22:57.652404" level="INFO">Element '&lt;selenium.webdriver.remote.webelement.WebElement (session="8067234030cc757c0692ad618f811707", element="f.504B2661C12B4387B0F507D10C87243B.d.96D0B75D2BA8405FF13CE3A95882D233.e.513")&gt;' is displayed.</msg>
<arg>${link}</arg>
<doc>Verifies that the element identified by ``locator`` is visible.</doc>
<status status="PASS" start="2025-12-07T19:22:57.642104" elapsed="0.010388"/>
</kw>
<arg>Element Should Be Visible</arg>
<arg>${link}</arg>
<doc>Runs the keyword and continues execution even if a failure occurs.</doc>
<status status="PASS" start="2025-12-07T19:22:57.641997" elapsed="0.010580"/>
</kw>
<var name="${index}">1</var>
<status status="PASS" start="2025-12-07T19:22:57.630844" elapsed="0.021777"/>
</iter>
<iter>
<kw name="Get From List" owner="Collections">
<msg time="2025-12-07T19:22:57.653095" level="INFO">${link} = &lt;selenium.webdriver.remote.webelement.WebElement (session="8067234030cc757c0692ad618f811707", element="f.504B2661C12B4387B0F507D10C87243B.d.96D0B75D2BA8405FF13CE3A95882D233.e.514")&gt;</msg>
<var>${link}</var>
<arg>${links}</arg>
<arg>${index}</arg>
<doc>Returns the value specified with an ``index`` from ``list``.</doc>
<status status="PASS" start="2025-12-07T19:22:57.652902" elapsed="0.000215"/>
</kw>
<kw name="Get Text" owner="SeleniumLibrary">
<msg time="2025-12-07T19:22:57.664166" level="INFO">${text} = Solutions</msg>
<var>${text}</var>
<arg>${link}</arg>
<doc>Returns the text value of the element identified by ``locator``.</doc>
<status status="PASS" start="2025-12-07T19:22:57.653214" elapsed="0.010991"/>
</kw>
<kw name="Log" owner="BuiltIn">
<msg time="2025-12-07T19:22:57.664490" level="INFO">Checking visibility of navigation item "Solutions" (index 2)</msg>
<arg>Checking visibility of navigation item "${text}" (index ${index})</arg>
<doc>Logs the given message with the given level.</doc>
<status status="PASS" start="2025-12-07T19:22:57.664346" elapsed="0.000188"/>
</kw>
<kw name="Run Keyword And Continue On Failure" owner="BuiltIn">
<kw name="Element Should Be Visible" owner="SeleniumLibrary">
<msg time="2025-12-07T19:22:57.670906" level="INFO">Element '&lt;selenium.webdriver.remote.webelement.WebElement (session="8067234030cc757c0692ad618f811707", element="f.504B2661C12B4387B0F507D10C87243B.d.96D0B75D2BA8405FF13CE3A95882D233.e.514")&gt;' is displayed.</msg>
<arg>${link}</arg>
<doc>Verifies that the element identified by ``locator`` is visible.</doc>
<status status="PASS" start="2025-12-07T19:22:57.664729" elapsed="0.006340"/>
</kw>
<arg>Element Should Be Visible</arg>
<arg>${link}</arg>
<doc>Runs the keyword and continues execution even if a failure occurs.</doc>
<status status="PASS" start="2025-12-07T19:22:57.664629" elapsed="0.006560"/>
</kw>
<var name="${index}">2</var>
<status status="PASS" start="2025-12-07T19:22:57.652769" elapsed="0.018502"/>
</iter>
<iter>
<kw name="Get From List" owner="Collections">
<msg time="2025-12-07T19:22:57.671948" level="INFO">${link} = &lt;selenium.webdriver.remote.webelement.WebElement (session="8067234030cc757c0692ad618f811707", element="f.504B2661C12B4387B0F507D10C87243B.d.96D0B75D2BA8405FF13CE3A95882D233.e.515")&gt;</msg>
<var>${link}</var>
<arg>${links}</arg>
<arg>${index}</arg>
<doc>Returns the value specified with an ``index`` from ``list``.</doc>
<status status="PASS" start="2025-12-07T19:22:57.671663" elapsed="0.000327"/>
</kw>
<kw name="Get Text" owner="SeleniumLibrary">
<msg time="2025-12-07T19:22:57.683188" level="INFO">${text} = Industries</msg>
<var>${text}</var>
<arg>${link}</arg>
<doc>Returns the text value of the element identified by ``locator``.</doc>
<status status="PASS" start="2025-12-07T19:22:57.672155" elapsed="0.011104"/>
</kw>
<kw name="Log" owner="BuiltIn">
<msg time="2025-12-07T19:22:57.683824" level="INFO">Checking visibility of navigation item "Industries" (index 3)</msg>
<arg>Checking visibility of navigation item "${text}" (index ${index})</arg>
<doc>Logs the given message with the given level.</doc>
<status status="PASS" start="2025-12-07T19:22:57.683497" elapsed="0.000413"/>
</kw>
<kw name="Run Keyword And Continue On Failure" owner="BuiltIn">
<kw name="Element Should Be Visible" owner="SeleniumLibrary">
<msg time="2025-12-07T19:22:57.691489" level="INFO">Element '&lt;selenium.webdriver.remote.webelement.WebElement (session="8067234030cc757c0692ad618f811707", element="f.504B2661C12B4387B0F507D10C87243B.d.96D0B75D2BA8405FF13CE3A95882D233.e.515")&gt;' is displayed.</msg>
<arg>${link}</arg>
<doc>Verifies that the element identified by ``locator`` is visible.</doc>
<status status="PASS" start="2025-12-07T19:22:57.684282" elapsed="0.007335"/>
</kw>
<arg>Element Should Be Visible</arg>
<arg>${link}</arg>
<doc>Runs the keyword and continues execution even if a failure occurs.</doc>
<status status="PASS" start="2025-12-07T19:22:57.684076" elapsed="0.007648"/>
</kw>
<var name="${index}">3</var>
<status status="PASS" start="2025-12-07T19:22:57.671481" elapsed="0.020303"/>
</iter>
<iter>
<kw name="Get From List" owner="Collections">
<msg time="2025-12-07T19:22:57.692432" level="INFO">${link} = &lt;selenium.webdriver.remote.webelement.WebElement (session="8067234030cc757c0692ad618f811707", element="f.504B2661C12B4387B0F507D10C87243B.d.96D0B75D2BA8405FF13CE3A95882D233.e.516")&gt;</msg>
<var>${link}</var>
<arg>${links}</arg>
<arg>${index}</arg>
<doc>Returns the value specified with an ``index`` from ``list``.</doc>
<status status="PASS" start="2025-12-07T19:22:57.692167" elapsed="0.000304"/>
</kw>
<kw name="Get Text" owner="SeleniumLibrary">
<msg time="2025-12-07T19:22:57.702100" level="INFO">${text} = Portfolio</msg>
<var>${text}</var>
<arg>${link}</arg>
<doc>Returns the text value of the element identified by ``locator``.</doc>
<status status="PASS" start="2025-12-07T19:22:57.692624" elapsed="0.009548"/>
</kw>
<kw name="Log" owner="BuiltIn">
<msg time="2025-12-07T19:22:57.702774" level="INFO">Checking visibility of navigation item "Portfolio" (index 4)</msg>
<arg>Checking visibility of navigation item "${text}" (index ${index})</arg>
<doc>Logs the given message with the given level.</doc>
<status status="PASS" start="2025-12-07T19:22:57.702466" elapsed="0.000369"/>
</kw>
<kw name="Run Keyword And Continue On Failure" owner="BuiltIn">
<kw name="Element Should Be Visible" owner="SeleniumLibrary">
<msg time="2025-12-07T19:22:57.710101" level="INFO">Element '&lt;selenium.webdriver.remote.webelement.WebElement (session="8067234030cc757c0692ad618f811707", element="f.504B2661C12B4387B0F507D10C87243B.d.96D0B75D2BA8405FF13CE3A95882D233.e.516")&gt;' is displayed.</msg>
<arg>${link}</arg>
<doc>Verifies that the element identified by ``locator`` is visible.</doc>
<status status="PASS" start="2025-12-07T19:22:57.703180" elapsed="0.007051"/>
</kw>
<arg>Element Should Be Visible</arg>
<arg>${link}</arg>
<doc>Runs the keyword and continues execution even if a failure occurs.</doc>
<status status="PASS" start="2025-12-07T19:22:57.702997" elapsed="0.007346"/>
</kw>
<var name="${index}">4</var>
<status status="PASS" start="2025-12-07T19:22:57.691979" elapsed="0.018424"/>
</iter>
<iter>
<kw name="Get From List" owner="Collections">
<msg time="2025-12-07T19:22:57.711079" level="INFO">${link} = &lt;selenium.webdriver.remote.webelement.WebElement (session="8067234030cc757c0692ad618f811707", element="f.504B2661C12B4387B0F507D10C87243B.d.96D0B75D2BA8405FF13CE3A95882D233.e.517")&gt;</msg>
<var>${link}</var>
<arg>${links}</arg>
<arg>${index}</arg>
<doc>Returns the value specified with an ``index`` from ``list``.</doc>
<status status="PASS" start="2025-12-07T19:22:57.710809" elapsed="0.000309"/>
</kw>
<kw name="Get Text" owner="SeleniumLibrary">
<msg time="2025-12-07T19:22:57.719215" level="INFO">${text} = Blog</msg>
<var>${text}</var>
<arg>${link}</arg>
<doc>Returns the text value of the element identified by ``locator``.</doc>
<status status="PASS" start="2025-12-07T19:22:57.711266" elapsed="0.007993"/>
</kw>
<kw name="Log" owner="BuiltIn">
<msg time="2025-12-07T19:22:57.719568" level="INFO">Checking visibility of navigation item "Blog" (index 5)</msg>
<arg>Checking visibility of navigation item "${text}" (index ${index})</arg>
<doc>Logs the given message with the given level.</doc>
<status status="PASS" start="2025-12-07T19:22:57.719412" elapsed="0.000191"/>
</kw>
<kw name="Run Keyword And Continue On Failure" owner="BuiltIn">
<kw name="Element Should Be Visible" owner="SeleniumLibrary">
<msg time="2025-12-07T19:22:57.725745" level="INFO">Element '&lt;selenium.webdriver.remote.webelement.WebElement (session="8067234030cc757c0692ad618f811707", element="f.504B2661C12B4387B0F507D10C87243B.d.96D0B75D2BA8405FF13CE3A95882D233.e.517")&gt;' is displayed.</msg>
<arg>${link}</arg>
<doc>Verifies that the element identified by ``locator`` is visible.</doc>
<status status="PASS" start="2025-12-07T19:22:57.719800" elapsed="0.006073"/>
</kw>
<arg>Element Should Be Visible</arg>
<arg>${link}</arg>
<doc>Runs the keyword and continues execution even if a failure occurs.</doc>
<status status="PASS" start="2025-12-07T19:22:57.719702" elapsed="0.006285"/>
</kw>
<var name="${index}">5</var>
<status status="PASS" start="2025-12-07T19:22:57.710628" elapsed="0.015431"/>
</iter>
<iter>
<kw name="Get From List" owner="Collections">
<msg time="2025-12-07T19:22:57.726688" level="INFO">${link} = &lt;selenium.webdriver.remote.webelement.WebElement (session="8067234030cc757c0692ad618f811707", element="f.504B2661C12B4387B0F507D10C87243B.d.96D0B75D2BA8405FF13CE3A95882D233.e.518")&gt;</msg>
<var>${link}</var>
<arg>${links}</arg>
<arg>${index}</arg>
<doc>Returns the value specified with an ``index`` from ``list``.</doc>
<status status="PASS" start="2025-12-07T19:22:57.726426" elapsed="0.000301"/>
</kw>
<kw name="Get Text" owner="SeleniumLibrary">
<msg time="2025-12-07T19:22:57.734515" level="INFO">${text} = News</msg>
<var>${text}</var>
<arg>${link}</arg>
<doc>Returns the text value of the element identified by ``locator``.</doc>
<status status="PASS" start="2025-12-07T19:22:57.726876" elapsed="0.007679"/>
</kw>
<kw name="Log" owner="BuiltIn">
<msg time="2025-12-07T19:22:57.734844" level="INFO">Checking visibility of navigation item "News" (index 6)</msg>
<arg>Checking visibility of navigation item "${text}" (index ${index})</arg>
<doc>Logs the given message with the given level.</doc>
<status status="PASS" start="2025-12-07T19:22:57.734698" elapsed="0.000180"/>
</kw>
<kw name="Run Keyword And Continue On Failure" owner="BuiltIn">
<kw name="Element Should Be Visible" owner="SeleniumLibrary">
<msg time="2025-12-07T19:22:57.740616" level="INFO">Element '&lt;selenium.webdriver.remote.webelement.WebElement (session="8067234030cc757c0692ad618f811707", element="f.504B2661C12B4387B0F507D10C87243B.d.96D0B75D2BA8405FF13CE3A95882D233.e.518")&gt;' is displayed.</msg>
<arg>${link}</arg>
<doc>Verifies that the element identified by ``locator`` is visible.</doc>
<status status="PASS" start="2025-12-07T19:22:57.735210" elapsed="0.005478"/>
</kw>
<arg>Element Should Be Visible</arg>
<arg>${link}</arg>
<doc>Runs the keyword and continues execution even if a failure occurs.</doc>
<status status="PASS" start="2025-12-07T19:22:57.734987" elapsed="0.005759"/>
</kw>
<var name="${index}">6</var>
<status status="PASS" start="2025-12-07T19:22:57.726258" elapsed="0.014515"/>
</iter>
<iter>
<kw name="Get From List" owner="Collections">
<msg time="2025-12-07T19:22:57.741125" level="INFO">${link} = &lt;selenium.webdriver.remote.webelement.WebElement (session="8067234030cc757c0692ad618f811707", element="f.504B2661C12B4387B0F507D10C87243B.d.96D0B75D2BA8405FF13CE3A95882D233.e.519")&gt;</msg>
<var>${link}</var>
<arg>${links}</arg>
<arg>${index}</arg>
<doc>Returns the value specified with an ``index`` from ``list``.</doc>
<status status="PASS" start="2025-12-07T19:22:57.740981" elapsed="0.000165"/>
</kw>
<kw name="Get Text" owner="SeleniumLibrary">
<msg time="2025-12-07T19:22:57.748490" level="INFO">${text} = Company</msg>
<var>${text}</var>
<arg>${link}</arg>
<doc>Returns the text value of the element identified by ``locator``.</doc>
<status status="PASS" start="2025-12-07T19:22:57.741229" elapsed="0.007344"/>
</kw>
<kw name="Log" owner="BuiltIn">
<msg time="2025-12-07T19:22:57.749158" level="INFO">Checking visibility of navigation item "Company" (index 7)</msg>
<arg>Checking visibility of navigation item "${text}" (index ${index})</arg>
<doc>Logs the given message with the given level.</doc>
<status status="PASS" start="2025-12-07T19:22:57.748818" elapsed="0.000477"/>
</kw>
<kw name="Run Keyword And Continue On Failure" owner="BuiltIn">
<kw name="Element Should Be Visible" owner="SeleniumLibrary">
<msg time="2025-12-07T19:22:57.755631" level="INFO">Element '&lt;selenium.webdriver.remote.webelement.WebElement (session="8067234030cc757c0692ad618f811707", element="f.504B2661C12B4387B0F507D10C87243B.d.96D0B75D2BA8405FF13CE3A95882D233.e.519")&gt;' is displayed.</msg>
<arg>${link}</arg>
<doc>Verifies that the element identified by ``locator`` is visible.</doc>
<status status="PASS" start="2025-12-07T19:22:57.749725" elapsed="0.005984"/>
</kw>
<arg>Element Should Be Visible</arg>
<arg>${link}</arg>
<doc>Runs the keyword and continues execution even if a failure occurs.</doc>
<status status="PASS" start="2025-12-07T19:22:57.749486" elapsed="0.006289"/>
</kw>
<var name="${index}">7</var>
<status status="PASS" start="2025-12-07T19:22:57.740883" elapsed="0.014921"/>
</iter>
<var>${index}</var>
<value>${count}</value>
<status status="PASS" start="2025-12-07T19:22:57.606282" elapsed="0.149633"/>
</for>
<status status="PASS" start="2025-12-07T19:22:57.500696" elapsed="0.255315"/>
</kw>
<status status="PASS" start="2025-12-07T19:22:57.500307" elapsed="0.255790"/>
</kw>
<kw name="Then all primary navigation items should be visible" owner="HeaderKeywords">
<kw name="Verify navigation items visibility" owner="HeaderFunctions">
<kw name="Get WebElements" owner="SeleniumLibrary">
<msg time="2025-12-07T19:22:57.762976" level="INFO">@{links} = [ &lt;selenium.webdriver.remote.webelement.WebElement (session="8067234030cc757c0692ad618f811707", element="f.504B2661C12B4387B0F507D10C87243B.d.96D0B75D2BA8405FF13CE3A95882D233.e.512")&gt; | &lt;selenium.webd...</msg>
<var>@{links}</var>
<arg>${NAVIGATION_LINKS}</arg>
<doc>Returns a list of WebElement objects matching the ``locator``.</doc>
<status status="PASS" start="2025-12-07T19:22:57.756877" elapsed="0.006142"/>
</kw>
<kw name="Get Length" owner="BuiltIn">
<msg time="2025-12-07T19:22:57.763463" level="INFO">Length is 8.</msg>
<msg time="2025-12-07T19:22:57.763603" level="INFO">${count} = 8</msg>
<var>${count}</var>
<arg>${links}</arg>
<doc>Returns and logs the length of the given item as an integer.</doc>
<status status="PASS" start="2025-12-07T19:22:57.763171" elapsed="0.000486"/>
</kw>
<kw name="Log" owner="BuiltIn">
<msg time="2025-12-07T19:22:57.764060" level="INFO">Found 8 navigation items</msg>
<arg>Found ${count} navigation items</arg>
<doc>Logs the given message with the given level.</doc>
<status status="PASS" start="2025-12-07T19:22:57.763893" elapsed="0.000223"/>
</kw>
<kw name="Should Be Equal As Numbers" owner="BuiltIn">
<msg time="2025-12-07T19:22:57.764479" level="INFO">Argument types are:
&lt;class 'int'&gt;
&lt;class 'str'&gt;</msg>
<arg>${count}</arg>
<arg>8</arg>
<arg>Expected 8 navigation items but found ${count}</arg>
<doc>Fails if objects are unequal after converting them to real numbers.</doc>
<status status="PASS" start="2025-12-07T19:22:57.764258" elapsed="0.000316"/>
</kw>
<for flavor="IN RANGE">
<iter>
<kw name="Get From List" owner="Collections">
<msg time="2025-12-07T19:22:57.765230" level="INFO">${link} = &lt;selenium.webdriver.remote.webelement.WebElement (session="8067234030cc757c0692ad618f811707", element="f.504B2661C12B4387B0F507D10C87243B.d.96D0B75D2BA8405FF13CE3A95882D233.e.512")&gt;</msg>
<var>${link}</var>
<arg>${links}</arg>
<arg>${index}</arg>
<doc>Returns the value specified with an ``index`` from ``list``.</doc>
<status status="PASS" start="2025-12-07T19:22:57.765014" elapsed="0.000253"/>
</kw>
<kw name="Get Text" owner="SeleniumLibrary">
<msg time="2025-12-07T19:22:57.772857" level="INFO">${text} = Technologies</msg>
<var>${text}</var>
<arg>${link}</arg>
<doc>Returns the text value of the element identified by ``locator``.</doc>
<status status="PASS" start="2025-12-07T19:22:57.765413" elapsed="0.007485"/>
</kw>
<kw name="Log" owner="BuiltIn">
<msg time="2025-12-07T19:22:57.773194" level="INFO">Checking visibility of navigation item "Technologies" (index 0)</msg>
<arg>Checking visibility of navigation item "${text}" (index ${index})</arg>
<doc>Logs the given message with the given level.</doc>
<status status="PASS" start="2025-12-07T19:22:57.773047" elapsed="0.000182"/>
</kw>
<kw name="Run Keyword And Continue On Failure" owner="BuiltIn">
<kw name="Element Should Be Visible" owner="SeleniumLibrary">
<msg time="2025-12-07T19:22:57.779496" level="INFO">Element '&lt;selenium.webdriver.remote.webelement.WebElement (session="8067234030cc757c0692ad618f811707", element="f.504B2661C12B4387B0F507D10C87243B.d.96D0B75D2BA8405FF13CE3A95882D233.e.512")&gt;' is displayed.</msg>
<arg>${link}</arg>
<doc>Verifies that the element identified by ``locator`` is visible.</doc>
<status status="PASS" start="2025-12-07T19:22:57.773417" elapsed="0.006235"/>
</kw>
<arg>Element Should Be Visible</arg>
<arg>${link}</arg>
<doc>Runs the keyword and continues execution even if a failure occurs.</doc>
<status status="PASS" start="2025-12-07T19:22:57.773317" elapsed="0.006447"/>
</kw>
<var name="${index}">0</var>
<status status="PASS" start="2025-12-07T19:22:57.764890" elapsed="0.014937"/>
</iter>
<iter>
<kw name="Get From List" owner="Collections">
<msg time="2025-12-07T19:22:57.780458" level="INFO">${link} = &lt;selenium.webdriver.remote.webelement.WebElement (session="8067234030cc757c0692ad618f811707", element="f.504B2661C12B4387B0F507D10C87243B.d.96D0B75D2BA8405FF13CE3A95882D233.e.513")&gt;</msg>
<var>${link}</var>
<arg>${links}</arg>
<arg>${index}</arg>
<doc>Returns the value specified with an ``index`` from ``list``.</doc>
<status status="PASS" start="2025-12-07T19:22:57.780193" elapsed="0.000303"/>
</kw>
<kw name="Get Text" owner="SeleniumLibrary">
<msg time="2025-12-07T19:22:57.807914" level="INFO">${text} = Services</msg>
<var>${text}</var>
<arg>${link}</arg>
<doc>Returns the text value of the element identified by ``locator``.</doc>
<status status="PASS" start="2025-12-07T19:22:57.780683" elapsed="0.027293"/>
</kw>
<kw name="Log" owner="BuiltIn">
<msg time="2025-12-07T19:22:57.808488" level="INFO">Checking visibility of navigation item "Services" (index 1)</msg>
<arg>Checking visibility of navigation item "${text}" (index ${index})</arg>
<doc>Logs the given message with the given level.</doc>
<status status="PASS" start="2025-12-07T19:22:57.808250" elapsed="0.000297"/>
</kw>
<kw name="Run Keyword And Continue On Failure" owner="BuiltIn">
<kw name="Element Should Be Visible" owner="SeleniumLibrary">
<msg time="2025-12-07T19:22:57.815435" level="INFO">Element '&lt;selenium.webdriver.remote.webelement.WebElement (session="8067234030cc757c0692ad618f811707", element="f.504B2661C12B4387B0F507D10C87243B.d.96D0B75D2BA8405FF13CE3A95882D233.e.513")&gt;' is displayed.</msg>
<arg>${link}</arg>
<doc>Verifies that the element identified by ``locator`` is visible.</doc>
<status status="PASS" start="2025-12-07T19:22:57.808905" elapsed="0.006654"/>
</kw>
<arg>Element Should Be Visible</arg>
<arg>${link}</arg>
<doc>Runs the keyword and continues execution even if a failure occurs.</doc>
<status status="PASS" start="2025-12-07T19:22:57.808702" elapsed="0.006967"/>
</kw>
<var name="${index}">1</var>
<status status="PASS" start="2025-12-07T19:22:57.780024" elapsed="0.035705"/>
</iter>
<iter>
<kw name="Get From List" owner="Collections">
<msg time="2025-12-07T19:22:57.816421" level="INFO">${link} = &lt;selenium.webdriver.remote.webelement.WebElement (session="8067234030cc757c0692ad618f811707", element="f.504B2661C12B4387B0F507D10C87243B.d.96D0B75D2BA8405FF13CE3A95882D233.e.514")&gt;</msg>
<var>${link}</var>
<arg>${links}</arg>
<arg>${index}</arg>
<doc>Returns the value specified with an ``index`` from ``list``.</doc>
<status status="PASS" start="2025-12-07T19:22:57.816111" elapsed="0.000349"/>
</kw>
<kw name="Get Text" owner="SeleniumLibrary">
<msg time="2025-12-07T19:22:57.824034" level="INFO">${text} = Solutions</msg>
<var>${text}</var>
<arg>${link}</arg>
<doc>Returns the text value of the element identified by ``locator``.</doc>
<status status="PASS" start="2025-12-07T19:22:57.816621" elapsed="0.007452"/>
</kw>
<kw name="Log" owner="BuiltIn">
<msg time="2025-12-07T19:22:57.824357" level="INFO">Checking visibility of navigation item "Solutions" (index 2)</msg>
<arg>Checking visibility of navigation item "${text}" (index ${index})</arg>
<doc>Logs the given message with the given level.</doc>
<status status="PASS" start="2025-12-07T19:22:57.824216" elapsed="0.000174"/>
</kw>
<kw name="Run Keyword And Continue On Failure" owner="BuiltIn">
<kw name="Element Should Be Visible" owner="SeleniumLibrary">
<msg time="2025-12-07T19:22:57.828815" level="INFO">Element '&lt;selenium.webdriver.remote.webelement.WebElement (session="8067234030cc757c0692ad618f811707", element="f.504B2661C12B4387B0F507D10C87243B.d.96D0B75D2BA8405FF13CE3A95882D233.e.514")&gt;' is displayed.</msg>
<arg>${link}</arg>
<doc>Verifies that the element identified by ``locator`` is visible.</doc>
<status status="PASS" start="2025-12-07T19:22:57.824582" elapsed="0.004313"/>
</kw>
<arg>Element Should Be Visible</arg>
<arg>${link}</arg>
<doc>Runs the keyword and continues execution even if a failure occurs.</doc>
<status status="PASS" start="2025-12-07T19:22:57.824481" elapsed="0.004480"/>
</kw>
<var name="${index}">2</var>
<status status="PASS" start="2025-12-07T19:22:57.815922" elapsed="0.013069"/>
</iter>
<iter>
<kw name="Get From List" owner="Collections">
<msg time="2025-12-07T19:22:57.829388" level="INFO">${link} = &lt;selenium.webdriver.remote.webelement.WebElement (session="8067234030cc757c0692ad618f811707", element="f.504B2661C12B4387B0F507D10C87243B.d.96D0B75D2BA8405FF13CE3A95882D233.e.515")&gt;</msg>
<var>${link}</var>
<arg>${links}</arg>
<arg>${index}</arg>
<doc>Returns the value specified with an ``index`` from ``list``.</doc>
<status status="PASS" start="2025-12-07T19:22:57.829235" elapsed="0.000175"/>
</kw>
<kw name="Get Text" owner="SeleniumLibrary">
<msg time="2025-12-07T19:22:57.835289" level="INFO">${text} = Industries</msg>
<var>${text}</var>
<arg>${link}</arg>
<doc>Returns the text value of the element identified by ``locator``.</doc>
<status status="PASS" start="2025-12-07T19:22:57.829497" elapsed="0.005833"/>
</kw>
<kw name="Log" owner="BuiltIn">
<msg time="2025-12-07T19:22:57.835626" level="INFO">Checking visibility of navigation item "Industries" (index 3)</msg>
<arg>Checking visibility of navigation item "${text}" (index ${index})</arg>
<doc>Logs the given message with the given level.</doc>
<status status="PASS" start="2025-12-07T19:22:57.835478" elapsed="0.000186"/>
</kw>
<kw name="Run Keyword And Continue On Failure" owner="BuiltIn">
<kw name="Element Should Be Visible" owner="SeleniumLibrary">
<msg time="2025-12-07T19:22:57.839779" level="INFO">Element '&lt;selenium.webdriver.remote.webelement.WebElement (session="8067234030cc757c0692ad618f811707", element="f.504B2661C12B4387B0F507D10C87243B.d.96D0B75D2BA8405FF13CE3A95882D233.e.515")&gt;' is displayed.</msg>
<arg>${link}</arg>
<doc>Verifies that the element identified by ``locator`` is visible.</doc>
<status status="PASS" start="2025-12-07T19:22:57.835862" elapsed="0.003993"/>
</kw>
<arg>Element Should Be Visible</arg>
<arg>${link}</arg>
<doc>Runs the keyword and continues execution even if a failure occurs.</doc>
<status status="PASS" start="2025-12-07T19:22:57.835759" elapsed="0.004158"/>
</kw>
<var name="${index}">3</var>
<status status="PASS" start="2025-12-07T19:22:57.829108" elapsed="0.010837"/>
</iter>
<iter>
<kw name="Get From List" owner="Collections">
<msg time="2025-12-07T19:22:57.840361" level="INFO">${link} = &lt;selenium.webdriver.remote.webelement.WebElement (session="8067234030cc757c0692ad618f811707", element="f.504B2661C12B4387B0F507D10C87243B.d.96D0B75D2BA8405FF13CE3A95882D233.e.516")&gt;</msg>
<var>${link}</var>
<arg>${links}</arg>
<arg>${index}</arg>
<doc>Returns the value specified with an ``index`` from ``list``.</doc>
<status status="PASS" start="2025-12-07T19:22:57.840203" elapsed="0.000180"/>
</kw>
<kw name="Get Text" owner="SeleniumLibrary">
<msg time="2025-12-07T19:22:57.845500" level="INFO">${text} = Portfolio</msg>
<var>${text}</var>
<arg>${link}</arg>
<doc>Returns the text value of the element identified by ``locator``.</doc>
<status status="PASS" start="2025-12-07T19:22:57.840478" elapsed="0.005061"/>
</kw>
<kw name="Log" owner="BuiltIn">
<msg time="2025-12-07T19:22:57.845824" level="INFO">Checking visibility of navigation item "Portfolio" (index 4)</msg>
<arg>Checking visibility of navigation item "${text}" (index ${index})</arg>
<doc>Logs the given message with the given level.</doc>
<status status="PASS" start="2025-12-07T19:22:57.845680" elapsed="0.000184"/>
</kw>
<kw name="Run Keyword And Continue On Failure" owner="BuiltIn">
<kw name="Element Should Be Visible" owner="SeleniumLibrary">
<msg time="2025-12-07T19:22:57.850083" level="INFO">Element '&lt;selenium.webdriver.remote.webelement.WebElement (session="8067234030cc757c0692ad618f811707", element="f.504B2661C12B4387B0F507D10C87243B.d.96D0B75D2BA8405FF13CE3A95882D233.e.516")&gt;' is displayed.</msg>
<arg>${link}</arg>
<doc>Verifies that the element identified by ``locator`` is visible.</doc>
<status status="PASS" start="2025-12-07T19:22:57.846081" elapsed="0.004076"/>
</kw>
<arg>Element Should Be Visible</arg>
<arg>${link}</arg>
<doc>Runs the keyword and continues execution even if a failure occurs.</doc>
<status status="PASS" start="2025-12-07T19:22:57.845964" elapsed="0.004254"/>
</kw>
<var name="${index}">4</var>
<status status="PASS" start="2025-12-07T19:22:57.840060" elapsed="0.010191"/>
</iter>
<iter>
<kw name="Get From List" owner="Collections">
<msg time="2025-12-07T19:22:57.850602" level="INFO">${link} = &lt;selenium.webdriver.remote.webelement.WebElement (session="8067234030cc757c0692ad618f811707", element="f.504B2661C12B4387B0F507D10C87243B.d.96D0B75D2BA8405FF13CE3A95882D233.e.517")&gt;</msg>
<var>${link}</var>
<arg>${links}</arg>
<arg>${index}</arg>
<doc>Returns the value specified with an ``index`` from ``list``.</doc>
<status status="PASS" start="2025-12-07T19:22:57.850458" elapsed="0.000165"/>
</kw>
<kw name="Get Text" owner="SeleniumLibrary">
<msg time="2025-12-07T19:22:57.872576" level="INFO">${text} = Blog</msg>
<var>${text}</var>
<arg>${link}</arg>
<doc>Returns the text value of the element identified by ``locator``.</doc>
<status status="PASS" start="2025-12-07T19:22:57.850721" elapsed="0.021907"/>
</kw>
<kw name="Log" owner="BuiltIn">
<msg time="2025-12-07T19:22:57.873065" level="INFO">Checking visibility of navigation item "Blog" (index 5)</msg>
<arg>Checking visibility of navigation item "${text}" (index ${index})</arg>
<doc>Logs the given message with the given level.</doc>
<status status="PASS" start="2025-12-07T19:22:57.872810" elapsed="0.000338"/>
</kw>
<kw name="Run Keyword And Continue On Failure" owner="BuiltIn">
<kw name="Element Should Be Visible" owner="SeleniumLibrary">
<msg time="2025-12-07T19:22:57.880313" level="INFO">Element '&lt;selenium.webdriver.remote.webelement.WebElement (session="8067234030cc757c0692ad618f811707", element="f.504B2661C12B4387B0F507D10C87243B.d.96D0B75D2BA8405FF13CE3A95882D233.e.517")&gt;' is displayed.</msg>
<arg>${link}</arg>
<doc>Verifies that the element identified by ``locator`` is visible.</doc>
<status status="PASS" start="2025-12-07T19:22:57.873494" elapsed="0.006907"/>
</kw>
<arg>Element Should Be Visible</arg>
<arg>${link}</arg>
<doc>Runs the keyword and continues execution even if a failure occurs.</doc>
<status status="PASS" start="2025-12-07T19:22:57.873319" elapsed="0.007155"/>
</kw>
<var name="${index}">5</var>
<status status="PASS" start="2025-12-07T19:22:57.850364" elapsed="0.030144"/>
</iter>
<iter>
<kw name="Get From List" owner="Collections">
<msg time="2025-12-07T19:22:57.881211" level="INFO">${link} = &lt;selenium.webdriver.remote.webelement.WebElement (session="8067234030cc757c0692ad618f811707", element="f.504B2661C12B4387B0F507D10C87243B.d.96D0B75D2BA8405FF13CE3A95882D233.e.518")&gt;</msg>
<var>${link}</var>
<arg>${links}</arg>
<arg>${index}</arg>
<doc>Returns the value specified with an ``index`` from ``list``.</doc>
<status status="PASS" start="2025-12-07T19:22:57.880974" elapsed="0.000270"/>
</kw>
<kw name="Get Text" owner="SeleniumLibrary">
<msg time="2025-12-07T19:22:57.886289" level="INFO">${text} = News</msg>
<var>${text}</var>
<arg>${link}</arg>
<doc>Returns the text value of the element identified by ``locator``.</doc>
<status status="PASS" start="2025-12-07T19:22:57.881367" elapsed="0.004962"/>
</kw>
<kw name="Log" owner="BuiltIn">
<msg time="2025-12-07T19:22:57.886602" level="INFO">Checking visibility of navigation item "News" (index 6)</msg>
<arg>Checking visibility of navigation item "${text}" (index ${index})</arg>
<doc>Logs the given message with the given level.</doc>
<status status="PASS" start="2025-12-07T19:22:57.886463" elapsed="0.000175"/>
</kw>
<kw name="Run Keyword And Continue On Failure" owner="BuiltIn">
<kw name="Element Should Be Visible" owner="SeleniumLibrary">
<msg time="2025-12-07T19:22:57.891233" level="INFO">Element '&lt;selenium.webdriver.remote.webelement.WebElement (session="8067234030cc757c0692ad618f811707", element="f.504B2661C12B4387B0F507D10C87243B.d.96D0B75D2BA8405FF13CE3A95882D233.e.518")&gt;' is displayed.</msg>
<arg>${link}</arg>
<doc>Verifies that the element identified by ``locator`` is visible.</doc>
<status status="PASS" start="2025-12-07T19:22:57.887159" elapsed="0.004155"/>
</kw>
<arg>Element Should Be Visible</arg>
<arg>${link}</arg>
<doc>Runs the keyword and continues execution even if a failure occurs.</doc>
<status status="PASS" start="2025-12-07T19:22:57.886731" elapsed="0.004645"/>
</kw>
<var name="${index}">6</var>
<status status="PASS" start="2025-12-07T19:22:57.880636" elapsed="0.010770"/>
</iter>
<iter>
<kw name="Get From List" owner="Collections">
<msg time="2025-12-07T19:22:57.891769" level="INFO">${link} = &lt;selenium.webdriver.remote.webelement.WebElement (session="8067234030cc757c0692ad618f811707", element="f.504B2661C12B4387B0F507D10C87243B.d.96D0B75D2BA8405FF13CE3A95882D233.e.519")&gt;</msg>
<var>${link}</var>
<arg>${links}</arg>
<arg>${index}</arg>
<doc>Returns the value specified with an ``index`` from ``list``.</doc>
<status status="PASS" start="2025-12-07T19:22:57.891619" elapsed="0.000172"/>
</kw>
<kw name="Get Text" owner="SeleniumLibrary">
<msg time="2025-12-07T19:22:57.896844" level="INFO">${text} = Company</msg>
<var>${text}</var>
<arg>${link}</arg>
<doc>Returns the text value of the element identified by ``locator``.</doc>
<status status="PASS" start="2025-12-07T19:22:57.891877" elapsed="0.005008"/>
</kw>
<kw name="Log" owner="BuiltIn">
<msg time="2025-12-07T19:22:57.897190" level="INFO">Checking visibility of navigation item "Company" (index 7)</msg>
<arg>Checking visibility of navigation item "${text}" (index ${index})</arg>
<doc>Logs the given message with the given level.</doc>
<status status="PASS" start="2025-12-07T19:22:57.897040" elapsed="0.000185"/>
</kw>
<kw name="Run Keyword And Continue On Failure" owner="BuiltIn">
<kw name="Element Should Be Visible" owner="SeleniumLibrary">
<msg time="2025-12-07T19:22:57.900764" level="INFO">Element '&lt;selenium.webdriver.remote.webelement.WebElement (session="8067234030cc757c0692ad618f811707", element="f.504B2661C12B4387B0F507D10C87243B.d.96D0B75D2BA8405FF13CE3A95882D233.e.519")&gt;' is displayed.</msg>
<arg>${link}</arg>
<doc>Verifies that the element identified by ``locator`` is visible.</doc>
<status status="PASS" start="2025-12-07T19:22:57.897415" elapsed="0.003414"/>
</kw>
<arg>Element Should Be Visible</arg>
<arg>${link}</arg>
<doc>Runs the keyword and continues execution even if a failure occurs.</doc>
<status status="PASS" start="2025-12-07T19:22:57.897316" elapsed="0.003566"/>
</kw>
<var name="${index}">7</var>
<status status="PASS" start="2025-12-07T19:22:57.891519" elapsed="0.009389"/>
</iter>
<var>${index}</var>
<value>${count}</value>
<status status="PASS" start="2025-12-07T19:22:57.764679" elapsed="0.136266"/>
</for>
<status status="PASS" start="2025-12-07T19:22:57.756665" elapsed="0.144336"/>
</kw>
<status status="PASS" start="2025-12-07T19:22:57.756405" elapsed="0.144631"/>
</kw>
<tag>navigation</tag>
<status status="PASS" start="2025-12-07T19:22:57.391122" elapsed="0.510125"/>
</test>
<test id="s1-s1-t8" name="Mobile Menu Toggle Is Hidden On Desktop" line="61">
<kw name="Given the viewport width is" owner="HeaderKeywords">
<kw name="Set browser viewport width" owner="HeaderFunctions">
<kw name="Set Window Size" owner="SeleniumLibrary">
<arg>${width}</arg>
<arg>800</arg>
<doc>Sets current windows size to given ``width`` and ``height``.</doc>
<status status="PASS" start="2025-12-07T19:22:57.902374" elapsed="0.002353"/>
</kw>
<arg>${width}</arg>
<status status="PASS" start="2025-12-07T19:22:57.902179" elapsed="0.002624"/>
</kw>
<arg>${DESKTOP_WIDTH}</arg>
<status status="PASS" start="2025-12-07T19:22:57.901859" elapsed="0.002983"/>
</kw>
<kw name="When the header is checked for mobile menu" owner="HeaderKeywords">
<kw name="Look for mobile menu toggle" owner="HeaderFunctions">
<kw name="Page Should Contain Element" owner="SeleniumLibrary">
<msg time="2025-12-07T19:22:57.911736" level="INFO">Current page contains element 'css=.elementor-section--handles-inside .header-burger-icon:not(.opened)'.</msg>
<arg>${MOBILE_MENU_TOGGLE}</arg>
<doc>Verifies that element ``locator`` is found on the current page.</doc>
<status status="PASS" start="2025-12-07T19:22:57.905396" elapsed="0.006421"/>
</kw>
<status status="PASS" start="2025-12-07T19:22:57.905257" elapsed="0.006637"/>
</kw>
<status status="PASS" start="2025-12-07T19:22:57.905081" elapsed="0.006850"/>
</kw>
<kw name="Then the mobile menu toggle should not be visible" owner="HeaderKeywords">
<kw name="Verify mobile menu toggle invisibility" owner="HeaderFunctions">
<kw name="Element Should Not Be Visible" owner="SeleniumLibrary">
<msg time="2025-12-07T19:22:57.921176" level="INFO">Element 'css=.elementor-section--handles-inside .header-burger-icon:not(.opened)' exists but is not displayed.</msg>
<arg>${MOBILE_MENU_TOGGLE}</arg>
<doc>Verifies that the element identified by ``locator`` is NOT visible.</doc>
<status status="PASS" start="2025-12-07T19:22:57.912548" elapsed="0.008725"/>
</kw>
<status status="PASS" start="2025-12-07T19:22:57.912408" elapsed="0.008940"/>
</kw>
<status status="PASS" start="2025-12-07T19:22:57.912201" elapsed="0.009182"/>
</kw>
<tag>mobile</tag>
<status status="PASS" start="2025-12-07T19:22:57.901510" elapsed="0.020110"/>
</test>
<test id="s1-s1-t9" name="Each Navigation Link Has A Valid Href" line="67">
<kw name="Given I am on the homepage" owner="Common">
<kw name="Go To" owner="SeleniumLibrary">
<msg time="2025-12-07T19:22:57.923269" level="INFO">Opening url 'https://jetruby.com/'</msg>
<arg>${HOMEPAGE_URL}</arg>
<doc>Navigates the current browser window to the provided ``url``.</doc>
<status status="PASS" start="2025-12-07T19:22:57.922702" elapsed="0.336406"/>
</kw>
<status status="PASS" start="2025-12-07T19:22:57.922356" elapsed="0.336846"/>
</kw>
<kw name="When the navigation links are examined" owner="HeaderKeywords">
<kw name="Inspect navigation links" owner="HeaderFunctions">
<kw name="Page Should Contain Element" owner="SeleniumLibrary">
<msg time="2025-12-07T19:22:58.265500" level="INFO">Current page contains element 'css=.elementor-section--handles-inside .header-menu__item'.</msg>
<arg>${NAVIGATION_LINKS}</arg>
<doc>Verifies that element ``locator`` is found on the current page.</doc>
<status status="PASS" start="2025-12-07T19:22:58.259930" elapsed="0.005655"/>
</kw>
<status status="PASS" start="2025-12-07T19:22:58.259777" elapsed="0.005884"/>
</kw>
<status status="PASS" start="2025-12-07T19:22:58.259561" elapsed="0.006136"/>
</kw>
<kw name="Then every navigation link should have a non-empty href attribute" owner="HeaderKeywords">
<kw name="Validate navigation link href attributes" owner="HeaderFunctions">
<kw name="Get WebElements" owner="SeleniumLibrary">
<msg time="2025-12-07T19:22:58.274350" level="INFO">@{links} = [ &lt;selenium.webdriver.remote.webelement.WebElement (session="8067234030cc757c0692ad618f811707", element="f.504B2661C12B4387B0F507D10C87243B.d.FDF82E9A6AEE460DF3BB9EDFB973A6D1.e.623")&gt; | &lt;selenium.webd...</msg>
<var>@{links}</var>
<arg>${NAVIGATION_HREF_LINKS}</arg>
<doc>Returns a list of WebElement objects matching the ``locator``.</doc>
<status status="PASS" start="2025-12-07T19:22:58.266345" elapsed="0.008052"/>
</kw>
<for flavor="IN">
<iter>
<kw name="Get Element Attribute" owner="SeleniumLibrary">
<msg time="2025-12-07T19:22:58.281608" level="INFO">${href} = https://jetruby.com/portfolio/</msg>
<var>${href}</var>
<arg>${link}</arg>
<arg>${HREF_ATTRIBUTE}</arg>
<doc>Returns the value of ``attribute`` from the element ``locator``.</doc>
<status status="PASS" start="2025-12-07T19:22:58.274730" elapsed="0.006914"/>
</kw>
<kw name="Should Not Be Empty" owner="BuiltIn">
<msg time="2025-12-07T19:22:58.281935" level="INFO">Length is 30.</msg>
<arg>${href}</arg>
<arg>Navigation link should have a non-empty href attribute</arg>
<doc>Verifies that the given item is not empty.</doc>
<status status="PASS" start="2025-12-07T19:22:58.281787" elapsed="0.000181"/>
</kw>
<var name="${link}">&lt;selenium.webdriver.remote.webelement.WebElement (session="8067234030cc757c0692ad618f811707", element="f.504B2661C12B4387B0F507D10C87243B.d.FDF82E9A6AEE460DF3BB9EDFB973A6D1.e.623")&gt;</var>
<status status="PASS" start="2025-12-07T19:22:58.274621" elapsed="0.007382"/>
</iter>
<iter>
<kw name="Get Element Attribute" owner="SeleniumLibrary">
<msg time="2025-12-07T19:22:58.287993" level="INFO">${href} = https://jetruby.com/blog/</msg>
<var>${href}</var>
<arg>${link}</arg>
<arg>${HREF_ATTRIBUTE}</arg>
<doc>Returns the value of ``attribute`` from the element ``locator``.</doc>
<status status="PASS" start="2025-12-07T19:22:58.282175" elapsed="0.005857"/>
</kw>
<kw name="Should Not Be Empty" owner="BuiltIn">
<msg time="2025-12-07T19:22:58.288324" level="INFO">Length is 25.</msg>
<arg>${href}</arg>
<arg>Navigation link should have a non-empty href attribute</arg>
<doc>Verifies that the given item is not empty.</doc>
<status status="PASS" start="2025-12-07T19:22:58.288172" elapsed="0.000190"/>
</kw>
<var name="${link}">&lt;selenium.webdriver.remote.webelement.WebElement (session="8067234030cc757c0692ad618f811707", element="f.504B2661C12B4387B0F507D10C87243B.d.FDF82E9A6AEE460DF3BB9EDFB973A6D1.e.624")&gt;</var>
<status status="PASS" start="2025-12-07T19:22:58.282094" elapsed="0.006304"/>
</iter>
<iter>
<kw name="Get Element Attribute" owner="SeleniumLibrary">
<msg time="2025-12-07T19:22:58.293941" level="INFO">${href} = https://jetruby.com/blog/news/</msg>
<var>${href}</var>
<arg>${link}</arg>
<arg>${HREF_ATTRIBUTE}</arg>
<doc>Returns the value of ``attribute`` from the element ``locator``.</doc>
<status status="PASS" start="2025-12-07T19:22:58.288573" elapsed="0.005410"/>
</kw>
<kw name="Should Not Be Empty" owner="BuiltIn">
<msg time="2025-12-07T19:22:58.294302" level="INFO">Length is 30.</msg>
<arg>${href}</arg>
<arg>Navigation link should have a non-empty href attribute</arg>
<doc>Verifies that the given item is not empty.</doc>
<status status="PASS" start="2025-12-07T19:22:58.294125" elapsed="0.000214"/>
</kw>
<var name="${link}">&lt;selenium.webdriver.remote.webelement.WebElement (session="8067234030cc757c0692ad618f811707", element="f.504B2661C12B4387B0F507D10C87243B.d.FDF82E9A6AEE460DF3BB9EDFB973A6D1.e.625")&gt;</var>
<status status="PASS" start="2025-12-07T19:22:58.288491" elapsed="0.005887"/>
</iter>
<iter>
<kw name="Get Element Attribute" owner="SeleniumLibrary">
<msg time="2025-12-07T19:22:58.299876" level="INFO">${href} = https://jetruby.com/portfolio/</msg>
<var>${href}</var>
<arg>${link}</arg>
<arg>${HREF_ATTRIBUTE}</arg>
<doc>Returns the value of ``attribute`` from the element ``locator``.</doc>
<status status="PASS" start="2025-12-07T19:22:58.294564" elapsed="0.005368"/>
</kw>
<kw name="Should Not Be Empty" owner="BuiltIn">
<msg time="2025-12-07T19:22:58.300269" level="INFO">Length is 30.</msg>
<arg>${href}</arg>
<arg>Navigation link should have a non-empty href attribute</arg>
<doc>Verifies that the given item is not empty.</doc>
<status status="PASS" start="2025-12-07T19:22:58.300119" elapsed="0.000185"/>
</kw>
<var name="${link}">&lt;selenium.webdriver.remote.webelement.WebElement (session="8067234030cc757c0692ad618f811707", element="f.504B2661C12B4387B0F507D10C87243B.d.FDF82E9A6AEE460DF3BB9EDFB973A6D1.e.626")&gt;</var>
<status status="PASS" start="2025-12-07T19:22:58.294476" elapsed="0.005863"/>
</iter>
<iter>
<kw name="Get Element Attribute" owner="SeleniumLibrary">
<msg time="2025-12-07T19:22:58.305765" level="INFO">${href} = https://jetruby.com/blog/</msg>
<var>${href}</var>
<arg>${link}</arg>
<arg>${HREF_ATTRIBUTE}</arg>
<doc>Returns the value of ``attribute`` from the element ``locator``.</doc>
<status status="PASS" start="2025-12-07T19:22:58.300515" elapsed="0.005298"/>
</kw>
<kw name="Should Not Be Empty" owner="BuiltIn">
<msg time="2025-12-07T19:22:58.306177" level="INFO">Length is 25.</msg>
<arg>${href}</arg>
<arg>Navigation link should have a non-empty href attribute</arg>
<doc>Verifies that the given item is not empty.</doc>
<status status="PASS" start="2025-12-07T19:22:58.305986" elapsed="0.000235"/>
</kw>
<var name="${link}">&lt;selenium.webdriver.remote.webelement.WebElement (session="8067234030cc757c0692ad618f811707", element="f.504B2661C12B4387B0F507D10C87243B.d.FDF82E9A6AEE460DF3BB9EDFB973A6D1.e.627")&gt;</var>
<status status="PASS" start="2025-12-07T19:22:58.300431" elapsed="0.005834"/>
</iter>
<iter>
<kw name="Get Element Attribute" owner="SeleniumLibrary">
<msg time="2025-12-07T19:22:58.314477" level="INFO">${href} = https://jetruby.com/blog/news/</msg>
<var>${href}</var>
<arg>${link}</arg>
<arg>${HREF_ATTRIBUTE}</arg>
<doc>Returns the value of ``attribute`` from the element ``locator``.</doc>
<status status="PASS" start="2025-12-07T19:22:58.306502" elapsed="0.008040"/>
</kw>
<kw name="Should Not Be Empty" owner="BuiltIn">
<msg time="2025-12-07T19:22:58.315052" level="INFO">Length is 30.</msg>
<arg>${href}</arg>
<arg>Navigation link should have a non-empty href attribute</arg>
<doc>Verifies that the given item is not empty.</doc>
<status status="PASS" start="2025-12-07T19:22:58.314783" elapsed="0.000333"/>
</kw>
<var name="${link}">&lt;selenium.webdriver.remote.webelement.WebElement (session="8067234030cc757c0692ad618f811707", element="f.504B2661C12B4387B0F507D10C87243B.d.FDF82E9A6AEE460DF3BB9EDFB973A6D1.e.628")&gt;</var>
<status status="PASS" start="2025-12-07T19:22:58.306389" elapsed="0.008794"/>
</iter>
<var>${link}</var>
<value>@{links}</value>
<status status="PASS" start="2025-12-07T19:22:58.274490" elapsed="0.040769"/>
</for>
<status status="PASS" start="2025-12-07T19:22:58.266190" elapsed="0.049213"/>
</kw>
<status status="PASS" start="2025-12-07T19:22:58.265949" elapsed="0.049597"/>
</kw>
<doc>Verify that each navigation link contains a non-empty href attribute. Links are checked twice!</doc>
<tag>navigation</tag>
<tag>Review</tag>
<status status="PASS" start="2025-12-07T19:22:57.921998" elapsed="0.393843"/>
</test>
<test id="s1-s1-t10" name="Navigation Links Are Keyboard-focusable" line="74">
<kw name="Given I am on the homepage" owner="Common">
<kw name="Go To" owner="SeleniumLibrary">
<msg time="2025-12-07T19:22:58.317322" level="INFO">Opening url 'https://jetruby.com/'</msg>
<arg>${HOMEPAGE_URL}</arg>
<doc>Navigates the current browser window to the provided ``url``.</doc>
<status status="PASS" start="2025-12-07T19:22:58.317154" elapsed="0.413006"/>
</kw>
<status status="PASS" start="2025-12-07T19:22:58.316821" elapsed="0.413507"/>
</kw>
<kw name="When I press Tab key repeatedly from page start" owner="HeaderKeywords">
<kw name="Simulate tab key navigation" owner="HeaderFunctions">
<kw name="Log" owner="BuiltIn">
<msg time="2025-12-07T19:22:58.731982" level="INFO">Simulating tab key navigation</msg>
<arg>Simulating tab key navigation</arg>
<doc>Logs the given message with the given level.</doc>
<status status="PASS" start="2025-12-07T19:22:58.731816" elapsed="0.000236"/>
</kw>
<status status="PASS" start="2025-12-07T19:22:58.731452" elapsed="0.000691"/>
</kw>
<status status="PASS" start="2025-12-07T19:22:58.730830" elapsed="0.001380"/>
</kw>
<kw name="Then I should be able to focus each navigation link in order" owner="HeaderKeywords">
<kw name="Verify navigation link focusability" owner="HeaderFunctions">
<kw name="Log" owner="BuiltIn">
<msg time="2025-12-07T19:22:58.733461" level="INFO">Verifying navigation link focusability</msg>
<arg>Verifying navigation link focusability</arg>
<doc>Logs the given message with the given level.</doc>
<status status="PASS" start="2025-12-07T19:22:58.733333" elapsed="0.000191"/>
</kw>
<status status="PASS" start="2025-12-07T19:22:58.733063" elapsed="0.000545"/>
</kw>
<status status="PASS" start="2025-12-07T19:22:58.732735" elapsed="0.000937"/>
</kw>
<tag>navigation</tag>
<status status="PASS" start="2025-12-07T19:22:58.316202" elapsed="0.417843"/>
</test>
<test id="s1-s1-t11" name="Contact Button Is Present In The Header" line="80">
<kw name="Given I am on the homepage" owner="Common">
<kw name="Go To" owner="SeleniumLibrary">
<msg time="2025-12-07T19:22:58.736494" level="INFO">Opening url 'https://jetruby.com/'</msg>
<arg>${HOMEPAGE_URL}</arg>
<doc>Navigates the current browser window to the provided ``url``.</doc>
<status status="PASS" start="2025-12-07T19:22:58.736296" elapsed="0.406616"/>
</kw>
<status status="PASS" start="2025-12-07T19:22:58.735663" elapsed="0.407385"/>
</kw>
<kw name="When the header is checked for contact button" owner="HeaderKeywords">
<kw name="Look for contact button in header" owner="HeaderFunctions">
<kw name="Page Should Contain Element" owner="SeleniumLibrary">
<msg time="2025-12-07T19:22:59.155427" level="INFO">Current page contains element 'css:.elementor-button'.</msg>
<arg>${CONTACT_BUTTON}</arg>
<doc>Verifies that element ``locator`` is found on the current page.</doc>
<status status="PASS" start="2025-12-07T19:22:59.144559" elapsed="0.010995"/>
</kw>
<status status="PASS" start="2025-12-07T19:22:59.144262" elapsed="0.011422"/>
</kw>
<status status="PASS" start="2025-12-07T19:22:59.143852" elapsed="0.011912"/>
</kw>
<kw name="Then the &quot;Contact&quot; button should be present" owner="HeaderKeywords">
<kw name="Check if contact button is present" owner="HeaderFunctions">
<kw name="Page Should Contain Element" owner="SeleniumLibrary">
<msg time="2025-12-07T19:22:59.194361" level="INFO">Current page contains element 'css:.elementor-button'.</msg>
<arg>${CONTACT_BUTTON}</arg>
<doc>Verifies that element ``locator`` is found on the current page.</doc>
<status status="PASS" start="2025-12-07T19:22:59.156760" elapsed="0.037828"/>
</kw>
<status status="PASS" start="2025-12-07T19:22:59.156483" elapsed="0.038311"/>
</kw>
<status status="PASS" start="2025-12-07T19:22:59.156147" elapsed="0.038726"/>
</kw>
<tag>contact-button</tag>
<status status="PASS" start="2025-12-07T19:22:58.734846" elapsed="0.460316"/>
</test>
<test id="s1-s1-t12" name="Contact Button Is Styled As A Call-to-action" line="86">
<kw name="Given I am on the homepage" owner="Common">
<kw name="Go To" owner="SeleniumLibrary">
<msg time="2025-12-07T19:22:59.197001" level="INFO">Opening url 'https://jetruby.com/'</msg>
<arg>${HOMEPAGE_URL}</arg>
<doc>Navigates the current browser window to the provided ``url``.</doc>
<status status="PASS" start="2025-12-07T19:22:59.196837" elapsed="0.322487"/>
</kw>
<status status="PASS" start="2025-12-07T19:22:59.196524" elapsed="0.323009"/>
</kw>
<kw name="When the contact button is examined" owner="HeaderKeywords">
<kw name="Inspect contact button properties" owner="HeaderFunctions">
<kw name="Log" owner="BuiltIn">
<msg time="2025-12-07T19:22:59.520799" level="INFO">Inspecting contact button properties</msg>
<arg>Inspecting contact button properties</arg>
<doc>Logs the given message with the given level.</doc>
<status status="PASS" start="2025-12-07T19:22:59.520672" elapsed="0.000179"/>
</kw>
<status status="PASS" start="2025-12-07T19:22:59.520420" elapsed="0.000492"/>
</kw>
<status status="PASS" start="2025-12-07T19:22:59.520129" elapsed="0.000827"/>
</kw>
<kw name="Then the &quot;Contact&quot; button should have a distinct visual style (e.g., background color)" owner="HeaderKeywords">
<kw name="Validate contact button styling" owner="HeaderFunctions">
<kw name="Log" owner="BuiltIn">
<msg time="2025-12-07T19:22:59.521745" level="INFO">Validating contact button styling</msg>
<arg>Validating contact button styling</arg>
<doc>Logs the given message with the given level.</doc>
<status status="PASS" start="2025-12-07T19:22:59.521674" elapsed="0.000105"/>
</kw>
<status status="PASS" start="2025-12-07T19:22:59.521542" elapsed="0.000282"/>
</kw>
<status status="PASS" start="2025-12-07T19:22:59.521332" elapsed="0.000520"/>
</kw>
<tag>contact-button</tag>
<status status="PASS" start="2025-12-07T19:22:59.195963" elapsed="0.326046"/>
</test>
<test id="s1-s1-t13" name="Contact Button Is Clickable" line="92">
[...]
</kw>
<kw name="Then navigation items should display correctly with accented characters" owner="HeaderKeywords">
<kw name="Verify accented character display" owner="HeaderFunctions">
<kw name="Log" owner="BuiltIn">
<msg time="2025-12-07T19:23:08.302604" level="INFO">Verifying accented character display</msg>
<arg>Verifying accented character display</arg>
<doc>Logs the given message with the given level.</doc>
<status status="PASS" start="2025-12-07T19:23:08.302465" elapsed="0.000210"/>
</kw>
<status status="PASS" start="2025-12-07T19:23:08.302178" elapsed="0.000679"/>
</kw>
<status status="PASS" start="2025-12-07T19:23:08.301791" elapsed="0.001156"/>
</kw>
<tag>internationalization</tag>
<status status="FAIL" start="2025-12-07T19:23:07.545976" elapsed="0.757352">Several failures occurred:

1) The element '&lt;selenium.webdriver.remote.webelement.WebElement (session="8067234030cc757c0692ad618f811707", element="f.504B2661C12B4387B0F507D10C87243B.d.BA1DBE440AFB083B068B31EB9C1D3CA7.e.1347")&gt;' should be visible, but it is not.

2) The element '&lt;selenium.webdriver.remote.webelement.WebElement (session="8067234030cc757c0692ad618f811707", element="f.504B2661C12B4387B0F507D10C87243B.d.BA1DBE440AFB083B068B31EB9C1D3CA7.e.1348")&gt;' should be visible, but it is not.

3) The element '&lt;selenium.webdriver.remote.webelement.WebElement (session="8067234030cc757c0692ad618f811707", element="f.504B2661C12B4387B0F507D10C87243B.d.BA1DBE440AFB083B068B31EB9C1D3CA7.e.1349")&gt;' should be visible, but it is not.

4) The element '&lt;selenium.webdriver.remote.webelement.WebElement (session="8067234030cc757c0692ad618f811707", element="f.504B2661C12B4387B0F507D10C87243B.d.BA1DBE440AFB083B068B31EB9C1D3CA7.e.1350")&gt;' should be visible, but it is not.

5) The element '&lt;selenium.webdriver.remote.webelement.WebElement (session="8067234030cc757c0692ad618f811707", element="f.504B2661C12B4387B0F507D10C87243B.d.BA1DBE440AFB083B068B31EB9C1D3CA7.e.1351")&gt;' should be visible, but it is not.

6) The element '&lt;selenium.webdriver.remote.webelement.WebElement (session="8067234030cc757c0692ad618f811707", element="f.504B2661C12B4387B0F507D10C87243B.d.BA1DBE440AFB083B068B31EB9C1D3CA7.e.1352")&gt;' should be visible, but it is not.

7) The element '&lt;selenium.webdriver.remote.webelement.WebElement (session="8067234030cc757c0692ad618f811707", element="f.504B2661C12B4387B0F507D10C87243B.d.BA1DBE440AFB083B068B31EB9C1D3CA7.e.1353")&gt;' should be visible, but it is not.

8) The element '&lt;selenium.webdriver.remote.webelement.WebElement (session="8067234030cc757c0692ad618f811707", element="f.504B2661C12B4387B0F507D10C87243B.d.BA1DBE440AFB083B068B31EB9C1D3CA7.e.1354")&gt;' should be visible, but it is not.</status>
</test>
<test id="s1-s1-t27" name="Navigation Links Show Visual Feedback On Hover" line="177">
<kw name="Given the viewport is set to desktop-sized" owner="Common">
<kw name="Set Window Size" owner="SeleniumLibrary">
<arg>${DESKTOP_WIDTH}</arg>
<arg>800</arg>
<doc>Sets current windows size to given ``width`` and ``height``.</doc>
<status status="PASS" start="2025-12-07T19:23:08.305829" elapsed="0.078290"/>
</kw>
<status status="PASS" start="2025-12-07T19:23:08.305342" elapsed="0.078936"/>
</kw>
<kw name="When I hover over the &quot;Portfolio&quot; link" owner="HeaderKeywords">
<kw name="Hover over portfolio link" owner="HeaderFunctions">
<kw name="Log" owner="BuiltIn">
<msg time="2025-12-07T19:23:08.385719" level="INFO">Hovering over portfolio link</msg>
<arg>Hovering over portfolio link</arg>
<doc>Logs the given message with the given level.</doc>
<status status="PASS" start="2025-12-07T19:23:08.385562" elapsed="0.000223"/>
</kw>
<status status="PASS" start="2025-12-07T19:23:08.385275" elapsed="0.000630"/>
</kw>
<status status="PASS" start="2025-12-07T19:23:08.384874" elapsed="0.001086"/>
</kw>
<kw name="Then it should display a hover effect (e.g., color change, underline)" owner="HeaderKeywords">
<kw name="Verify hover effect" owner="HeaderFunctions">
<kw name="Log" owner="BuiltIn">
<msg time="2025-12-07T19:23:08.387066" level="INFO">Verifying hover effect</msg>
<arg>Verifying hover effect</arg>
<doc>Logs the given message with the given level.</doc>
<status status="PASS" start="2025-12-07T19:23:08.386946" elapsed="0.000177"/>
</kw>
<status status="PASS" start="2025-12-07T19:23:08.386701" elapsed="0.000502"/>
</kw>
<status status="PASS" start="2025-12-07T19:23:08.386355" elapsed="0.000894"/>
</kw>
<tag>hover-states</tag>
<status status="PASS" start="2025-12-07T19:23:08.304545" elapsed="0.083375"/>
</test>
<test id="s1-s1-t28" name="All Interactive Elements Show Visible Focus Indicator" line="183">
<kw name="Given I am on the homepage" owner="Common">
<kw name="Go To" owner="SeleniumLibrary">
<msg time="2025-12-07T19:23:08.390025" level="INFO">Opening url 'https://jetruby.com/'</msg>
<arg>${HOMEPAGE_URL}</arg>
<doc>Navigates the current browser window to the provided ``url``.</doc>
<status status="PASS" start="2025-12-07T19:23:08.389830" elapsed="0.373556"/>
</kw>
<status status="PASS" start="2025-12-07T19:23:08.389465" elapsed="0.374065"/>
</kw>
<kw name="When I tab to the &quot;Contact&quot; button" owner="HeaderKeywords">
<kw name="Tab to contact button" owner="HeaderFunctions">
<kw name="Log" owner="BuiltIn">
<msg time="2025-12-07T19:23:08.764503" level="INFO">Tabbing to contact button</msg>
<arg>Tabbing to contact button</arg>
<doc>Logs the given message with the given level.</doc>
<status status="PASS" start="2025-12-07T19:23:08.764418" elapsed="0.000124"/>
</kw>
<status status="PASS" start="2025-12-07T19:23:08.764237" elapsed="0.000359"/>
</kw>
<status status="PASS" start="2025-12-07T19:23:08.763918" elapsed="0.000722"/>
</kw>
<kw name="Then it should display a clear focus ring or outline" owner="HeaderKeywords">
<kw name="Verify focus indicator" owner="HeaderFunctions">
<kw name="Log" owner="BuiltIn">
<msg time="2025-12-07T19:23:08.765326" level="INFO">Verifying focus indicator</msg>
<arg>Verifying focus indicator</arg>
<doc>Logs the given message with the given level.</doc>
<status status="PASS" start="2025-12-07T19:23:08.765239" elapsed="0.000133"/>
</kw>
<status status="PASS" start="2025-12-07T19:23:08.765047" elapsed="0.000381"/>
</kw>
<status status="PASS" start="2025-12-07T19:23:08.764847" elapsed="0.000621"/>
</kw>
<tag>focus-states</tag>
<status status="PASS" start="2025-12-07T19:23:08.388822" elapsed="0.376856"/>
</test>
<test id="s1-s1-t29" name="Header Remains Fixed Or Behaves As Designed On Scroll" line="189">
<kw name="Given I am on the homepage" owner="Common">
<kw name="Go To" owner="SeleniumLibrary">
<msg time="2025-12-07T19:23:08.767053" level="INFO">Opening url 'https://jetruby.com/'</msg>
<arg>${HOMEPAGE_URL}</arg>
<doc>Navigates the current browser window to the provided ``url``.</doc>
<status status="PASS" start="2025-12-07T19:23:08.766900" elapsed="0.365094"/>
</kw>
<status status="PASS" start="2025-12-07T19:23:08.766648" elapsed="0.365476"/>
</kw>
<kw name="When I scroll down 200 pixels" owner="HeaderKeywords">
<kw name="Scroll page vertically" owner="HeaderFunctions">
<kw name="Execute Javascript" owner="SeleniumLibrary">
<msg time="2025-12-07T19:23:09.133636" level="INFO">Executing JavaScript:
window.scrollBy(0, 200)
Without any arguments.</msg>
<arg>window.scrollBy(0, ${pixels})</arg>
<doc>Executes the given JavaScript code with possible arguments.</doc>
<status status="PASS" start="2025-12-07T19:23:09.133197" elapsed="0.006380"/>
</kw>
<arg>200</arg>
<status status="PASS" start="2025-12-07T19:23:09.132933" elapsed="0.006765"/>
</kw>
<status status="PASS" start="2025-12-07T19:23:09.132582" elapsed="0.007158"/>
</kw>
<kw name="Then the header should maintain its expected scroll behavior (fixed/sticky/collapsible)" owner="HeaderKeywords">
<kw name="Verify header scroll behavior" owner="HeaderFunctions">
<kw name="Log" owner="BuiltIn">
<msg time="2025-12-07T19:23:09.140795" level="INFO">Verifying header scroll behavior</msg>
<arg>Verifying header scroll behavior</arg>
<doc>Logs the given message with the given level.</doc>
<status status="PASS" start="2025-12-07T19:23:09.140675" elapsed="0.000170"/>
</kw>
<status status="PASS" start="2025-12-07T19:23:09.140403" elapsed="0.000539"/>
</kw>
<status status="PASS" start="2025-12-07T19:23:09.140075" elapsed="0.000919"/>
</kw>
<tag>scrolling</tag>
<status status="PASS" start="2025-12-07T19:23:08.766169" elapsed="0.375045"/>
</test>
<test id="s1-s1-t30" name="Header Renders Correctly Even If One Asset Fails To Load" line="195">
<kw name="Given the logo image fails to load" owner="HeaderKeywords">
<kw name="Simulate logo image failure" owner="HeaderFunctions">
<kw name="Log" owner="BuiltIn">
<msg time="2025-12-07T19:23:09.143009" level="INFO">Simulating logo image failure</msg>
<arg>Simulating logo image failure</arg>
<doc>Logs the given message with the given level.</doc>
<status status="PASS" start="2025-12-07T19:23:09.142896" elapsed="0.000172"/>
</kw>
<status status="PASS" start="2025-12-07T19:23:09.142684" elapsed="0.000468"/>
</kw>
<status status="PASS" start="2025-12-07T19:23:09.142397" elapsed="0.000878"/>
</kw>
<kw name="When the header is rendered" owner="HeaderKeywords">
<kw name="Wait for header to render" owner="HeaderFunctions">
<kw name="Wait Until Page Contains Element" owner="SeleniumLibrary">
<arg>${HEADER_ELEMENT}</arg>
<doc>Waits until the element ``locator`` appears on the current page.</doc>
<status status="PASS" start="2025-12-07T19:23:09.144929" elapsed="0.008548"/>
</kw>
<status status="PASS" start="2025-12-07T19:23:09.144111" elapsed="0.009494"/>
</kw>
<status status="PASS" start="2025-12-07T19:23:09.143710" elapsed="0.009958"/>
</kw>
<kw name="Then the header layout should not break" owner="HeaderKeywords">
<kw name="Verify header layout integrity" owner="HeaderFunctions">
<kw name="Log" owner="BuiltIn">
<msg time="2025-12-07T19:23:09.154659" level="INFO">Verifying header layout integrity</msg>
<arg>Verifying header layout integrity</arg>
<doc>Logs the given message with the given level.</doc>
<status status="PASS" start="2025-12-07T19:23:09.154554" elapsed="0.000154"/>
</kw>
<status status="PASS" start="2025-12-07T19:23:09.154340" elapsed="0.000432"/>
</kw>
<status status="PASS" start="2025-12-07T19:23:09.154046" elapsed="0.000770"/>
</kw>
<tag>error-resilience</tag>
<status status="PASS" start="2025-12-07T19:23:09.141874" elapsed="0.013114"/>
</test>
<test id="s1-s1-t31" name="Entire Header Is Navigable Via Keyboard Only" line="201">
<kw name="Given I am on the homepage" owner="Common">
<kw name="Go To" owner="SeleniumLibrary">
<msg time="2025-12-07T19:23:09.156094" level="INFO">Opening url 'https://jetruby.com/'</msg>
<arg>${HOMEPAGE_URL}</arg>
<doc>Navigates the current browser window to the provided ``url``.</doc>
<status status="PASS" start="2025-12-07T19:23:09.155954" elapsed="0.380923"/>
</kw>
<status status="PASS" start="2025-12-07T19:23:09.155725" elapsed="0.381280"/>
</kw>
<kw name="When I use only Tab and Enter keys" owner="HeaderKeywords">
<kw name="Navigate with keyboard only" owner="HeaderFunctions">
<kw name="Log" owner="BuiltIn">
<msg time="2025-12-07T19:23:09.538132" level="INFO">Navigating with keyboard only</msg>
<arg>Navigating with keyboard only</arg>
<doc>Logs the given message with the given level.</doc>
<status status="PASS" start="2025-12-07T19:23:09.538020" elapsed="0.000161"/>
</kw>
<status status="PASS" start="2025-12-07T19:23:09.537788" elapsed="0.000468"/>
</kw>
<status status="PASS" start="2025-12-07T19:23:09.537479" elapsed="0.000823"/>
</kw>
<kw name="Then I should be able to access all interactive header elements" owner="HeaderKeywords">
<kw name="Verify keyboard accessibility" owner="HeaderFunctions">
<kw name="Log" owner="BuiltIn">
<msg time="2025-12-07T19:23:09.539122" level="INFO">Verifying keyboard accessibility</msg>
<arg>Verifying keyboard accessibility</arg>
<doc>Logs the given message with the given level.</doc>
<status status="PASS" start="2025-12-07T19:23:09.538954" elapsed="0.000268"/>
</kw>
<status status="PASS" start="2025-12-07T19:23:09.538758" elapsed="0.000534"/>
</kw>
<status status="PASS" start="2025-12-07T19:23:09.538518" elapsed="0.000815"/>
</kw>
<tag>keyboard-navigation</tag>
<status status="PASS" start="2025-12-07T19:23:09.155353" elapsed="0.384258"/>
</test>
<test id="s1-s1-t32" name="Header Appears Appropriately In Print Preview" line="207">
<kw name="Given I am on the homepage" owner="Common">
<kw name="Go To" owner="SeleniumLibrary">
<msg time="2025-12-07T19:23:09.541320" level="INFO">Opening url 'https://jetruby.com/'</msg>
<arg>${HOMEPAGE_URL}</arg>
<doc>Navigates the current browser window to the provided ``url``.</doc>
<status status="PASS" start="2025-12-07T19:23:09.541167" elapsed="0.349192"/>
</kw>
<status status="PASS" start="2025-12-07T19:23:09.540879" elapsed="0.349685"/>
</kw>
<kw name="When I open print preview" owner="HeaderKeywords">
<kw name="Open print preview dialog" owner="HeaderFunctions">
<kw name="Log" owner="BuiltIn">
<msg time="2025-12-07T19:23:09.891410" level="INFO">Opening print preview dialog</msg>
<arg>Opening print preview dialog</arg>
<doc>Logs the given message with the given level.</doc>
<status status="PASS" start="2025-12-07T19:23:09.891332" elapsed="0.000115"/>
</kw>
<status status="PASS" start="2025-12-07T19:23:09.891179" elapsed="0.000311"/>
</kw>
<status status="PASS" start="2025-12-07T19:23:09.890956" elapsed="0.000564"/>
</kw>
<kw name="Then the header should be visible and legible" owner="HeaderKeywords">
<kw name="Verify print preview header" owner="HeaderFunctions">
<kw name="Log" owner="BuiltIn">
<msg time="2025-12-07T19:23:09.892864" level="INFO">Verifying print preview header</msg>
<arg>Verifying print preview header</arg>
<doc>Logs the given message with the given level.</doc>
<status status="PASS" start="2025-12-07T19:23:09.892669" elapsed="0.000305"/>
</kw>
<status status="PASS" start="2025-12-07T19:23:09.892318" elapsed="0.000781"/>
</kw>
<status status="PASS" start="2025-12-07T19:23:09.891896" elapsed="0.001364"/>
</kw>
<tag>print</tag>
<status status="PASS" start="2025-12-07T19:23:09.540333" elapsed="0.353270"/>
</test>
<test id="s1-s1-t33" name="Header Adapts To System Dark Mode" line="213">
<kw name="Given the OS is set to dark mode" owner="Common">
<kw name="No Operation" owner="BuiltIn">
<doc>Does absolutely nothing.</doc>
<status status="PASS" start="2025-12-07T19:23:09.895227" elapsed="0.000207"/>
</kw>
<status status="PASS" start="2025-12-07T19:23:09.894836" elapsed="0.000703"/>
</kw>
<kw name="When the page is loaded" owner="HeaderKeywords">
<kw name="Wait for page to load completely" owner="HeaderFunctions">
<kw name="Wait Until Page Contains Element" owner="SeleniumLibrary">
<arg>${HEADER_ELEMENT}</arg>
<doc>Waits until the element ``locator`` appears on the current page.</doc>
<status status="PASS" start="2025-12-07T19:23:09.896621" elapsed="0.009712"/>
</kw>
<status status="PASS" start="2025-12-07T19:23:09.896252" elapsed="0.010185"/>
</kw>
<status status="PASS" start="2025-12-07T19:23:09.895843" elapsed="0.010640"/>
</kw>
<kw name="Then the header should use appropriate dark-mode colors" owner="HeaderKeywords">
<kw name="Verify dark mode styling" owner="HeaderFunctions">
<kw name="Log" owner="BuiltIn">
<msg time="2025-12-07T19:23:09.907725" level="INFO">Verifying dark mode styling</msg>
<arg>Verifying dark mode styling</arg>
<doc>Logs the given message with the given level.</doc>
<status status="PASS" start="2025-12-07T19:23:09.907535" elapsed="0.000270"/>
</kw>
<status status="PASS" start="2025-12-07T19:23:09.907139" elapsed="0.000772"/>
</kw>
<status status="PASS" start="2025-12-07T19:23:09.906759" elapsed="0.001210"/>
</kw>
<tag>dark-mode</tag>
<status status="PASS" start="2025-12-07T19:23:09.894152" elapsed="0.014216"/>
</test>
<test id="s1-s1-t34" name="Clicks On Header Links Trigger Expected Tracking Events" line="219">
<kw name="Given I am on the homepage" owner="Common">
<kw name="Go To" owner="SeleniumLibrary">
<msg time="2025-12-07T19:23:09.909952" level="INFO">Opening url 'https://jetruby.com/'</msg>
<arg>${HOMEPAGE_URL}</arg>
<doc>Navigates the current browser window to the provided ``url``.</doc>
<status status="PASS" start="2025-12-07T19:23:09.909824" elapsed="0.384577"/>
</kw>
<status status="PASS" start="2025-12-07T19:23:09.909562" elapsed="0.384929"/>
</kw>
<kw name="When I click the &quot;Blog&quot; link" owner="HeaderKeywords">
<kw name="Click on blog link" owner="HeaderFunctions">
<kw name="Log" owner="BuiltIn">
<msg time="2025-12-07T19:23:10.295334" level="INFO">Clicking on blog link</msg>
<arg>Clicking on blog link</arg>
<doc>Logs the given message with the given level.</doc>
<status status="PASS" start="2025-12-07T19:23:10.295256" elapsed="0.000114"/>
</kw>
<status status="PASS" start="2025-12-07T19:23:10.295111" elapsed="0.000303"/>
</kw>
<status status="PASS" start="2025-12-07T19:23:10.294904" elapsed="0.000541"/>
</kw>
<kw name="Then a tracking event should be sent (e.g., via dataLayer or analytics API)" owner="HeaderKeywords">
<kw name="Verify analytics event triggered" owner="HeaderFunctions">
<kw name="Log" owner="BuiltIn">
<msg time="2025-12-07T19:23:10.297654" level="INFO">Verifying analytics event triggered</msg>
<arg>Verifying analytics event triggered</arg>
<doc>Logs the given message with the given level.</doc>
<status status="PASS" start="2025-12-07T19:23:10.297088" elapsed="0.000652"/>
</kw>
<status status="PASS" start="2025-12-07T19:23:10.296485" elapsed="0.001420"/>
</kw>
<status status="PASS" start="2025-12-07T19:23:10.295931" elapsed="0.002030"/>
</kw>
<tag>analytics</tag>
<status status="PASS" start="2025-12-07T19:23:09.909031" elapsed="0.389322"/>
</test>
<kw name="Close All Browsers" owner="SeleniumLibrary" type="TEARDOWN">
<doc>Closes all open browsers and resets the browser cache.</doc>
<status status="PASS" start="2025-12-07T19:23:10.299647" elapsed="2.277761"/>
</kw>
<doc>Feature: Website Header Validation
Tests for validating website header components and behaviors</doc>
<status status="FAIL" start="2025-12-07T19:22:48.898106" elapsed="23.679499"/>
</suite>
<status status="FAIL" start="2025-12-07T19:22:48.876437" elapsed="23.703667"/>
</suite>
<statistics>
<total>
<stat pass="32" fail="2" skip="0">All Tests</stat>
</total>
<tag>
<stat pass="2" fail="0" skip="0">accessibility</stat>
<stat pass="1" fail="0" skip="0">analytics</stat>
<stat pass="4" fail="0" skip="0">contact-button</stat>
<stat pass="1" fail="0" skip="0">dark-mode</stat>
<stat pass="1" fail="0" skip="0">error-resilience</stat>
<stat pass="1" fail="0" skip="0">focus-states</stat>
<stat pass="1" fail="0" skip="0">hover-states</stat>
<stat pass="0" fail="1" skip="0">internationalization</stat>
<stat pass="1" fail="0" skip="0">keyboard-navigation</stat>
<stat pass="2" fail="1" skip="0">logo</stat>
<stat pass="6" fail="0" skip="0">mobile</stat>
<stat pass="4" fail="0" skip="0">navigation</stat>
<stat pass="1" fail="0" skip="0">performance</stat>
<stat pass="1" fail="0" skip="0">print</stat>
<stat pass="1" fail="0" skip="0">Review</stat>
<stat pass="1" fail="0" skip="0">scrolling</stat>
<stat pass="1" fail="0" skip="0">security</stat>
<stat pass="1" fail="0" skip="0">seo</stat>
<stat pass="2" fail="0" skip="0">visibility</stat>
<stat pass="1" fail="0" skip="0">visual</stat>
</tag>
<suite>
<stat name="Tests" id="s1" pass="32" fail="2" skip="0">Tests</stat>
<stat name="Header" id="s1-s1" pass="32" fail="2" skip="0">Tests.Header</stat>
</suite>
</statistics>
<errors>
<msg time="2025-12-07T19:23:00.316249" level="WARN">Keyword 'BuiltIn.Run Keyword Unless' is deprecated. </msg>
<msg time="2025-12-07T19:23:05.730098" level="WARN">Keyword 'BuiltIn.Run Keyword Unless' is deprecated. </msg>
<msg time="2025-12-07T19:23:06.114988" level="WARN">Keyword 'BuiltIn.Run Keyword Unless' is deprecated. </msg>
</errors>
</robot>
